{"numFailedTestSuites":0,"numFailedTests":0,"numPassedTestSuites":148,"numPassedTests":488,"numPendingTestSuites":0,"numPendingTests":0,"numRuntimeErrorTestSuites":0,"numTodoTests":0,"numTotalTestSuites":148,"numTotalTests":488,"openHandles":[],"snapshot":{"added":0,"didUpdate":false,"failure":false,"filesAdded":0,"filesRemoved":0,"filesRemovedList":[],"filesUnmatched":0,"filesUpdated":0,"matched":0,"total":0,"unchecked":0,"uncheckedKeysByFile":[],"unmatched":0,"updated":0},"startTime":1756631140828,"success":false,"testResults":[{"assertionResults":[{"ancestorTitles":["apps/web/server/vector/embeddings - HuggingFace path"],"duration":192,"failureDetails":[],"failureMessages":[],"fullName":"apps/web/server/vector/embeddings - HuggingFace path embedTexts delegates to HF pipeline and returns tolist vectors","invocations":1,"location":null,"numPassingAsserts":2,"retryReasons":[],"status":"passed","title":"embedTexts delegates to HF pipeline and returns tolist vectors"}],"endTime":1756631141971,"message":"","name":"/home/alaeddine/Documents/nexus-project_v0/__tests__/lib/embeddings.hf.path.test.ts","startTime":1756631141181,"status":"passed","summary":""},{"assertionResults":[{"ancestorTitles":["Admin Activities - filters and pagination branches"],"duration":19,"failureDetails":[],"failureMessages":[],"fullName":"Admin Activities - filters and pagination branches type=session filter","invocations":1,"location":null,"numPassingAsserts":2,"retryReasons":[],"status":"passed","title":"type=session filter"},{"ancestorTitles":["Admin Activities - filters and pagination branches"],"duration":16,"failureDetails":[],"failureMessages":[],"fullName":"Admin Activities - filters and pagination branches type=subscription filter","invocations":1,"location":null,"numPassingAsserts":2,"retryReasons":[],"status":"passed","title":"type=subscription filter"},{"ancestorTitles":["Admin Activities - filters and pagination branches"],"duration":2,"failureDetails":[],"failureMessages":[],"fullName":"Admin Activities - filters and pagination branches type=credit filter","invocations":1,"location":null,"numPassingAsserts":2,"retryReasons":[],"status":"passed","title":"type=credit filter"},{"ancestorTitles":["Admin Activities - filters and pagination branches"],"duration":2,"failureDetails":[],"failureMessages":[],"fullName":"Admin Activities - filters and pagination branches search by coachName, description and subject","invocations":1,"location":null,"numPassingAsserts":3,"retryReasons":[],"status":"passed","title":"search by coachName, description and subject"},{"ancestorTitles":["Admin Activities - filters and pagination branches"],"duration":2,"failureDetails":[],"failureMessages":[],"fullName":"Admin Activities - filters and pagination branches pagination branches (page 2 shorter)","invocations":1,"location":null,"numPassingAsserts":2,"retryReasons":[],"status":"passed","title":"pagination branches (page 2 shorter)"},{"ancestorTitles":["Admin Activities - filters and pagination branches"],"duration":2,"failureDetails":[],"failureMessages":[],"fullName":"Admin Activities - filters and pagination branches action branches: COMPLETED, SCHEDULED, CANCELLED, and default else","invocations":1,"location":null,"numPassingAsserts":4,"retryReasons":[],"status":"passed","title":"action branches: COMPLETED, SCHEDULED, CANCELLED, and default else"},{"ancestorTitles":["Admin Activities - filters and pagination branches"],"duration":1,"failureDetails":[],"failureMessages":[],"fullName":"Admin Activities - filters and pagination branches search negative yields 0 results","invocations":1,"location":null,"numPassingAsserts":1,"retryReasons":[],"status":"passed","title":"search negative yields 0 results"},{"ancestorTitles":["Admin Activities - filters and pagination branches"],"duration":2,"failureDetails":[],"failureMessages":[],"fullName":"Admin Activities - filters and pagination branches pagination page out of range returns empty list","invocations":1,"location":null,"numPassingAsserts":2,"retryReasons":[],"status":"passed","title":"pagination page out of range returns empty list"},{"ancestorTitles":["Admin Activities - filters and pagination branches"],"duration":2,"failureDetails":[],"failureMessages":[],"fullName":"Admin Activities - filters and pagination branches handles missing nested fields (Unknown names) and allows searching fallback labels","invocations":1,"location":null,"numPassingAsserts":2,"retryReasons":[],"status":"passed","title":"handles missing nested fields (Unknown names) and allows searching fallback labels"},{"ancestorTitles":["Admin Activities - filters and pagination branches"],"duration":2,"failureDetails":[],"failureMessages":[],"fullName":"Admin Activities - filters and pagination branches search across subscriptions and credits (subject/description lowercased)","invocations":1,"location":null,"numPassingAsserts":2,"retryReasons":[],"status":"passed","title":"search across subscriptions and credits (subject/description lowercased)"},{"ancestorTitles":["Admin Activities - filters and pagination branches"],"duration":1,"failureDetails":[],"failureMessages":[],"fullName":"Admin Activities - filters and pagination branches pagination with limit=1 produces multiple pages and correct slicing","invocations":1,"location":null,"numPassingAsserts":3,"retryReasons":[],"status":"passed","title":"pagination with limit=1 produces multiple pages and correct slicing"}],"endTime":1756631142242,"message":"","name":"/home/alaeddine/Documents/nexus-project_v0/__tests__/api/admin/activities.pagination.and.filters.test.ts","startTime":1756631141565,"status":"passed","summary":""},{"assertionResults":[{"ancestorTitles":["Credits System","calculateCreditCost"],"duration":9,"failureDetails":[],"failureMessages":[],"fullName":"Credits System calculateCreditCost should return 1 for a COURS_ONLINE","invocations":1,"location":null,"numPassingAsserts":1,"retryReasons":[],"status":"passed","title":"should return 1 for a COURS_ONLINE"},{"ancestorTitles":["Credits System","calculateCreditCost"],"duration":1,"failureDetails":[],"failureMessages":[],"fullName":"Credits System calculateCreditCost should return 1.25 for a presential course","invocations":1,"location":null,"numPassingAsserts":1,"retryReasons":[],"status":"passed","title":"should return 1.25 for a presential course"},{"ancestorTitles":["Credits System","calculateCreditCost"],"duration":1,"failureDetails":[],"failureMessages":[],"fullName":"Credits System calculateCreditCost should return 1.5 for a group workshop","invocations":1,"location":null,"numPassingAsserts":1,"retryReasons":[],"status":"passed","title":"should return 1.5 for a group workshop"},{"ancestorTitles":["Credits System","calculateCreditCost"],"duration":9,"failureDetails":[],"failureMessages":[],"fullName":"Credits System calculateCreditCost should return 1 for an unknown service type","invocations":1,"location":null,"numPassingAsserts":1,"retryReasons":[],"status":"passed","title":"should return 1 for an unknown service type"},{"ancestorTitles":["Credits System","checkCreditBalance"],"duration":4,"failureDetails":[],"failureMessages":[],"fullName":"Credits System checkCreditBalance should return true when student has enough credits","invocations":1,"location":null,"numPassingAsserts":2,"retryReasons":[],"status":"passed","title":"should return true when student has enough credits"},{"ancestorTitles":["Credits System","checkCreditBalance"],"duration":1,"failureDetails":[],"failureMessages":[],"fullName":"Credits System checkCreditBalance should return false when student has insufficient credits","invocations":1,"location":null,"numPassingAsserts":1,"retryReasons":[],"status":"passed","title":"should return false when student has insufficient credits"},{"ancestorTitles":["Credits System","checkCreditBalance"],"duration":1,"failureDetails":[],"failureMessages":[],"fullName":"Credits System checkCreditBalance should exclude expired credits from calculation","invocations":1,"location":null,"numPassingAsserts":1,"retryReasons":[],"status":"passed","title":"should exclude expired credits from calculation"},{"ancestorTitles":["Credits System","debitCredits"],"duration":1,"failureDetails":[],"failureMessages":[],"fullName":"Credits System debitCredits should create a debit transaction with negative amount","invocations":1,"location":null,"numPassingAsserts":2,"retryReasons":[],"status":"passed","title":"should create a debit transaction with negative amount"},{"ancestorTitles":["Credits System","refundCredits"],"duration":1,"failureDetails":[],"failureMessages":[],"fullName":"Credits System refundCredits should create a refund transaction with positive amount","invocations":1,"location":null,"numPassingAsserts":2,"retryReasons":[],"status":"passed","title":"should create a refund transaction with positive amount"},{"ancestorTitles":["Booking Cancellation Logic","canCancelBooking"],"duration":0,"failureDetails":[],"failureMessages":[],"fullName":"Booking Cancellation Logic canCancelBooking should return true if cancellation is 25 hours before a particular course","invocations":1,"location":null,"numPassingAsserts":1,"retryReasons":[],"status":"passed","title":"should return true if cancellation is 25 hours before a particular course"},{"ancestorTitles":["Booking Cancellation Logic","canCancelBooking"],"duration":1,"failureDetails":[],"failureMessages":[],"fullName":"Booking Cancellation Logic canCancelBooking should return false if cancellation is 23 hours before a particular course","invocations":1,"location":null,"numPassingAsserts":1,"retryReasons":[],"status":"passed","title":"should return false if cancellation is 23 hours before a particular course"},{"ancestorTitles":["Booking Cancellation Logic","canCancelBooking"],"duration":0,"failureDetails":[],"failureMessages":[],"fullName":"Booking Cancellation Logic canCancelBooking should return true if cancellation is 49 hours before a group workshop","invocations":1,"location":null,"numPassingAsserts":1,"retryReasons":[],"status":"passed","title":"should return true if cancellation is 49 hours before a group workshop"},{"ancestorTitles":["Booking Cancellation Logic","canCancelBooking"],"duration":1,"failureDetails":[],"failureMessages":[],"fullName":"Booking Cancellation Logic canCancelBooking should return false if cancellation is 47 hours before a group workshop","invocations":1,"location":null,"numPassingAsserts":1,"retryReasons":[],"status":"passed","title":"should return false if cancellation is 47 hours before a group workshop"}],"endTime":1756631142257,"message":"","name":"/home/alaeddine/Documents/nexus-project_v0/__tests__/lib/credits.test.ts","startTime":1756631141583,"status":"passed","summary":""},{"assertionResults":[{"ancestorTitles":["Validation Schemas","bilanGratuitSchema"],"duration":11,"failureDetails":[],"failureMessages":[],"fullName":"Validation Schemas bilanGratuitSchema should pass validation with valid data","invocations":1,"location":null,"numPassingAsserts":1,"retryReasons":[],"status":"passed","title":"should pass validation with valid data"},{"ancestorTitles":["Validation Schemas","bilanGratuitSchema"],"duration":4,"failureDetails":[],"failureMessages":[],"fullName":"Validation Schemas bilanGratuitSchema should fail validation with invalid parent email","invocations":1,"location":null,"numPassingAsserts":2,"retryReasons":[],"status":"passed","title":"should fail validation with invalid parent email"},{"ancestorTitles":["Validation Schemas","bilanGratuitSchema"],"duration":1,"failureDetails":[],"failureMessages":[],"fullName":"Validation Schemas bilanGratuitSchema should fail validation if password is less than 8 characters","invocations":1,"location":null,"numPassingAsserts":2,"retryReasons":[],"status":"passed","title":"should fail validation if password is less than 8 characters"},{"ancestorTitles":["Validation Schemas","bilanGratuitSchema"],"duration":1,"failureDetails":[],"failureMessages":[],"fullName":"Validation Schemas bilanGratuitSchema should fail validation with short parent firstName","invocations":1,"location":null,"numPassingAsserts":2,"retryReasons":[],"status":"passed","title":"should fail validation with short parent firstName"},{"ancestorTitles":["Validation Schemas","bilanGratuitSchema"],"duration":1,"failureDetails":[],"failureMessages":[],"fullName":"Validation Schemas bilanGratuitSchema should fail validation with invalid phone number","invocations":1,"location":null,"numPassingAsserts":2,"retryReasons":[],"status":"passed","title":"should fail validation with invalid phone number"},{"ancestorTitles":["Validation Schemas","bilanGratuitSchema"],"duration":2,"failureDetails":[],"failureMessages":[],"fullName":"Validation Schemas bilanGratuitSchema should fail validation with empty subjects array","invocations":1,"location":null,"numPassingAsserts":2,"retryReasons":[],"status":"passed","title":"should fail validation with empty subjects array"},{"ancestorTitles":["Validation Schemas","bilanGratuitSchema"],"duration":1,"failureDetails":[],"failureMessages":[],"fullName":"Validation Schemas bilanGratuitSchema should fail validation with short objectives","invocations":1,"location":null,"numPassingAsserts":2,"retryReasons":[],"status":"passed","title":"should fail validation with short objectives"},{"ancestorTitles":["Validation Schemas","bilanGratuitSchema"],"duration":1,"failureDetails":[],"failureMessages":[],"fullName":"Validation Schemas bilanGratuitSchema should fail validation if terms are not accepted","invocations":1,"location":null,"numPassingAsserts":2,"retryReasons":[],"status":"passed","title":"should fail validation if terms are not accepted"},{"ancestorTitles":["Validation Schemas","signinSchema"],"duration":1,"failureDetails":[],"failureMessages":[],"fullName":"Validation Schemas signinSchema should pass validation with a valid email and password","invocations":1,"location":null,"numPassingAsserts":1,"retryReasons":[],"status":"passed","title":"should pass validation with a valid email and password"},{"ancestorTitles":["Validation Schemas","signinSchema"],"duration":1,"failureDetails":[],"failureMessages":[],"fullName":"Validation Schemas signinSchema should fail validation with invalid email","invocations":1,"location":null,"numPassingAsserts":2,"retryReasons":[],"status":"passed","title":"should fail validation with invalid email"},{"ancestorTitles":["Validation Schemas","signinSchema"],"duration":1,"failureDetails":[],"failureMessages":[],"fullName":"Validation Schemas signinSchema should fail validation with empty password","invocations":1,"location":null,"numPassingAsserts":2,"retryReasons":[],"status":"passed","title":"should fail validation with empty password"},{"ancestorTitles":["Validation Schemas","sessionBookingSchema"],"duration":2,"failureDetails":[],"failureMessages":[],"fullName":"Validation Schemas sessionBookingSchema should pass validation with valid session data","invocations":1,"location":null,"numPassingAsserts":1,"retryReasons":[],"status":"passed","title":"should pass validation with valid session data"},{"ancestorTitles":["Validation Schemas","sessionBookingSchema"],"duration":2,"failureDetails":[],"failureMessages":[],"fullName":"Validation Schemas sessionBookingSchema should fail validation with invalid duration (too short)","invocations":1,"location":null,"numPassingAsserts":1,"retryReasons":[],"status":"passed","title":"should fail validation with invalid duration (too short)"},{"ancestorTitles":["Validation Schemas","sessionBookingSchema"],"duration":0,"failureDetails":[],"failureMessages":[],"fullName":"Validation Schemas sessionBookingSchema should fail validation with invalid duration (too long)","invocations":1,"location":null,"numPassingAsserts":1,"retryReasons":[],"status":"passed","title":"should fail validation with invalid duration (too long)"},{"ancestorTitles":["Validation Schemas","sessionBookingSchema"],"duration":0,"failureDetails":[],"failureMessages":[],"fullName":"Validation Schemas sessionBookingSchema should fail validation with empty title","invocations":1,"location":null,"numPassingAsserts":2,"retryReasons":[],"status":"passed","title":"should fail validation with empty title"},{"ancestorTitles":["Validation Schemas","ariaMessageSchema"],"duration":1,"failureDetails":[],"failureMessages":[],"fullName":"Validation Schemas ariaMessageSchema should pass validation with valid message data","invocations":1,"location":null,"numPassingAsserts":1,"retryReasons":[],"status":"passed","title":"should pass validation with valid message data"},{"ancestorTitles":["Validation Schemas","ariaMessageSchema"],"duration":0,"failureDetails":[],"failureMessages":[],"fullName":"Validation Schemas ariaMessageSchema should fail validation with empty content","invocations":1,"location":null,"numPassingAsserts":2,"retryReasons":[],"status":"passed","title":"should fail validation with empty content"},{"ancestorTitles":["Validation Schemas","ariaMessageSchema"],"duration":0,"failureDetails":[],"failureMessages":[],"fullName":"Validation Schemas ariaMessageSchema should fail validation with content too long","invocations":1,"location":null,"numPassingAsserts":2,"retryReasons":[],"status":"passed","title":"should fail validation with content too long"},{"ancestorTitles":["Validation Schemas","ariaFeedbackSchema"],"duration":1,"failureDetails":[],"failureMessages":[],"fullName":"Validation Schemas ariaFeedbackSchema should pass validation with valid feedback data","invocations":1,"location":null,"numPassingAsserts":1,"retryReasons":[],"status":"passed","title":"should pass validation with valid feedback data"},{"ancestorTitles":["Validation Schemas","ariaFeedbackSchema"],"duration":0,"failureDetails":[],"failureMessages":[],"fullName":"Validation Schemas ariaFeedbackSchema should pass validation with negative feedback","invocations":1,"location":null,"numPassingAsserts":1,"retryReasons":[],"status":"passed","title":"should pass validation with negative feedback"}],"endTime":1756631142273,"message":"","name":"/home/alaeddine/Documents/nexus-project_v0/__tests__/lib/validations.test.ts","startTime":1756631141558,"status":"passed","summary":""},{"assertionResults":[{"ancestorTitles":["AriaOrchestrator Integration Tests"],"duration":31,"failureDetails":[],"failureMessages":[],"fullName":"AriaOrchestrator Integration Tests devrait appeler toutes les fonctions Prisma nécessaires pour construire le contexte complet de l'élève","invocations":1,"location":null,"numPassingAsserts":8,"retryReasons":[],"status":"passed","title":"devrait appeler toutes les fonctions Prisma nécessaires pour construire le contexte complet de l'élève"},{"ancestorTitles":["AriaOrchestrator Integration Tests"],"duration":6,"failureDetails":[],"failureMessages":[],"fullName":"AriaOrchestrator Integration Tests devrait déclencher une ingestion RAG après une réponse de haute qualité","invocations":1,"location":null,"numPassingAsserts":3,"retryReasons":[],"status":"passed","title":"devrait déclencher une ingestion RAG après une réponse de haute qualité"},{"ancestorTitles":["AriaOrchestrator Integration Tests"],"duration":2,"failureDetails":[],"failureMessages":[],"fullName":"AriaOrchestrator Integration Tests devrait construire des decision_hints en mode STANDARD avec <= 1 faiblesse","invocations":1,"location":null,"numPassingAsserts":4,"retryReasons":[],"status":"passed","title":"devrait construire des decision_hints en mode STANDARD avec <= 1 faiblesse"},{"ancestorTitles":["AriaOrchestrator Integration Tests"],"duration":2,"failureDetails":[],"failureMessages":[],"fullName":"AriaOrchestrator Integration Tests devrait construire des decision_hints en mode REMEDIATION_GUIDEE avec >= 2 faiblesses","invocations":1,"location":null,"numPassingAsserts":4,"retryReasons":[],"status":"passed","title":"devrait construire des decision_hints en mode REMEDIATION_GUIDEE avec >= 2 faiblesses"}],"endTime":1756631142278,"message":"","name":"/home/alaeddine/Documents/nexus-project_v0/__tests__/lib/aria/orchestrator.integration.test.ts","startTime":1756631141605,"status":"passed","summary":""},{"assertionResults":[{"ancestorTitles":["AriaOrchestrator branch coverage"],"duration":14,"failureDetails":[],"failureMessages":[],"fullName":"AriaOrchestrator branch coverage generates PDF when query requests it and LLM returns latex","invocations":1,"location":null,"numPassingAsserts":1,"retryReasons":[],"status":"passed","title":"generates PDF when query requests it and LLM returns latex"},{"ancestorTitles":["AriaOrchestrator branch coverage"],"duration":66,"failureDetails":[],"failureMessages":[],"fullName":"AriaOrchestrator branch coverage PDF fallback kicks in when first compile fails and second succeeds","invocations":1,"location":null,"numPassingAsserts":1,"retryReasons":[],"status":"passed","title":"PDF fallback kicks in when first compile fails and second succeeds"},{"ancestorTitles":["AriaOrchestrator branch coverage"],"duration":2,"failureDetails":[],"failureMessages":[],"fullName":"AriaOrchestrator branch coverage uses existing LaTeX (with \\documentclass) without wrapping and compiles once","invocations":1,"location":null,"numPassingAsserts":2,"retryReasons":[],"status":"passed","title":"uses existing LaTeX (with \\documentclass) without wrapping and compiles once"},{"ancestorTitles":["AriaOrchestrator branch coverage"],"duration":1,"failureDetails":[],"failureMessages":[],"fullName":"AriaOrchestrator branch coverage decision_hints switches to REMEDIATION when multiple weaknesses","invocations":1,"location":null,"numPassingAsserts":2,"retryReasons":[],"status":"passed","title":"decision_hints switches to REMEDIATION when multiple weaknesses"},{"ancestorTitles":["AriaOrchestrator branch coverage"],"duration":1,"failureDetails":[],"failureMessages":[],"fullName":"AriaOrchestrator branch coverage decision_hints remains STANDARD when no critical gaps","invocations":1,"location":null,"numPassingAsserts":2,"retryReasons":[],"status":"passed","title":"decision_hints remains STANDARD when no critical gaps"},{"ancestorTitles":["AriaOrchestrator branch coverage"],"duration":29,"failureDetails":[],"failureMessages":[],"fullName":"AriaOrchestrator branch coverage throws when profile missing","invocations":1,"location":null,"numPassingAsserts":1,"retryReasons":[],"status":"passed","title":"throws when profile missing"},{"ancestorTitles":["AriaOrchestrator branch coverage"],"duration":1,"failureDetails":[],"failureMessages":[],"fullName":"AriaOrchestrator branch coverage does not call pdf service if query asks pdf but no latex provided by LLM","invocations":1,"location":null,"numPassingAsserts":2,"retryReasons":[],"status":"passed","title":"does not call pdf service if query asks pdf but no latex provided by LLM"}],"endTime":1756631142272,"message":"","name":"/home/alaeddine/Documents/nexus-project_v0/__tests__/lib/aria/orchestrator.more.test.ts","startTime":1756631141547,"status":"passed","summary":""},{"assertionResults":[{"ancestorTitles":["Admin Users - COACH profile create/update branches"],"duration":62,"failureDetails":[],"failureMessages":[],"fullName":"Admin Users - COACH profile create/update branches POST creates COACH with profileData mapping (lines 165-172)","invocations":1,"location":null,"numPassingAsserts":6,"retryReasons":[],"status":"passed","title":"POST creates COACH with profileData mapping (lines 165-172)"},{"ancestorTitles":["Admin Users - COACH profile create/update branches"],"duration":2,"failureDetails":[],"failureMessages":[],"fullName":"Admin Users - COACH profile create/update branches POST creates COACH with empty profileData using defaults","invocations":1,"location":null,"numPassingAsserts":5,"retryReasons":[],"status":"passed","title":"POST creates COACH with empty profileData using defaults"},{"ancestorTitles":["Admin Users - COACH profile create/update branches"],"duration":2,"failureDetails":[],"failureMessages":[],"fullName":"Admin Users - COACH profile create/update branches PUT updates COACH with upsert mapping (lines 235-242)","invocations":1,"location":null,"numPassingAsserts":5,"retryReasons":[],"status":"passed","title":"PUT updates COACH with upsert mapping (lines 235-242)"}],"endTime":1756631142331,"message":"","name":"/home/alaeddine/Documents/nexus-project_v0/__tests__/api/admin/users.coach.profile.branches.test.ts","startTime":1756631141620,"status":"passed","summary":""},{"assertionResults":[{"ancestorTitles":["Payments APIs - dynamic pricing + idempotency"],"duration":54,"failureDetails":[],"failureMessages":[],"fullName":"Payments APIs - dynamic pricing + idempotency returns 400 when pricing is missing/inactive","invocations":1,"location":null,"numPassingAsserts":2,"retryReasons":[],"status":"passed","title":"returns 400 when pricing is missing/inactive"},{"ancestorTitles":["Payments APIs - dynamic pricing + idempotency"],"duration":3,"failureDetails":[],"failureMessages":[],"fullName":"Payments APIs - dynamic pricing + idempotency creates payment using dynamic ProductPricing (Konnect)","invocations":1,"location":null,"numPassingAsserts":3,"retryReasons":[],"status":"passed","title":"creates payment using dynamic ProductPricing (Konnect)"},{"ancestorTitles":["Payments APIs - dynamic pricing + idempotency"],"duration":5,"failureDetails":[],"failureMessages":[],"fullName":"Payments APIs - dynamic pricing + idempotency is idempotent when Idempotency-Key is provided (Wise)","invocations":1,"location":null,"numPassingAsserts":3,"retryReasons":[],"status":"passed","title":"is idempotent when Idempotency-Key is provided (Wise)"}],"endTime":1756631142339,"message":"","name":"/home/alaeddine/Documents/nexus-project_v0/__tests__/api/payments.pricing.idempotency.test.ts","startTime":1756631141645,"status":"passed","summary":""},{"assertionResults":[{"ancestorTitles":["API /api/admin/users additional branches"],"duration":61,"failureDetails":[],"failureMessages":[],"fullName":"API /api/admin/users additional branches GET unauthorized when not admin","invocations":1,"location":null,"numPassingAsserts":1,"retryReasons":[],"status":"passed","title":"GET unauthorized when not admin"},{"ancestorTitles":["API /api/admin/users additional branches"],"duration":3,"failureDetails":[],"failureMessages":[],"fullName":"API /api/admin/users additional branches GET applies role and search filters and returns formatted users","invocations":1,"location":null,"numPassingAsserts":3,"retryReasons":[],"status":"passed","title":"GET applies role and search filters and returns formatted users"},{"ancestorTitles":["API /api/admin/users additional branches"],"duration":3,"failureDetails":[],"failureMessages":[],"fullName":"API /api/admin/users additional branches GET role=ALL and empty search does not add filters","invocations":1,"location":null,"numPassingAsserts":2,"retryReasons":[],"status":"passed","title":"GET role=ALL and empty search does not add filters"},{"ancestorTitles":["API /api/admin/users additional branches"],"duration":4,"failureDetails":[],"failureMessages":[],"fullName":"API /api/admin/users additional branches POST COACH without profileData skips coachProfile branch","invocations":1,"location":null,"numPassingAsserts":2,"retryReasons":[],"status":"passed","title":"POST COACH without profileData skips coachProfile branch"},{"ancestorTitles":["API /api/admin/users additional branches"],"duration":1,"failureDetails":[],"failureMessages":[],"fullName":"API /api/admin/users additional branches POST 401 when not admin","invocations":1,"location":null,"numPassingAsserts":1,"retryReasons":[],"status":"passed","title":"POST 401 when not admin"},{"ancestorTitles":["API /api/admin/users additional branches"],"duration":3,"failureDetails":[],"failureMessages":[],"fullName":"API /api/admin/users additional branches POST 400 on invalid payload","invocations":1,"location":null,"numPassingAsserts":1,"retryReasons":[],"status":"passed","title":"POST 400 on invalid payload"},{"ancestorTitles":["API /api/admin/users additional branches"],"duration":1,"failureDetails":[],"failureMessages":[],"fullName":"API /api/admin/users additional branches POST 400 when email already exists","invocations":1,"location":null,"numPassingAsserts":1,"retryReasons":[],"status":"passed","title":"POST 400 when email already exists"},{"ancestorTitles":["API /api/admin/users additional branches"],"duration":1,"failureDetails":[],"failureMessages":[],"fullName":"API /api/admin/users additional branches GET branches: role filter + pagination + search parsing","invocations":1,"location":null,"numPassingAsserts":2,"retryReasons":[],"status":"passed","title":"GET branches: role filter + pagination + search parsing"},{"ancestorTitles":["API /api/admin/users additional branches"],"duration":1,"failureDetails":[],"failureMessages":[],"fullName":"API /api/admin/users additional branches DELETE 400 when id missing","invocations":1,"location":null,"numPassingAsserts":1,"retryReasons":[],"status":"passed","title":"DELETE 400 when id missing"},{"ancestorTitles":["API /api/admin/users additional branches"],"duration":0,"failureDetails":[],"failureMessages":[],"fullName":"API /api/admin/users additional branches DELETE 404 when user not found","invocations":1,"location":null,"numPassingAsserts":1,"retryReasons":[],"status":"passed","title":"DELETE 404 when user not found"},{"ancestorTitles":["API /api/admin/users additional branches"],"duration":1,"failureDetails":[],"failureMessages":[],"fullName":"API /api/admin/users additional branches DELETE 200 on success","invocations":1,"location":null,"numPassingAsserts":1,"retryReasons":[],"status":"passed","title":"DELETE 200 on success"}],"endTime":1756631142355,"message":"","name":"/home/alaeddine/Documents/nexus-project_v0/__tests__/api/admin/users.more.integration.test.ts","startTime":1756631141642,"status":"passed","summary":""},{"assertionResults":[{"ancestorTitles":["/api/bilan-gratuit","POST /api/bilan-gratuit"],"duration":19,"failureDetails":[],"failureMessages":[],"fullName":"/api/bilan-gratuit POST /api/bilan-gratuit should return 201 and create parent and student when valid data is provided","invocations":1,"location":null,"numPassingAsserts":8,"retryReasons":[],"status":"passed","title":"should return 201 and create parent and student when valid data is provided"},{"ancestorTitles":["/api/bilan-gratuit","POST /api/bilan-gratuit"],"duration":3,"failureDetails":[],"failureMessages":[],"fullName":"/api/bilan-gratuit POST /api/bilan-gratuit sets birthDate to null when studentBirthDate is absent","invocations":1,"location":null,"numPassingAsserts":1,"retryReasons":[],"status":"passed","title":"sets birthDate to null when studentBirthDate is absent"},{"ancestorTitles":["/api/bilan-gratuit","POST /api/bilan-gratuit"],"duration":2,"failureDetails":[],"failureMessages":[],"fullName":"/api/bilan-gratuit POST /api/bilan-gratuit should return 400 when parent email already exists","invocations":1,"location":null,"numPassingAsserts":3,"retryReasons":[],"status":"passed","title":"should return 400 when parent email already exists"},{"ancestorTitles":["/api/bilan-gratuit","POST /api/bilan-gratuit"],"duration":134,"failureDetails":[],"failureMessages":[],"fullName":"/api/bilan-gratuit POST /api/bilan-gratuit should return 400 when validation fails (invalid email)","invocations":1,"location":null,"numPassingAsserts":3,"retryReasons":[],"status":"passed","title":"should return 400 when validation fails (invalid email)"},{"ancestorTitles":["/api/bilan-gratuit","POST /api/bilan-gratuit"],"duration":6,"failureDetails":[],"failureMessages":[],"fullName":"/api/bilan-gratuit POST /api/bilan-gratuit should return 400 when validation fails (password too short)","invocations":1,"location":null,"numPassingAsserts":2,"retryReasons":[],"status":"passed","title":"should return 400 when validation fails (password too short)"},{"ancestorTitles":["/api/bilan-gratuit","POST /api/bilan-gratuit"],"duration":6,"failureDetails":[],"failureMessages":[],"fullName":"/api/bilan-gratuit POST /api/bilan-gratuit should return 400 when required fields are missing","invocations":1,"location":null,"numPassingAsserts":2,"retryReasons":[],"status":"passed","title":"should return 400 when required fields are missing"},{"ancestorTitles":["/api/bilan-gratuit","POST /api/bilan-gratuit"],"duration":7,"failureDetails":[],"failureMessages":[],"fullName":"/api/bilan-gratuit POST /api/bilan-gratuit should return 500 when database error occurs","invocations":1,"location":null,"numPassingAsserts":2,"retryReasons":[],"status":"passed","title":"should return 500 when database error occurs"},{"ancestorTitles":["/api/bilan-gratuit","POST /api/bilan-gratuit"],"duration":1,"failureDetails":[],"failureMessages":[],"fullName":"/api/bilan-gratuit POST /api/bilan-gratuit should continue execution even if email sending fails","invocations":1,"location":null,"numPassingAsserts":2,"retryReasons":[],"status":"passed","title":"should continue execution even if email sending fails"},{"ancestorTitles":["/api/bilan-gratuit","POST /api/bilan-gratuit"],"duration":4,"failureDetails":[],"failureMessages":[],"fullName":"/api/bilan-gratuit POST /api/bilan-gratuit returns 409 when unique constraint failed is thrown by DB","invocations":1,"location":null,"numPassingAsserts":2,"retryReasons":[],"status":"passed","title":"returns 409 when unique constraint failed is thrown by DB"}],"endTime":1756631142362,"message":"","name":"/home/alaeddine/Documents/nexus-project_v0/__tests__/api/bilan-gratuit.test.ts","startTime":1756631141505,"status":"passed","summary":""},{"assertionResults":[{"ancestorTitles":["apps/web/lib/storage - LocalStorage and MinioStorage puts"],"duration":37,"failureDetails":[],"failureMessages":[],"fullName":"apps/web/lib/storage - LocalStorage and MinioStorage puts LocalStorage.put copies file and returns /files/key","invocations":1,"location":null,"numPassingAsserts":2,"retryReasons":[],"status":"passed","title":"LocalStorage.put copies file and returns /files/key"},{"ancestorTitles":["apps/web/lib/storage - LocalStorage and MinioStorage puts"],"duration":337,"failureDetails":[],"failureMessages":[],"fullName":"apps/web/lib/storage - LocalStorage and MinioStorage puts MinioStorage.put prefixes and normalizes key then delegates to putObjectFromFile","invocations":1,"location":null,"numPassingAsserts":1,"retryReasons":[],"status":"passed","title":"MinioStorage.put prefixes and normalizes key then delegates to putObjectFromFile"}],"endTime":1756631142426,"message":"","name":"/home/alaeddine/Documents/nexus-project_v0/__tests__/lib/storage.puts.test.ts","startTime":1756631141466,"status":"passed","summary":""},{"assertionResults":[{"ancestorTitles":["API /api/aria/chat Integration Tests"],"duration":191,"failureDetails":[],"failureMessages":[],"fullName":"API /api/aria/chat Integration Tests should handle chat requests successfully","invocations":1,"location":null,"numPassingAsserts":2,"retryReasons":[],"status":"passed","title":"should handle chat requests successfully"},{"ancestorTitles":["API /api/aria/chat Integration Tests"],"duration":4,"failureDetails":[],"failureMessages":[],"fullName":"API /api/aria/chat Integration Tests should persist messages via orchestrator without errors","invocations":1,"location":null,"numPassingAsserts":4,"retryReasons":[],"status":"passed","title":"should persist messages via orchestrator without errors"},{"ancestorTitles":["API /api/aria/chat Integration Tests"],"duration":7,"failureDetails":[],"failureMessages":[],"fullName":"API /api/aria/chat Integration Tests should return 429 with subscription CTA on 6th request (freemium limit)","invocations":1,"location":null,"numPassingAsserts":9,"retryReasons":[],"status":"passed","title":"should return 429 with subscription CTA on 6th request (freemium limit)"},{"ancestorTitles":["API /api/aria/chat Integration Tests"],"duration":88,"failureDetails":[],"failureMessages":[],"fullName":"API /api/aria/chat Integration Tests Gating Freemium & Premium: freemium 429 after quota; premium 403 on non-subscribed subject","invocations":1,"location":null,"numPassingAsserts":2,"retryReasons":[],"status":"passed","title":"Gating Freemium & Premium: freemium 429 after quota; premium 403 on non-subscribed subject"},{"ancestorTitles":["API /api/aria/chat Integration Tests"],"duration":4,"failureDetails":[],"failureMessages":[],"fullName":"API /api/aria/chat Integration Tests Validation Mémoire Long Terme: prisma calls issued when building student context","invocations":1,"location":null,"numPassingAsserts":6,"retryReasons":[],"status":"passed","title":"Validation Mémoire Long Terme: prisma calls issued when building student context"},{"ancestorTitles":["API /api/aria/chat Integration Tests"],"duration":3,"failureDetails":[],"failureMessages":[],"fullName":"API /api/aria/chat Integration Tests Validation Personnalité Coach: system prompt conditionnel via decision_hints et statut","invocations":1,"location":null,"numPassingAsserts":2,"retryReasons":[],"status":"passed","title":"Validation Personnalité Coach: system prompt conditionnel via decision_hints et statut"},{"ancestorTitles":["API /api/aria/chat Integration Tests"],"duration":3,"failureDetails":[],"failureMessages":[],"fullName":"API /api/aria/chat Integration Tests Validation RAG Auto-Improvement: long response triggers ingest fetch","invocations":1,"location":null,"numPassingAsserts":2,"retryReasons":[],"status":"passed","title":"Validation RAG Auto-Improvement: long response triggers ingest fetch"}],"endTime":1756631142459,"message":"","name":"/home/alaeddine/Documents/nexus-project_v0/__tests__/api/aria-chat.integration.test.ts","startTime":1756631141527,"status":"passed","summary":""},{"assertionResults":[{"ancestorTitles":["Admin Analytics - recent activities and formatting branches"],"duration":12,"failureDetails":[],"failureMessages":[],"fullName":"Admin Analytics - recent activities and formatting branches formats data with default amount=0 and maps activity actions for COMPLETED/SCHEDULED/CANCELLED/default","invocations":1,"location":null,"numPassingAsserts":6,"retryReasons":[],"status":"passed","title":"formats data with default amount=0 and maps activity actions for COMPLETED/SCHEDULED/CANCELLED/default"}],"endTime":1756631142526,"message":"","name":"/home/alaeddine/Documents/nexus-project_v0/__tests__/api/admin/analytics.recent.activities.test.ts","startTime":1756631142279,"status":"passed","summary":""},{"assertionResults":[{"ancestorTitles":["lib/credits - wallet and spendCredits"],"duration":6,"failureDetails":[],"failureMessages":[],"fullName":"lib/credits - wallet and spendCredits ensureWallet creates wallet when missing","invocations":1,"location":null,"numPassingAsserts":2,"retryReasons":[],"status":"passed","title":"ensureWallet creates wallet when missing"},{"ancestorTitles":["lib/credits - wallet and spendCredits"],"duration":1,"failureDetails":[],"failureMessages":[],"fullName":"lib/credits - wallet and spendCredits spendCredits returns already=true when duplicate externalId","invocations":1,"location":null,"numPassingAsserts":2,"retryReasons":[],"status":"passed","title":"spendCredits returns already=true when duplicate externalId"},{"ancestorTitles":["lib/credits - wallet and spendCredits"],"duration":4,"failureDetails":[],"failureMessages":[],"fullName":"lib/credits - wallet and spendCredits spendCredits throws INSUFFICIENT_CREDITS via $transaction","invocations":1,"location":null,"numPassingAsserts":1,"retryReasons":[],"status":"passed","title":"spendCredits throws INSUFFICIENT_CREDITS via $transaction"},{"ancestorTitles":["lib/credits - wallet and spendCredits"],"duration":1,"failureDetails":[],"failureMessages":[],"fullName":"lib/credits - wallet and spendCredits spendCredits decrements wallet and records tx on success","invocations":1,"location":null,"numPassingAsserts":3,"retryReasons":[],"status":"passed","title":"spendCredits decrements wallet and records tx on success"}],"endTime":1756631142533,"message":"","name":"/home/alaeddine/Documents/nexus-project_v0/__tests__/lib/credits.wallet.test.ts","startTime":1756631142283,"status":"passed","summary":""},{"assertionResults":[{"ancestorTitles":["API /api/webhooks/konnect additional branches"],"duration":12,"failureDetails":[],"failureMessages":[],"fullName":"API /api/webhooks/konnect additional branches 401 when signature missing or invalid","invocations":1,"location":null,"numPassingAsserts":2,"retryReasons":[],"status":"passed","title":"401 when signature missing or invalid"},{"ancestorTitles":["API /api/webhooks/konnect additional branches"],"duration":2,"failureDetails":[],"failureMessages":[],"fullName":"API /api/webhooks/konnect additional branches 404 when payment not found","invocations":1,"location":null,"numPassingAsserts":1,"retryReasons":[],"status":"passed","title":"404 when payment not found"},{"ancestorTitles":["API /api/webhooks/konnect additional branches"],"duration":2,"failureDetails":[],"failureMessages":[],"fullName":"API /api/webhooks/konnect additional branches handles completed subscription and allocates credits","invocations":1,"location":null,"numPassingAsserts":3,"retryReasons":[],"status":"passed","title":"handles completed subscription and allocates credits"},{"ancestorTitles":["API /api/webhooks/konnect additional branches"],"duration":1,"failureDetails":[],"failureMessages":[],"fullName":"API /api/webhooks/konnect additional branches handles failed status","invocations":1,"location":null,"numPassingAsserts":1,"retryReasons":[],"status":"passed","title":"handles failed status"}],"endTime":1756631142530,"message":"","name":"/home/alaeddine/Documents/nexus-project_v0/__tests__/api/webhooks/konnect.more.integration.test.ts","startTime":1756631142256,"status":"passed","summary":""},{"assertionResults":[{"ancestorTitles":["GET /api/student/resources - pagination & filters"],"duration":7,"failureDetails":[],"failureMessages":[],"fullName":"GET /api/student/resources - pagination & filters paginates and returns metadata","invocations":1,"location":null,"numPassingAsserts":8,"retryReasons":[],"status":"passed","title":"paginates and returns metadata"},{"ancestorTitles":["GET /api/student/resources - pagination & filters"],"duration":1,"failureDetails":[],"failureMessages":[],"fullName":"GET /api/student/resources - pagination & filters clamps pageSize to 50","invocations":1,"location":null,"numPassingAsserts":3,"retryReasons":[],"status":"passed","title":"clamps pageSize to 50"},{"ancestorTitles":["GET /api/student/resources - pagination & filters"],"duration":1,"failureDetails":[],"failureMessages":[],"fullName":"GET /api/student/resources - pagination & filters applies subject and search filters","invocations":1,"location":null,"numPassingAsserts":2,"retryReasons":[],"status":"passed","title":"applies subject and search filters"},{"ancestorTitles":["GET /api/student/resources - pagination & filters"],"duration":1,"failureDetails":[],"failureMessages":[],"fullName":"GET /api/student/resources - pagination & filters requires ELEVE session","invocations":1,"location":null,"numPassingAsserts":1,"retryReasons":[],"status":"passed","title":"requires ELEVE session"}],"endTime":1756631142537,"message":"","name":"/home/alaeddine/Documents/nexus-project_v0/__tests__/api/student-resources.pagination.test.ts","startTime":1756631142285,"status":"passed","summary":""},{"assertionResults":[{"ancestorTitles":["/api/sessions/book - Core Logic"],"duration":4,"failureDetails":[],"failureMessages":[],"fullName":"/api/sessions/book - Core Logic should calculate correct credit costs for different service types","invocations":1,"location":null,"numPassingAsserts":3,"retryReasons":[],"status":"passed","title":"should calculate correct credit costs for different service types"},{"ancestorTitles":["/api/sessions/book - Core Logic"],"duration":2,"failureDetails":[],"failureMessages":[],"fullName":"/api/sessions/book - Core Logic should validate session booking data structure","invocations":1,"location":null,"numPassingAsserts":7,"retryReasons":[],"status":"passed","title":"should validate session booking data structure"},{"ancestorTitles":["/api/sessions/book - Core Logic"],"duration":1,"failureDetails":[],"failureMessages":[],"fullName":"/api/sessions/book - Core Logic should handle credit balance checks correctly","invocations":1,"location":null,"numPassingAsserts":3,"retryReasons":[],"status":"passed","title":"should handle credit balance checks correctly"},{"ancestorTitles":["/api/sessions/book - Core Logic"],"duration":2,"failureDetails":[],"failureMessages":[],"fullName":"/api/sessions/book - Core Logic should validate session creation workflow","invocations":1,"location":null,"numPassingAsserts":6,"retryReasons":[],"status":"passed","title":"should validate session creation workflow"}],"endTime":1756631142613,"message":"","name":"/home/alaeddine/Documents/nexus-project_v0/__tests__/api/sessions/book.simplified.test.ts","startTime":1756631142336,"status":"passed","summary":""},{"assertionResults":[{"ancestorTitles":["Admin Dashboard - systemHealth toggles"],"duration":11,"failureDetails":[],"failureMessages":[],"fullName":"Admin Dashboard - systemHealth toggles marks all as active when revenue, sessions, subscriptions are positive","invocations":1,"location":null,"numPassingAsserts":3,"retryReasons":[],"status":"passed","title":"marks all as active when revenue, sessions, subscriptions are positive"},{"ancestorTitles":["Admin Dashboard - systemHealth toggles"],"duration":1,"failureDetails":[],"failureMessages":[],"fullName":"Admin Dashboard - systemHealth toggles marks all as inactive when values are zero","invocations":1,"location":null,"numPassingAsserts":3,"retryReasons":[],"status":"passed","title":"marks all as inactive when values are zero"}],"endTime":1756631142636,"message":"","name":"/home/alaeddine/Documents/nexus-project_v0/__tests__/api/admin/dashboard.health.toggles.test.ts","startTime":1756631142357,"status":"passed","summary":""},{"assertionResults":[{"ancestorTitles":["API /api/aria/chat - dev-token, E2E fallback, SSE retry"],"duration":154,"failureDetails":[],"failureMessages":[],"fullName":"API /api/aria/chat - dev-token, E2E fallback, SSE retry dev-token bypass: uses first student and returns JSON response","invocations":1,"location":null,"numPassingAsserts":5,"retryReasons":[],"status":"passed","title":"dev-token bypass: uses first student and returns JSON response"},{"ancestorTitles":["API /api/aria/chat - dev-token, E2E fallback, SSE retry"],"duration":72,"failureDetails":[],"failureMessages":[],"fullName":"API /api/aria/chat - dev-token, E2E fallback, SSE retry E2E fallback: builds fake session from first student when E2E=1 and ARIA_LIVE!=1","invocations":1,"location":null,"numPassingAsserts":5,"retryReasons":[],"status":"passed","title":"E2E fallback: builds fake session from first student when E2E=1 and ARIA_LIVE!=1"},{"ancestorTitles":["API /api/aria/chat - dev-token, E2E fallback, SSE retry"],"duration":151,"failureDetails":[],"failureMessages":[],"fullName":"API /api/aria/chat - dev-token, E2E fallback, SSE retry SSE retry: first OpenAI stream fails then succeeds (RETRIES=1)","invocations":1,"location":null,"numPassingAsserts":6,"retryReasons":[],"status":"passed","title":"SSE retry: first OpenAI stream fails then succeeds (RETRIES=1)"}],"endTime":1756631142609,"message":"","name":"/home/alaeddine/Documents/nexus-project_v0/__tests__/api/aria-chat.dev-e2e-and-retry.test.ts","startTime":1756631141608,"status":"passed","summary":""},{"assertionResults":[{"ancestorTitles":["Admin Users API"],"duration":38,"failureDetails":[],"failureMessages":[],"fullName":"Admin Users API should reject non-admin access on GET","invocations":1,"location":null,"numPassingAsserts":1,"retryReasons":[],"status":"passed","title":"should reject non-admin access on GET"},{"ancestorTitles":["Admin Users API"],"duration":2,"failureDetails":[],"failureMessages":[],"fullName":"Admin Users API should list users with pagination","invocations":1,"location":null,"numPassingAsserts":2,"retryReasons":[],"status":"passed","title":"should list users with pagination"},{"ancestorTitles":["Admin Users API"],"duration":5,"failureDetails":[],"failureMessages":[],"fullName":"Admin Users API should validate POST payload","invocations":1,"location":null,"numPassingAsserts":1,"retryReasons":[],"status":"passed","title":"should validate POST payload"},{"ancestorTitles":["Admin Users API"],"duration":2,"failureDetails":[],"failureMessages":[],"fullName":"Admin Users API should create a coach user","invocations":1,"location":null,"numPassingAsserts":2,"retryReasons":[],"status":"passed","title":"should create a coach user"}],"endTime":1756631142663,"message":"","name":"/home/alaeddine/Documents/nexus-project_v0/__tests__/api/admin/users.integration.test.ts","startTime":1756631142370,"status":"passed","summary":""},{"assertionResults":[{"ancestorTitles":["Konnect webhook idempotency"],"duration":13,"failureDetails":[],"failureMessages":[],"fullName":"Konnect webhook idempotency processes once and returns idempotent=true on duplicate","invocations":1,"location":null,"numPassingAsserts":6,"retryReasons":[],"status":"passed","title":"processes once and returns idempotent=true on duplicate"}],"endTime":1756631142664,"message":"","name":"/home/alaeddine/Documents/nexus-project_v0/__tests__/api/webhooks/konnect.idempotency.test.ts","startTime":1756631142375,"status":"passed","summary":""},{"assertionResults":[{"ancestorTitles":["E2E orchestrator extra branches"],"duration":5,"failureDetails":[],"failureMessages":[],"fullName":"E2E orchestrator extra branches ne génère pas de PDF quand la requête ne le demande pas (EXPLICATION)","invocations":1,"location":null,"numPassingAsserts":1,"retryReasons":[],"status":"passed","title":"ne génère pas de PDF quand la requête ne le demande pas (EXPLICATION)"},{"ancestorTitles":["E2E orchestrator extra branches"],"duration":2,"failureDetails":[],"failureMessages":[],"fullName":"E2E orchestrator extra branches ne déclenche pas l'ingestion RAG quand la réponse est courte (≤ 30 mots)","invocations":1,"location":null,"numPassingAsserts":1,"retryReasons":[],"status":"passed","title":"ne déclenche pas l'ingestion RAG quand la réponse est courte (≤ 30 mots)"},{"ancestorTitles":["E2E orchestrator extra branches"],"duration":15,"failureDetails":[],"failureMessages":[],"fullName":"E2E orchestrator extra branches gère un échec de compilation LaTeX côté service PDF (via exception)","invocations":1,"location":null,"numPassingAsserts":2,"retryReasons":[],"status":"passed","title":"gère un échec de compilation LaTeX côté service PDF (via exception)"}],"endTime":1756631142712,"message":"","name":"/home/alaeddine/Documents/nexus-project_v0/__tests__/lib/aria/orchestrator.e2e.more.branches.test.ts","startTime":1756631142425,"status":"passed","summary":""},{"assertionResults":[{"ancestorTitles":["E2E orchestrator flow (mocked HTTP interactions)"],"duration":26,"failureDetails":[],"failureMessages":[],"fullName":"E2E orchestrator flow (mocked HTTP interactions) should call LLM with full context, generate PDF with correct student name, and trigger RAG ingestion","invocations":1,"location":null,"numPassingAsserts":7,"retryReasons":[],"status":"passed","title":"should call LLM with full context, generate PDF with correct student name, and trigger RAG ingestion"}],"endTime":1756631142714,"message":"","name":"/home/alaeddine/Documents/nexus-project_v0/__tests__/lib/aria/orchestrator.e2e.mocked.integration.test.ts","startTime":1756631142442,"status":"passed","summary":""},{"assertionResults":[{"ancestorTitles":["API /api/admin/users PUT branches"],"duration":30,"failureDetails":[],"failureMessages":[],"fullName":"API /api/admin/users PUT branches 401 when not admin","invocations":1,"location":null,"numPassingAsserts":1,"retryReasons":[],"status":"passed","title":"401 when not admin"},{"ancestorTitles":["API /api/admin/users PUT branches"],"duration":5,"failureDetails":[],"failureMessages":[],"fullName":"API /api/admin/users PUT branches 400 invalid payload","invocations":1,"location":null,"numPassingAsserts":1,"retryReasons":[],"status":"passed","title":"400 invalid payload"},{"ancestorTitles":["API /api/admin/users PUT branches"],"duration":2,"failureDetails":[],"failureMessages":[],"fullName":"API /api/admin/users PUT branches PUT updates non-coach without coachProfile branch","invocations":1,"location":null,"numPassingAsserts":2,"retryReasons":[],"status":"passed","title":"PUT updates non-coach without coachProfile branch"},{"ancestorTitles":["API /api/admin/users PUT branches"],"duration":2,"failureDetails":[],"failureMessages":[],"fullName":"API /api/admin/users PUT branches PUT updates coach with profileData (upsert branch present)","invocations":1,"location":null,"numPassingAsserts":2,"retryReasons":[],"status":"passed","title":"PUT updates coach with profileData (upsert branch present)"}],"endTime":1756631142808,"message":"","name":"/home/alaeddine/Documents/nexus-project_v0/__tests__/api/admin/users.put.more.integration.test.ts","startTime":1756631142517,"status":"passed","summary":""},{"assertionResults":[{"ancestorTitles":["API /api/aria/chat edge cases: rate limit, freemium cap, invalid input"],"duration":142,"failureDetails":[],"failureMessages":[],"fullName":"API /api/aria/chat edge cases: rate limit, freemium cap, invalid input 429 when rate limit exceeded","invocations":1,"location":null,"numPassingAsserts":1,"retryReasons":[],"status":"passed","title":"429 when rate limit exceeded"},{"ancestorTitles":["API /api/aria/chat edge cases: rate limit, freemium cap, invalid input"],"duration":185,"failureDetails":[],"failureMessages":[],"fullName":"API /api/aria/chat edge cases: rate limit, freemium cap, invalid input 429 freemium limit reached returns CTA","invocations":1,"location":null,"numPassingAsserts":2,"retryReasons":[],"status":"passed","title":"429 freemium limit reached returns CTA"},{"ancestorTitles":["API /api/aria/chat edge cases: rate limit, freemium cap, invalid input"],"duration":122,"failureDetails":[],"failureMessages":[],"fullName":"API /api/aria/chat edge cases: rate limit, freemium cap, invalid input 400 on invalid JSON","invocations":1,"location":null,"numPassingAsserts":1,"retryReasons":[],"status":"passed","title":"400 on invalid JSON"},{"ancestorTitles":["API /api/aria/chat edge cases: rate limit, freemium cap, invalid input"],"duration":115,"failureDetails":[],"failureMessages":[],"fullName":"API /api/aria/chat edge cases: rate limit, freemium cap, invalid input 400 on invalid subject enum","invocations":1,"location":null,"numPassingAsserts":2,"retryReasons":[],"status":"passed","title":"400 on invalid subject enum"}],"endTime":1756631142788,"message":"","name":"/home/alaeddine/Documents/nexus-project_v0/__tests__/api/aria-chat.edge-cases.test.ts","startTime":1756631141644,"status":"passed","summary":""},{"assertionResults":[{"ancestorTitles":["Bilan synthesize decision matrix"],"duration":4,"failureDetails":[],"failureMessages":[],"fullName":"Bilan synthesize decision matrix recommends Cortex for strong autonomous profile","invocations":1,"location":null,"numPassingAsserts":1,"retryReasons":[],"status":"passed","title":"recommends Cortex for strong autonomous profile"},{"ancestorTitles":["Bilan synthesize decision matrix"],"duration":0,"failureDetails":[],"failureMessages":[],"fullName":"Bilan synthesize decision matrix recommends Studio Flex for 1–2 weaknesses","invocations":1,"location":null,"numPassingAsserts":1,"retryReasons":[],"status":"passed","title":"recommends Studio Flex for 1–2 weaknesses"},{"ancestorTitles":["Bilan synthesize decision matrix"],"duration":1,"failureDetails":[],"failureMessages":[],"fullName":"Bilan synthesize decision matrix recommends Académies for multiple weaknesses","invocations":1,"location":null,"numPassingAsserts":1,"retryReasons":[],"status":"passed","title":"recommends Académies for multiple weaknesses"},{"ancestorTitles":["Bilan synthesize decision matrix"],"duration":1,"failureDetails":[],"failureMessages":[],"fullName":"Bilan synthesize decision matrix recommends Odyssée for low autonomy/motivation","invocations":1,"location":null,"numPassingAsserts":1,"retryReasons":[],"status":"passed","title":"recommends Odyssée for low autonomy/motivation"},{"ancestorTitles":["Bilan synthesize decision matrix"],"duration":1,"failureDetails":[],"failureMessages":[],"fullName":"Bilan synthesize decision matrix recommends Odyssée Candidat Libre for candidate status","invocations":1,"location":null,"numPassingAsserts":1,"retryReasons":[],"status":"passed","title":"recommends Odyssée Candidat Libre for candidate status"},{"ancestorTitles":["QCM scoring basics"],"duration":1,"failureDetails":[],"failureMessages":[],"fullName":"QCM scoring basics scores simple answers correctly","invocations":1,"location":null,"numPassingAsserts":3,"retryReasons":[],"status":"passed","title":"scores simple answers correctly"}],"endTime":1756631142869,"message":"","name":"/home/alaeddine/Documents/nexus-project_v0/__tests__/lib/bilan.synthesis.test.ts","startTime":1756631142559,"status":"passed","summary":""},{"assertionResults":[{"ancestorTitles":["AriaOrchestrator LaTeX sanitization and RAG catch branches"],"duration":7,"failureDetails":[],"failureMessages":[],"fullName":"AriaOrchestrator LaTeX sanitization and RAG catch branches removes \\write18 from latex before compile","invocations":1,"location":null,"numPassingAsserts":1,"retryReasons":[],"status":"passed","title":"removes \\write18 from latex before compile"},{"ancestorTitles":["AriaOrchestrator LaTeX sanitization and RAG catch branches"],"duration":3,"failureDetails":[],"failureMessages":[],"fullName":"AriaOrchestrator LaTeX sanitization and RAG catch branches fallback minimalFromText escapes special chars and newlines","invocations":1,"location":null,"numPassingAsserts":6,"retryReasons":[],"status":"passed","title":"fallback minimalFromText escapes special chars and newlines"},{"ancestorTitles":["AriaOrchestrator LaTeX sanitization and RAG catch branches"],"duration":3,"failureDetails":[],"failureMessages":[],"fullName":"AriaOrchestrator LaTeX sanitization and RAG catch branches RAG ingestion catch branch when fetch rejects","invocations":1,"location":null,"numPassingAsserts":1,"retryReasons":[],"status":"passed","title":"RAG ingestion catch branch when fetch rejects"}],"endTime":1756631142880,"message":"","name":"/home/alaeddine/Documents/nexus-project_v0/__tests__/lib/aria/orchestrator.sanitization.test.ts","startTime":1756631142570,"status":"passed","summary":""},{"assertionResults":[{"ancestorTitles":["lib/credits additional coverage"],"duration":5,"failureDetails":[],"failureMessages":[],"fullName":"lib/credits additional coverage calculateCreditCost returns defaults for unknown service types","invocations":1,"location":null,"numPassingAsserts":1,"retryReasons":[],"status":"passed","title":"calculateCreditCost returns defaults for unknown service types"},{"ancestorTitles":["lib/credits additional coverage"],"duration":1,"failureDetails":[],"failureMessages":[],"fullName":"lib/credits additional coverage checkCreditBalance returns false when insufficient credits","invocations":1,"location":null,"numPassingAsserts":1,"retryReasons":[],"status":"passed","title":"checkCreditBalance returns false when insufficient credits"},{"ancestorTitles":["lib/credits additional coverage"],"duration":1,"failureDetails":[],"failureMessages":[],"fullName":"lib/credits additional coverage checkCreditBalance returns true when sufficient credits with non-expired","invocations":1,"location":null,"numPassingAsserts":1,"retryReasons":[],"status":"passed","title":"checkCreditBalance returns true when sufficient credits with non-expired"},{"ancestorTitles":["lib/credits additional coverage"],"duration":1,"failureDetails":[],"failureMessages":[],"fullName":"lib/credits additional coverage debitCredits and refundCredits create transactions","invocations":1,"location":null,"numPassingAsserts":1,"retryReasons":[],"status":"passed","title":"debitCredits and refundCredits create transactions"},{"ancestorTitles":["lib/credits additional coverage"],"duration":1,"failureDetails":[],"failureMessages":[],"fullName":"lib/credits additional coverage allocateMonthlyCredits sets expiration about two months in future","invocations":1,"location":null,"numPassingAsserts":3,"retryReasons":[],"status":"passed","title":"allocateMonthlyCredits sets expiration about two months in future"},{"ancestorTitles":["lib/credits additional coverage"],"duration":1,"failureDetails":[],"failureMessages":[],"fullName":"lib/credits additional coverage canCancelBooking enforces 48h for ATELIER_GROUPE and 24h otherwise","invocations":1,"location":null,"numPassingAsserts":4,"retryReasons":[],"status":"passed","title":"canCancelBooking enforces 48h for ATELIER_GROUPE and 24h otherwise"}],"endTime":1756631142877,"message":"","name":"/home/alaeddine/Documents/nexus-project_v0/__tests__/lib/credits.more.test.ts","startTime":1756631142558,"status":"passed","summary":""},{"assertionResults":[{"ancestorTitles":["API /api/aria/chat branches"],"duration":123,"failureDetails":[],"failureMessages":[],"fullName":"API /api/aria/chat branches 429 when rate-limit exceeded via rateLimit mock","invocations":1,"location":null,"numPassingAsserts":1,"retryReasons":[],"status":"passed","title":"429 when rate-limit exceeded via rateLimit mock"},{"ancestorTitles":["API /api/aria/chat branches"],"duration":154,"failureDetails":[],"failureMessages":[],"fullName":"API /api/aria/chat branches 401 when session missing studentId/parentId","invocations":1,"location":null,"numPassingAsserts":1,"retryReasons":[],"status":"passed","title":"401 when session missing studentId/parentId"},{"ancestorTitles":["API /api/aria/chat branches"],"duration":126,"failureDetails":[],"failureMessages":[],"fullName":"API /api/aria/chat branches 429 freemium usage reached","invocations":1,"location":null,"numPassingAsserts":2,"retryReasons":[],"status":"passed","title":"429 freemium usage reached"},{"ancestorTitles":["API /api/aria/chat branches"],"duration":196,"failureDetails":[],"failureMessages":[],"fullName":"API /api/aria/chat branches increments freemium usage when under quota (covers line 64)","invocations":1,"location":null,"numPassingAsserts":2,"retryReasons":[],"status":"passed","title":"increments freemium usage when under quota (covers line 64)"}],"endTime":1756631142900,"message":"","name":"/home/alaeddine/Documents/nexus-project_v0/__tests__/api/aria-chat.branches.test.ts","startTime":1756631141651,"status":"passed","summary":""},{"assertionResults":[{"ancestorTitles":["Konnect webhook signature"],"duration":4,"failureDetails":[],"failureMessages":[],"fullName":"Konnect webhook signature rejects when signature missing","invocations":1,"location":null,"numPassingAsserts":1,"retryReasons":[],"status":"passed","title":"rejects when signature missing"},{"ancestorTitles":["Konnect webhook signature"],"duration":1,"failureDetails":[],"failureMessages":[],"fullName":"Konnect webhook signature rejects when signature invalid","invocations":1,"location":null,"numPassingAsserts":1,"retryReasons":[],"status":"passed","title":"rejects when signature invalid"},{"ancestorTitles":["Konnect webhook signature"],"duration":8,"failureDetails":[],"failureMessages":[],"fullName":"Konnect webhook signature accepts when signature valid","invocations":1,"location":null,"numPassingAsserts":1,"retryReasons":[],"status":"passed","title":"accepts when signature valid"}],"endTime":1756631142937,"message":"","name":"/home/alaeddine/Documents/nexus-project_v0/__tests__/api/konnect-webhook.signature.test.ts","startTime":1756631142690,"status":"passed","summary":""},{"assertionResults":[{"ancestorTitles":["AriaOrchestrator RAG ingestion branches"],"duration":9,"failureDetails":[],"failureMessages":[],"fullName":"AriaOrchestrator RAG ingestion branches should call ingest when response meets structure/length (test env threshold)","invocations":1,"location":null,"numPassingAsserts":1,"retryReasons":[],"status":"passed","title":"should call ingest when response meets structure/length (test env threshold)"},{"ancestorTitles":["AriaOrchestrator RAG ingestion branches"],"duration":2,"failureDetails":[],"failureMessages":[],"fullName":"AriaOrchestrator RAG ingestion branches should include decision_hints in LLM payload for RAG long response","invocations":1,"location":null,"numPassingAsserts":2,"retryReasons":[],"status":"passed","title":"should include decision_hints in LLM payload for RAG long response"},{"ancestorTitles":["AriaOrchestrator RAG ingestion branches"],"duration":1,"failureDetails":[],"failureMessages":[],"fullName":"AriaOrchestrator RAG ingestion branches should not call ingest when response is too short and unstructured","invocations":1,"location":null,"numPassingAsserts":1,"retryReasons":[],"status":"passed","title":"should not call ingest when response is too short and unstructured"}],"endTime":1756631142946,"message":"","name":"/home/alaeddine/Documents/nexus-project_v0/__tests__/lib/aria/orchestrator.rag.branches.test.ts","startTime":1756631142569,"status":"passed","summary":""},{"assertionResults":[{"ancestorTitles":["Admin Dashboard API"],"duration":18,"failureDetails":[],"failureMessages":[],"fullName":"Admin Dashboard API should reject non-admin","invocations":1,"location":null,"numPassingAsserts":1,"retryReasons":[],"status":"passed","title":"should reject non-admin"},{"ancestorTitles":["Admin Dashboard API"],"duration":7,"failureDetails":[],"failureMessages":[],"fullName":"Admin Dashboard API should return aggregated stats","invocations":1,"location":null,"numPassingAsserts":3,"retryReasons":[],"status":"passed","title":"should return aggregated stats"}],"endTime":1756631142959,"message":"","name":"/home/alaeddine/Documents/nexus-project_v0/__tests__/api/admin/dashboard.integration.test.ts","startTime":1756631142627,"status":"passed","summary":""},{"assertionResults":[{"ancestorTitles":["Admin Activities - subscription and credit mapping coverage"],"duration":16,"failureDetails":[],"failureMessages":[],"fullName":"Admin Activities - subscription and credit mapping coverage maps subscriptions and credits including fallbacks and fields near lines 106-123","invocations":1,"location":null,"numPassingAsserts":9,"retryReasons":[],"status":"passed","title":"maps subscriptions and credits including fallbacks and fields near lines 106-123"}],"endTime":1756631142982,"message":"","name":"/home/alaeddine/Documents/nexus-project_v0/__tests__/api/admin/activities.subscription.and.credit.mapping.test.ts","startTime":1756631142706,"status":"passed","summary":""},{"assertionResults":[{"ancestorTitles":["Admin Analytics API"],"duration":8,"failureDetails":[],"failureMessages":[],"fullName":"Admin Analytics API should reject non-admin","invocations":1,"location":null,"numPassingAsserts":1,"retryReasons":[],"status":"passed","title":"should reject non-admin"},{"ancestorTitles":["Admin Analytics API"],"duration":3,"failureDetails":[],"failureMessages":[],"fullName":"Admin Analytics API should return analytics for current month","invocations":1,"location":null,"numPassingAsserts":2,"retryReasons":[],"status":"passed","title":"should return analytics for current month"}],"endTime":1756631143023,"message":"","name":"/home/alaeddine/Documents/nexus-project_v0/__tests__/api/admin/analytics.integration.test.ts","startTime":1756631142723,"status":"passed","summary":""},{"assertionResults":[{"ancestorTitles":["apps/web/server/bilan/offers.applyOfferOverlay"],"duration":14,"failureDetails":[],"failureMessages":[],"fullName":"apps/web/server/bilan/offers.applyOfferOverlay matches CANDIDAT_LIBRE_ODYSSEE rule","invocations":1,"location":null,"numPassingAsserts":2,"retryReasons":[],"status":"passed","title":"matches CANDIDAT_LIBRE_ODYSSEE rule"},{"ancestorTitles":["apps/web/server/bilan/offers.applyOfferOverlay"],"duration":1,"failureDetails":[],"failureMessages":[],"fullName":"apps/web/server/bilan/offers.applyOfferOverlay matches CORTEX_HIGH_PERF rule for high performance and good autonomy","invocations":1,"location":null,"numPassingAsserts":2,"retryReasons":[],"status":"passed","title":"matches CORTEX_HIGH_PERF rule for high performance and good autonomy"},{"ancestorTitles":["apps/web/server/bilan/offers.applyOfferOverlay"],"duration":1,"failureDetails":[],"failureMessages":[],"fullName":"apps/web/server/bilan/offers.applyOfferOverlay matches STUDIO_FLEX_TARGETED when >=2 domains below 50%","invocations":1,"location":null,"numPassingAsserts":2,"retryReasons":[],"status":"passed","title":"matches STUDIO_FLEX_TARGETED when >=2 domains below 50%"}],"endTime":1756631143021,"message":"","name":"/home/alaeddine/Documents/nexus-project_v0/__tests__/lib/bilan.offers.test.ts","startTime":1756631142762,"status":"passed","summary":""},{"assertionResults":[{"ancestorTitles":["Admin Activities API"],"duration":9,"failureDetails":[],"failureMessages":[],"fullName":"Admin Activities API should reject non-admin","invocations":1,"location":null,"numPassingAsserts":1,"retryReasons":[],"status":"passed","title":"should reject non-admin"},{"ancestorTitles":["Admin Activities API"],"duration":4,"failureDetails":[],"failureMessages":[],"fullName":"Admin Activities API should merge activities from multiple sources","invocations":1,"location":null,"numPassingAsserts":2,"retryReasons":[],"status":"passed","title":"should merge activities from multiple sources"}],"endTime":1756631143009,"message":"","name":"/home/alaeddine/Documents/nexus-project_v0/__tests__/api/admin/activities.integration.test.ts","startTime":1756631142746,"status":"passed","summary":""},{"assertionResults":[{"ancestorTitles":["ARIA services env branches"],"duration":7,"failureDetails":[],"failureMessages":[],"fullName":"ARIA services env branches uses env-provided base URLs","invocations":1,"location":null,"numPassingAsserts":3,"retryReasons":[],"status":"passed","title":"uses env-provided base URLs"},{"ancestorTitles":["ARIA services env branches"],"duration":3,"failureDetails":[],"failureMessages":[],"fullName":"ARIA services env branches uses default base URLs when env not set","invocations":1,"location":null,"numPassingAsserts":3,"retryReasons":[],"status":"passed","title":"uses default base URLs when env not set"}],"endTime":1756631143069,"message":"","name":"/home/alaeddine/Documents/nexus-project_v0/__tests__/lib/aria/services.env.branches.test.ts","startTime":1756631142832,"status":"passed","summary":""},{"assertionResults":[{"ancestorTitles":["Admin Users - error branches"],"duration":82,"failureDetails":[],"failureMessages":[],"fullName":"Admin Users - error branches GET catch: internal error returns 500","invocations":1,"location":null,"numPassingAsserts":1,"retryReasons":[],"status":"passed","title":"GET catch: internal error returns 500"},{"ancestorTitles":["Admin Users - error branches"],"duration":5,"failureDetails":[],"failureMessages":[],"fullName":"Admin Users - error branches POST catch: create throws","invocations":1,"location":null,"numPassingAsserts":1,"retryReasons":[],"status":"passed","title":"POST catch: create throws"},{"ancestorTitles":["Admin Users - error branches"],"duration":3,"failureDetails":[],"failureMessages":[],"fullName":"Admin Users - error branches PUT catch: update throws","invocations":1,"location":null,"numPassingAsserts":1,"retryReasons":[],"status":"passed","title":"PUT catch: update throws"},{"ancestorTitles":["Admin Users - error branches"],"duration":2,"failureDetails":[],"failureMessages":[],"fullName":"Admin Users - error branches DELETE catch: delete throws","invocations":1,"location":null,"numPassingAsserts":1,"retryReasons":[],"status":"passed","title":"DELETE catch: delete throws"}],"endTime":1756631143159,"message":"","name":"/home/alaeddine/Documents/nexus-project_v0/__tests__/api/admin/users.error.branches.test.ts","startTime":1756631142665,"status":"passed","summary":""},{"assertionResults":[{"ancestorTitles":["lib/aria/env-validate"],"duration":4,"failureDetails":[],"failureMessages":[],"fullName":"lib/aria/env-validate computeAriaMode defaults to service","invocations":1,"location":null,"numPassingAsserts":1,"retryReasons":[],"status":"passed","title":"computeAriaMode defaults to service"},{"ancestorTitles":["lib/aria/env-validate"],"duration":1,"failureDetails":[],"failureMessages":[],"fullName":"lib/aria/env-validate computeAriaMode service when USE_LLM_SERVICE=1","invocations":1,"location":null,"numPassingAsserts":1,"retryReasons":[],"status":"passed","title":"computeAriaMode service when USE_LLM_SERVICE=1"},{"ancestorTitles":["lib/aria/env-validate"],"duration":1,"failureDetails":[],"failureMessages":[],"fullName":"lib/aria/env-validate computeAriaMode direct when DIRECT_OPENAI_DEV=1 and key present","invocations":1,"location":null,"numPassingAsserts":1,"retryReasons":[],"status":"passed","title":"computeAriaMode direct when DIRECT_OPENAI_DEV=1 and key present"},{"ancestorTitles":["lib/aria/env-validate"],"duration":18,"failureDetails":[],"failureMessages":[],"fullName":"lib/aria/env-validate validateAriaEnv enforces production OPENAI_MODEL","invocations":1,"location":null,"numPassingAsserts":2,"retryReasons":[],"status":"passed","title":"validateAriaEnv enforces production OPENAI_MODEL"},{"ancestorTitles":["lib/aria/env-validate"],"duration":3,"failureDetails":[],"failureMessages":[],"fullName":"lib/aria/env-validate validateAriaEnv enforces OPENAI_API_KEY when DIRECT_OPENAI_DEV=1","invocations":1,"location":null,"numPassingAsserts":2,"retryReasons":[],"status":"passed","title":"validateAriaEnv enforces OPENAI_API_KEY when DIRECT_OPENAI_DEV=1"},{"ancestorTitles":["lib/aria/env-validate"],"duration":2,"failureDetails":[],"failureMessages":[],"fullName":"lib/aria/env-validate validateAriaEnv enforces LLM_SERVICE_URL when USE_LLM_SERVICE=1","invocations":1,"location":null,"numPassingAsserts":2,"retryReasons":[],"status":"passed","title":"validateAriaEnv enforces LLM_SERVICE_URL when USE_LLM_SERVICE=1"}],"endTime":1756631143165,"message":"","name":"/home/alaeddine/Documents/nexus-project_v0/__tests__/lib/aria.env-validate.test.ts","startTime":1756631142908,"status":"passed","summary":""},{"assertionResults":[{"ancestorTitles":["API /api/rag/search"],"duration":19,"failureDetails":[],"failureMessages":[],"fullName":"API /api/rag/search E2E stub branch returns provider stub and docType inference","invocations":1,"location":null,"numPassingAsserts":3,"retryReasons":[],"status":"passed","title":"E2E stub branch returns provider stub and docType inference"},{"ancestorTitles":["API /api/rag/search"],"duration":8,"failureDetails":[],"failureMessages":[],"fullName":"API /api/rag/search vector provider path uses embedTexts + $queryRawUnsafe","invocations":1,"location":null,"numPassingAsserts":3,"retryReasons":[],"status":"passed","title":"vector provider path uses embedTexts + $queryRawUnsafe"},{"ancestorTitles":["API /api/rag/search"],"duration":6,"failureDetails":[],"failureMessages":[],"fullName":"API /api/rag/search fallback to text provider when vector search fails","invocations":1,"location":null,"numPassingAsserts":2,"retryReasons":[],"status":"passed","title":"fallback to text provider when vector search fails"}],"endTime":1756631143184,"message":"","name":"/home/alaeddine/Documents/nexus-project_v0/__tests__/api/rag.search.test.ts","startTime":1756631142867,"status":"passed","summary":""},{"assertionResults":[{"ancestorTitles":["Admin Activities API extra branches"],"duration":11,"failureDetails":[],"failureMessages":[],"fullName":"Admin Activities API extra branches applies type filter and search filter","invocations":1,"location":null,"numPassingAsserts":2,"retryReasons":[],"status":"passed","title":"applies type filter and search filter"},{"ancestorTitles":["Admin Activities API extra branches"],"duration":29,"failureDetails":[],"failureMessages":[],"fullName":"Admin Activities API extra branches returns 500 on internal error","invocations":1,"location":null,"numPassingAsserts":1,"retryReasons":[],"status":"passed","title":"returns 500 on internal error"}],"endTime":1756631143202,"message":"","name":"/home/alaeddine/Documents/nexus-project_v0/__tests__/api/admin/activities.more.integration.test.ts","startTime":1756631142937,"status":"passed","summary":""},{"assertionResults":[{"ancestorTitles":["lib/credits - expireOldCredits"],"duration":8,"failureDetails":[],"failureMessages":[],"fullName":"lib/credits - expireOldCredits creates EXPIRATION transactions for each expired MONTHLY_ALLOCATION","invocations":1,"location":null,"numPassingAsserts":4,"retryReasons":[],"status":"passed","title":"creates EXPIRATION transactions for each expired MONTHLY_ALLOCATION"},{"ancestorTitles":["lib/credits - expireOldCredits"],"duration":1,"failureDetails":[],"failureMessages":[],"fullName":"lib/credits - expireOldCredits does nothing when no expired transactions","invocations":1,"location":null,"numPassingAsserts":1,"retryReasons":[],"status":"passed","title":"does nothing when no expired transactions"}],"endTime":1756631143205,"message":"","name":"/home/alaeddine/Documents/nexus-project_v0/__tests__/lib/credits.expiration.test.ts","startTime":1756631142977,"status":"passed","summary":""},{"assertionResults":[{"ancestorTitles":["API /api/aria/chat streaming modes"],"duration":281,"failureDetails":[],"failureMessages":[],"fullName":"API /api/aria/chat streaming modes returns SSE error when stream=true in service mode","invocations":1,"location":null,"numPassingAsserts":4,"retryReasons":[],"status":"passed","title":"returns SSE error when stream=true in service mode"},{"ancestorTitles":["API /api/aria/chat streaming modes"],"duration":148,"failureDetails":[],"failureMessages":[],"fullName":"API /api/aria/chat streaming modes streams tokens when direct mode with mocked OpenAI","invocations":1,"location":null,"numPassingAsserts":5,"retryReasons":[],"status":"passed","title":"streams tokens when direct mode with mocked OpenAI"}],"endTime":1756631143206,"message":"","name":"/home/alaeddine/Documents/nexus-project_v0/__tests__/api/aria-chat.stream.test.ts","startTime":1756631142400,"status":"passed","summary":""},{"assertionResults":[{"ancestorTitles":["API /api/admin/analytics additional branches"],"duration":14,"failureDetails":[],"failureMessages":[],"fullName":"API /api/admin/analytics additional branches handles period=quarter and year and default gracefully","invocations":1,"location":null,"numPassingAsserts":3,"retryReasons":[],"status":"passed","title":"handles period=quarter and year and default gracefully"},{"ancestorTitles":["API /api/admin/analytics additional branches"],"duration":39,"failureDetails":[],"failureMessages":[],"fullName":"API /api/admin/analytics additional branches returns 500 on internal error","invocations":1,"location":null,"numPassingAsserts":1,"retryReasons":[],"status":"passed","title":"returns 500 on internal error"}],"endTime":1756631143247,"message":"","name":"/home/alaeddine/Documents/nexus-project_v0/__tests__/api/admin/analytics.more.integration.test.ts","startTime":1756631142903,"status":"passed","summary":""},{"assertionResults":[{"ancestorTitles":["Konnect webhook additional status branches"],"duration":26,"failureDetails":[],"failureMessages":[],"fullName":"Konnect webhook additional status branches returns 200 for unknown status branch (neither completed nor failed)","invocations":1,"location":null,"numPassingAsserts":1,"retryReasons":[],"status":"passed","title":"returns 200 for unknown status branch (neither completed nor failed)"},{"ancestorTitles":["Konnect webhook additional status branches"],"duration":4,"failureDetails":[],"failureMessages":[],"fullName":"Konnect webhook additional status branches handles CREDIT_PACK type (no-op path) and returns 200","invocations":
[...]
0},"end":{"line":38,"column":31}},"loc":{"start":{"line":38,"column":37},"end":{"line":38,"column":45}}},"8":{"name":"buildPdfPayloadNSIPremiere","decl":{"start":{"line":45,"column":16},"end":{"line":45,"column":42}},"loc":{"start":{"line":45,"column":59},"end":{"line":52,"column":null}}}},"branchMap":{"0":{"loc":{"start":{"line":11,"column":67},"end":{"line":11,"column":103}},"type":"binary-expr","locations":[{"start":{"line":11,"column":67},"end":{"line":11,"column":101}},{"start":{"line":11,"column":101},"end":{"line":11,"column":103}}]},"1":{"loc":{"start":{"line":17,"column":38},"end":{"line":17,"column":63}},"type":"binary-expr","locations":[{"start":{"line":17,"column":38},"end":{"line":17,"column":54}},{"start":{"line":17,"column":58},"end":{"line":17,"column":63}}]},"2":{"loc":{"start":{"line":18,"column":14},"end":{"line":18,"column":null}},"type":"binary-expr","locations":[{"start":{"line":18,"column":14},"end":{"line":18,"column":23}},{"start":{"line":18,"column":27},"end":{"line":18,"column":null}}]},"3":{"loc":{"start":{"line":20,"column":4},"end":{"line":21,"column":null}},"type":"if","locations":[{"start":{"line":20,"column":4},"end":{"line":21,"column":null}},{"start":{"line":21,"column":9},"end":{"line":21,"column":null}}]},"4":{"loc":{"start":{"line":21,"column":9},"end":{"line":21,"column":null}},"type":"if","locations":[{"start":{"line":21,"column":9},"end":{"line":21,"column":null}}]},"5":{"loc":{"start":{"line":36,"column":33},"end":{"line":36,"column":57}},"type":"binary-expr","locations":[{"start":{"line":36,"column":33},"end":{"line":36,"column":49}},{"start":{"line":36,"column":53},"end":{"line":36,"column":57}}]},"6":{"loc":{"start":{"line":36,"column":68},"end":{"line":36,"column":null}},"type":"binary-expr","locations":[{"start":{"line":36,"column":68},"end":{"line":36,"column":77}},{"start":{"line":36,"column":81},"end":{"line":36,"column":null}}]},"7":{"loc":{"start":{"line":37,"column":14},"end":{"line":37,"column":null}},"type":"cond-expr","locations":[{"start":{"line":37,"column":32},"end":{"line":37,"column":85}},{"start":{"line":37,"column":88},"end":{"line":37,"column":null}}]},"8":{"loc":{"start":{"line":39,"column":2},"end":{"line":39,"column":null}},"type":"if","locations":[{"start":{"line":39,"column":2},"end":{"line":39,"column":null}}]},"9":{"loc":{"start":{"line":39,"column":6},"end":{"line":39,"column":30}},"type":"binary-expr","locations":[{"start":{"line":39,"column":6},"end":{"line":39,"column":19}},{"start":{"line":39,"column":19},"end":{"line":39,"column":30}}]},"10":{"loc":{"start":{"line":40,"column":2},"end":{"line":40,"column":null}},"type":"if","locations":[{"start":{"line":40,"column":2},"end":{"line":40,"column":null}}]},"11":{"loc":{"start":{"line":41,"column":2},"end":{"line":41,"column":null}},"type":"if","locations":[{"start":{"line":41,"column":2},"end":{"line":41,"column":null}}]}},"s":{"0":1,"1":0,"2":0,"3":0,"4":0,"5":1,"6":1,"7":1,"8":9,"9":1,"10":1,"11":1,"12":9,"13":9,"14":9,"15":5,"16":4,"17":1,"18":1,"19":1,"20":1,"21":9,"22":1,"23":9,"24":1,"25":9,"26":1,"27":0,"28":1,"29":1,"30":0,"31":0,"32":0,"33":1,"34":1,"35":1,"36":1,"37":1,"38":1},"f":{"0":1,"1":9,"2":1,"3":1,"4":1,"5":9,"6":9,"7":9,"8":1},"b":{"0":[9,0],"1":[1,0],"2":[9,0],"3":[5,4],"4":[1],"5":[1,0],"6":[9,0],"7":[1,0],"8":[0],"9":[1,1],"10":[1],"11":[0]}},"/home/alaeddine/Documents/nexus-project_v0/lib/scoring/adapter_nsi_pedago.ts":{"path":"/home/alaeddine/Documents/nexus-project_v0/lib/scoring/adapter_nsi_pedago.ts","statementMap":{"0":{"start":{"line":113,"column":16},"end":{"line":113,"column":45}},"1":{"start":{"line":61,"column":16},"end":{"line":61,"column":32}},"2":{"start":{"line":105,"column":16},"end":{"line":105,"column":36}},"3":{"start":{"line":23,"column":16},"end":{"line":23,"column":30}},"4":{"start":{"line":18,"column":18},"end":{"line":18,"column":null}},"5":{"start":{"line":19,"column":14},"end":{"line":19,"column":47}},"6":{"start":{"line":20,"column":2},"end":{"line":20,"column":24}},"7":{"start":{"line":24,"column":45},"end":{"line":24,"column":null}},"8":{"start":{"line":25,"column":2},"end":{"line":39,"column":null}},"9":{"start":{"line":26,"column":14},"end":{"line":26,"column":22}},"10":{"start":{"line":27,"column":4},"end":{"line":27,"column":null}},"11":{"start":{"line":28,"column":4},"end":{"line":28,"column":null}},"12":{"start":{"line":29,"column":14},"end":{"line":29,"column":27}},"13":{"start":{"line":30,"column":4},"end":{"line":32,"column":null}},"14":{"start":{"line":31,"column":6},"end":{"line":31,"column":null}},"15":{"start":{"line":33,"column":4},"end":{"line":35,"column":null}},"16":{"start":{"line":34,"column":6},"end":{"line":34,"column":44}},"17":{"start":{"line":36,"column":4},"end":{"line":38,"column":null}},"18":{"start":{"line":37,"column":6},"end":{"line":37,"column":null}},"19":{"start":{"line":40,"column":2},"end":{"line":43,"column":null}},"20":{"start":{"line":41,"column":28},"end":{"line":41,"column":39}},"21":{"start":{"line":42,"column":4},"end":{"line":42,"column":null}},"22":{"start":{"line":44,"column":2},"end":{"line":44,"column":null}},"23":{"start":{"line":57,"column":15},"end":{"line":57,"column":null}},"24":{"start":{"line":57,"column":40},"end":{"line":57,"column":null}},"25":{"start":{"line":58,"column":2},"end":{"line":58,"column":null}},"26":{"start":{"line":58,"column":31},"end":{"line":58,"column":38}},"27":{"start":{"line":62,"column":14},"end":{"line":62,"column":24}},"28":{"start":{"line":63,"column":12},"end":{"line":63,"column":null}},"29":{"start":{"line":64,"column":12},"end":{"line":64,"column":null}},"30":{"start":{"line":65,"column":12},"end":{"line":65,"column":null}},"31":{"start":{"line":66,"column":14},"end":{"line":66,"column":null}},"32":{"start":{"line":67,"column":39},"end":{"line":67,"column":null}},"33":{"start":{"line":69,"column":15},"end":{"line":71,"column":null}},"34":{"start":{"line":72,"column":20},"end":{"line":72,"column":null}},"35":{"start":{"line":74,"column":14},"end":{"line":76,"column":null}},"36":{"start":{"line":77,"column":23},"end":{"line":77,"column":null}},"37":{"start":{"line":79,"column":20},"end":{"line":81,"column":null}},"38":{"start":{"line":82,"column":45},"end":{"line":82,"column":null}},"39":{"start":{"line":84,"column":26},"end":{"line":84,"column":28}},"40":{"start":{"line":85,"column":2},"end":{"line":85,"column":null}},"41":{"start":{"line":85,"column":38},"end":{"line":85,"column":null}},"42":{"start":{"line":86,"column":2},"end":{"line":86,"column":null}},"43":{"start":{"line":86,"column":38},"end":{"line":86,"column":null}},"44":{"start":{"line":87,"column":2},"end":{"line":87,"column":null}},"45":{"start":{"line":87,"column":38},"end":{"line":87,"column":null}},"46":{"start":{"line":88,"column":14},"end":{"line":88,"column":24}},"47":{"start":{"line":89,"column":2},"end":{"line":94,"column":null}},"48":{"start":{"line":90,"column":4},"end":{"line":90,"column":null}},"49":{"start":{"line":90,"column":25},"end":{"line":90,"column":null}},"50":{"start":{"line":91,"column":4},"end":{"line":91,"column":null}},"51":{"start":{"line":91,"column":25},"end":{"line":91,"column":null}},"52":{"start":{"line":92,"column":4},"end":{"line":92,"column":null}},"53":{"start":{"line":92,"column":25},"end":{"line":92,"column":null}},"54":{"start":{"line":93,"column":4},"end":{"line":93,"column":null}},"55":{"start":{"line":93,"column":25},"end":{"line":93,"column":null}},"56":{"start":{"line":96,"column":22},"end":{"line":100,"column":null}},"57":{"start":{"line":102,"column":2},"end":{"line":102,"column":null}},"58":{"start":{"line":106,"column":15},"end":{"line":106,"column":null}},"59":{"start":{"line":107,"column":2},"end":{"line":107,"column":null}},"60":{"start":{"line":107,"column":96},"end":{"line":107,"column":null}},"61":{"start":{"line":108,"column":16},"end":{"line":108,"column":null}},"62":{"start":{"line":109,"column":16},"end":{"line":109,"column":null}},"63":{"start":{"line":110,"column":2},"end":{"line":110,"column":null}},"64":{"start":{"line":114,"column":23},"end":{"line":114,"column":null}},"65":{"start":{"line":115,"column":24},"end":{"line":115,"column":null}},"66":{"start":{"line":116,"column":25},"end":{"line":116,"column":null}},"67":{"start":{"line":117,"column":2},"end":{"line":117,"column":null}}},"fnMap":{"0":{"name":"normalizeLikert","decl":{"start":{"line":17,"column":9},"end":{"line":17,"column":25}},"loc":{"start":{"line":17,"column":51},"end":{"line":21,"column":null}}},"1":{"name":"scorePedagoNSI","decl":{"start":{"line":23,"column":16},"end":{"line":23,"column":30}},"loc":{"start":{"line":23,"column":90},"end":{"line":45,"column":null}}},"2":{"name":"avgLikert","decl":{"start":{"line":56,"column":9},"end":{"line":56,"column":19}},"loc":{"start":{"line":56,"column":71},"end":{"line":59,"column":null}}},"3":{"name":"(anonymous_8)","decl":{"start":{"line":57,"column":25},"end":{"line":57,"column":26}},"loc":{"start":{"line":57,"column":40},"end":{"line":57,"column":null}}},"4":{"name":"(anonymous_9)","decl":{"start":{"line":58,"column":21},"end":{"line":58,"column":22}},"loc":{"start":{"line":58,"column":31},"end":{"line":58,"column":38}}},"5":{"name":"deriveProfileNSI","decl":{"start":{"line":61,"column":16},"end":{"line":61,"column":32}},"loc":{"start":{"line":61,"column":53},"end":{"line":103,"column":null}}},"6":{"name":"recommendModalityNSI","decl":{"start":{"line":105,"column":16},"end":{"line":105,"column":36}},"loc":{"start":{"line":105,"column":62},"end":{"line":111,"column":null}}},"7":{"name":"buildPedagoPayloadNSIPremiere","decl":{"start":{"line":113,"column":16},"end":{"line":113,"column":45}},"loc":{"start":{"line":113,"column":105},"end":{"line":118,"column":null}}}},"branchMap":{"0":{"loc":{"start":{"line":17,"column":36},"end":{"line":17,"column":51}},"type":"default-arg","locations":[{"start":{"line":17,"column":46},"end":{"line":17,"column":51}}]},"1":{"loc":{"start":{"line":18,"column":49},"end":{"line":18,"column":null}},"type":"binary-expr","locations":[{"start":{"line":18,"column":49},"end":{"line":18,"column":54}},{"start":{"line":18,"column":54},"end":{"line":18,"column":null}}]},"2":{"loc":{"start":{"line":19,"column":14},"end":{"line":19,"column":47}},"type":"cond-expr","locations":[{"start":{"line":19,"column":24},"end":{"line":19,"column":38}},{"start":{"line":19,"column":38},"end":{"line":19,"column":47}}]},"3":{"loc":{"start":{"line":30,"column":4},"end":{"line":32,"column":null}},"type":"if","locations":[{"start":{"line":30,"column":4},"end":{"line":32,"column":null}}]},"4":{"loc":{"start":{"line":30,"column":8},"end":{"line":30,"column":54}},"type":"binary-expr","locations":[{"start":{"line":30,"column":8},"end":{"line":30,"column":31}},{"start":{"line":30,"column":31},"end":{"line":30,"column":54}}]},"5":{"loc":{"start":{"line":33,"column":4},"end":{"line":35,"column":null}},"type":"if","locations":[{"start":{"line":33,"column":4},"end":{"line":35,"column":null}}]},"6":{"loc":{"start":{"line":33,"column":8},"end":{"line":33,"column":54}},"type":"binary-expr","locations":[{"start":{"line":33,"column":8},"end":{"line":33,"column":31}},{"start":{"line":33,"column":31},"end":{"line":33,"column":54}}]},"7":{"loc":{"start":{"line":36,"column":4},"end":{"line":38,"column":null}},"type":"if","locations":[{"start":{"line":36,"column":4},"end":{"line":38,"column":null}}]},"8":{"loc":{"start":{"line":36,"column":8},"end":{"line":36,"column":48}},"type":"binary-expr","locations":[{"start":{"line":36,"column":8},"end":{"line":36,"column":30}},{"start":{"line":36,"column":30},"end":{"line":36,"column":48}}]},"9":{"loc":{"start":{"line":57,"column":63},"end":{"line":57,"column":78}},"type":"binary-expr","locations":[{"start":{"line":57,"column":63},"end":{"line":57,"column":70}},{"start":{"line":57,"column":74},"end":{"line":57,"column":78}}]},"10":{"loc":{"start":{"line":63,"column":19},"end":{"line":63,"column":null}},"type":"binary-expr","locations":[{"start":{"line":63,"column":19},"end":{"line":63,"column":29}},{"start":{"line":63,"column":33},"end":{"line":63,"column":null}}]},"11":{"loc":{"start":{"line":64,"column":19},"end":{"line":64,"column":null}},"type":"binary-expr","locations":[{"start":{"line":64,"column":19},"end":{"line":64,"column":29}},{"start":{"line":64,"column":33},"end":{"line":64,"column":null}}]},"12":{"loc":{"start":{"line":65,"column":19},"end":{"line":65,"column":null}},"type":"binary-expr","locations":[{"start":{"line":65,"column":19},"end":{"line":65,"column":29}},{"start":{"line":65,"column":33},"end":{"line":65,"column":null}}]},"13":{"loc":{"start":{"line":67,"column":39},"end":{"line":67,"column":null}},"type":"cond-expr","locations":[{"start":{"line":67,"column":51},"end":{"line":67,"column":62}},{"start":{"line":67,"column":62},"end":{"line":67,"column":null}}]},"14":{"loc":{"start":{"line":67,"column":62},"end":{"line":67,"column":null}},"type":"cond-expr","locations":[{"start":{"line":67,"column":74},"end":{"line":67,"column":86}},{"start":{"line":67,"column":86},"end":{"line":67,"column":null}}]},"15":{"loc":{"start":{"line":72,"column":20},"end":{"line":72,"column":null}},"type":"cond-expr","locations":[{"start":{"line":72,"column":35},"end":{"line":72,"column":45}},{"start":{"line":72,"column":45},"end":{"line":72,"column":null}}]},"16":{"loc":{"start":{"line":72,"column":45},"end":{"line":72,"column":null}},"type":"cond-expr","locations":[{"start":{"line":72,"column":59},"end":{"line":72,"column":71}},{"start":{"line":72,"column":71},"end":{"line":72,"column":null}}]},"17":{"loc":{"start":{"line":77,"column":23},"end":{"line":77,"column":null}},"type":"cond-expr","locations":[{"start":{"line":77,"column":37},"end":{"line":77,"column":47}},{"start":{"line":77,"column":47},"end":{"line":77,"column":null}}]},"18":{"loc":{"start":{"line":77,"column":47},"end":{"line":77,"column":null}},"type":"cond-expr","locations":[{"start":{"line":77,"column":60},"end":{"line":77,"column":72}},{"start":{"line":77,"column":72},"end":{"line":77,"column":null}}]},"19":{"loc":{"start":{"line":82,"column":45},"end":{"line":82,"column":null}},"type":"cond-expr","locations":[{"start":{"line":82,"column":65},"end":{"line":82,"column":76}},{"start":{"line":82,"column":76},"end":{"line":82,"column":null}}]},"20":{"loc":{"start":{"line":82,"column":76},"end":{"line":82,"column":null}},"type":"cond-expr","locations":[{"start":{"line":82,"column":95},"end":{"line":82,"column":105}},{"start":{"line":82,"column":105},"end":{"line":82,"column":null}}]},"21":{"loc":{"start":{"line":85,"column":2},"end":{"line":85,"column":null}},"type":"if","locations":[{"start":{"line":85,"column":2},"end":{"line":85,"column":null}}]},"22":{"loc":{"start":{"line":85,"column":7},"end":{"line":85,"column":35}},"type":"binary-expr","locations":[{"start":{"line":85,"column":7},"end":{"line":85,"column":29}},{"start":{"line":85,"column":29},"end":{"line":85,"column":35}}]},"23":{"loc":{"start":{"line":86,"column":2},"end":{"line":86,"column":null}},"type":"if","locations":[{"start":{"line":86,"column":2},"end":{"line":86,"column":null}}]},"24":{"loc":{"start":{"line":86,"column":7},"end":{"line":86,"column":35}},"type":"binary-expr","locations":[{"start":{"line":86,"column":7},"end":{"line":86,"column":29}},{"start":{"line":86,"column":29},"end":{"line":86,"column":35}}]},"25":{"loc":{"start":{"line":87,"column":2},"end":{"line":87,"column":null}},"type":"if","locations":[{"start":{"line":87,"column":2},"end":{"line":87,"column":null}}]},"26":{"loc":{"start":{"line":87,"column":7},"end":{"line":87,"column":35}},"type":"binary-expr","locations":[{"start":{"line":87,"column":7},"end":{"line":87,"column":29}},{"start":{"line":87,"column":29},"end":{"line":87,"column":35}}]},"27":{"loc":{"start":{"line":89,"column":2},"end":{"line":94,"column":null}},"type":"if","locations":[{"start":{"line":89,"column":2},"end":{"line":94,"column":null}}]},"28":{"loc":{"start":{"line":90,"column":4},"end":{"line":90,"column":null}},"type":"if","locations":[{"start":{"line":90,"column":4},"end":{"line":90,"column":null}}]},"29":{"loc":{"start":{"line":91,"column":4},"end":{"line":91,"column":null}},"type":"if","locations":[{"start":{"line":91,"column":4},"end":{"line":91,"column":null}}]},"30":{"loc":{"start":{"line":92,"column":4},"end":{"line":92,"column":null}},"type":"if","locations":[{"start":{"line":92,"column":4},"end":{"line":92,"column":null}}]},"31":{"loc":{"start":{"line":93,"column":4},"end":{"line":93,"column":null}},"type":"if","locations":[{"start":{"line":93,"column":4},"end":{"line":93,"column":null}}]},"32":{"loc":{"start":{"line":97,"column":22},"end":{"line":97,"column":50}},"type":"binary-expr","locations":[{"start":{"line":97,"column":22},"end":{"line":97,"column":44}},{"start":{"line":97,"column":44},"end":{"line":97,"column":50}}]},"33":{"loc":{"start":{"line":98,"column":9},"end":{"line":98,"column":null}},"type":"binary-expr","locations":[{"start":{"line":98,"column":9},"end":{"line":98,"column":43}},{"start":{"line":98,"column":43},"end":{"line":98,"column":null}}]},"34":{"loc":{"start":{"line":98,"column":10},"end":{"line":98,"column":38}},"type":"binary-expr","locations":[{"start":{"line":98,"column":10},"end":{"line":98,"column":32}},{"start":{"line":98,"column":32},"end":{"line":98,"column":38}}]},"35":{"loc":{"start":{"line":98,"column":44},"end":{"line":98,"column":72}},"type":"binary-expr","locations":[{"start":{"line":98,"column":44},"end":{"line":98,"column":66}},{"start":{"line":98,"column":66},"end":{"line":98,"column":72}}]},"36":{"loc":{"start":{"line":99,"column":12},"end":{"line":99,"column":39}},"type":"binary-expr","locations":[{"start":{"line":99,"column":12},"end":{"line":99,"column":33}},{"start":{"line":99,"column":33},"end":{"line":99,"column":39}}]},"37":{"loc":{"start":{"line":107,"column":2},"end":{"line":107,"column":null}},"type":"if","locations":[{"start":{"line":107,"column":2},"end":{"line":107,"column":null}}]},"38":{"loc":{"start":{"line":107,"column":6},"end":{"line":107,"column":96}},"type":"binary-expr","locations":[{"start":{"line":107,"column":6},"end":{"line":107,"column":40}},{"start":{"line":107,"column":40},"end":{"line":107,"column":70}},{"start":{"line":107,"column":70},"end":{"line":107,"column":96}}]},"39":{"loc":{"start":{"line":108,"column":16},"end":{"line":108,"column":null}},"type":"cond-expr","locations":[{"start":{"line":108,"column":45},"end":{"line":108,"column":50}},{"start":{"line":108,"column":50},"end":{"line":108,"column":null}}]},"40":{"loc":{"start":{"line":109,"column":16},"end":{"line":109,"column":null}},"type":"cond-expr","locations":[{"start":{"line":109,"column":48},"end":{"line":109,"column":54}},{"start":{"line":109,"column":54},"end":{"line":109,"column":null}}]},"41":{"loc":{"start":{"line":109,"column":54},"end":{"line":109,"column":null}},"type":"cond-expr","locations":[{"start":{"line":109,"column":88},"end":{"line":109,"column":92}},{"start":{"line":109,"column":92},"end":{"line":109,"column":null}}]}},"s":{"0":0,"1":2,"2":1,"3":3,"4":22,"5":22,"6":22,"7":3,"8":3,"9":2,"10":2,"11":2,"12":2,"13":2,"14":2,"15":2,"16":0,"17":2,"18":0,"19":3,"20":1,"21":1,"22":3,"23":6,"24":20,"25":6,"26":20,"27":2,"28":2,"29":2,"30":2,"31":2,"32":2,"33":2,"34":2,"35":2,"36":2,"37":2,"38":2,"39":2,"40":2,"41":0,"42":2,"43":0,"44":2,"45":0,"46":2,"47":2,"48":1,"49":0,"50":1,"51":1,"52":1,"53":0,"54":1,"55":0,"56":2,"57":2,"58":1,"59":1,"60":1,"61":1,"62":1,"63":1,"64":0,"65":0,"66":0,"67":0},"f":{"0":22,"1":3,"2":6,"3":20,"4":20,"5":2,"6":1,"7":0},"b":{"0":[0],"1":[22,0],"2":[5,17],"3":[2],"4":[2,2],"5":[0],"6":[2,0],"7":[0],"8":[2,0],"9":[20,8],"10":[2,1],"11":[2,1],"12":[2,1],"13":[2,0],"14":[0,0],"15":[1,1],"16":[1,0],"17":[1,1],"18":[1,0],"19":[1,1],"20":[0,1],"21":[0],"22":[2,2],"23":[0],"24":[2,2],"25":[0],"26":[2,2],"27":[1],"28":[0],"29":[1],"30":[0],"31":[0],"32":[2,2],"33":[2,1],"34":[2,1],"35":[1,1],"36":[2,1],"37":[1],"38":[1,1,0],"39":[1,0],"40":[0,1],"41":[1,0]}}}}
