{"/home/alaeddine/Documents/nexus-project_v0/app/api/admin/activities/route.ts": {"path":"/home/alaeddine/Documents/nexus-project_v0/app/api/admin/activities/route.ts","statementMap":{"0":{"start":{"line":8,"column":22},"end":{"line":8,"column":25}},"1":{"start":{"line":1,"column":13},"end":{"line":1,"column":20}},"2":{"start":{"line":3,"column":28},"end":{"line":3,"column":null}},"3":{"start":{"line":4,"column":23},"end":{"line":4,"column":null}},"4":{"start":{"line":5,"column":33},"end":{"line":5,"column":null}},"5":{"start":{"line":6,"column":42},"end":{"line":6,"column":null}},"6":{"start":{"line":1,"column":23},"end":{"line":1,"column":null}},"7":{"start":{"line":9,"column":2},"end":{"line":172,"column":null}},"8":{"start":{"line":10,"column":20},"end":{"line":10,"column":null}},"9":{"start":{"line":12,"column":4},"end":{"line":17,"column":null}},"10":{"start":{"line":13,"column":6},"end":{"line":15,"column":null}},"11":{"start":{"line":19,"column":29},"end":{"line":19,"column":null}},"12":{"start":{"line":20,"column":17},"end":{"line":20,"column":null}},"13":{"start":{"line":21,"column":17},"end":{"line":21,"column":null}},"14":{"start":{"line":22,"column":18},"end":{"line":22,"column":null}},"15":{"start":{"line":23,"column":19},"end":{"line":23,"column":null}},"16":{"start":{"line":25,"column":17},"end":{"line":25,"column":null}},"17":{"start":{"line":33,"column":8},"end":{"line":67,"column":null}},"18":{"start":{"line":70,"column":26},"end":{"line":128,"column":null}},"19":{"start":{"line":72,"column":42},"end":{"line":85,"column":null}},"20":{"start":{"line":88,"column":35},"end":{"line":99,"column":null}},"21":{"start":{"line":102,"column":51},"end":{"line":113,"column":null}},"22":{"start":{"line":116,"column":55},"end":{"line":127,"column":null}},"23":{"start":{"line":131,"column":29},"end":{"line":132,"column":null}},"24":{"start":{"line":132,"column":6},"end":{"line":132,"column":null}},"25":{"start":{"line":136,"column":29},"end":{"line":136,"column":null}},"26":{"start":{"line":138,"column":4},"end":{"line":140,"column":null}},"27":{"start":{"line":139,"column":6},"end":{"line":139,"column":null}},"28":{"start":{"line":139,"column":65},"end":{"line":139,"column":null}},"29":{"start":{"line":142,"column":4},"end":{"line":150,"column":null}},"30":{"start":{"line":143,"column":6},"end":{"line":148,"column":null}},"31":{"start":{"line":144,"column":8},"end":{"line":148,"column":null}},"32":{"start":{"line":153,"column":28},"end":{"line":153,"column":53}},"33":{"start":{"line":154,"column":32},"end":{"line":154,"column":null}},"34":{"start":{"line":156,"column":4},"end":{"line":164,"column":null}},"35":{"start":{"line":167,"column":4},"end":{"line":167,"column":null}},"36":{"start":{"line":168,"column":4},"end":{"line":170,"column":null}}},"fnMap":{"0":{"name":"GET","decl":{"start":{"line":8,"column":22},"end":{"line":8,"column":25}},"loc":{"start":{"line":8,"column":46},"end":{"line":173,"column":null}}},"1":{"name":"(anonymous_4)","decl":{"start":{"line":72,"column":22},"end":{"line":72,"column":23}},"loc":{"start":{"line":72,"column":42},"end":{"line":85,"column":null}}},"2":{"name":"(anonymous_5)","decl":{"start":{"line":88,"column":19},"end":{"line":88,"column":20}},"loc":{"start":{"line":88,"column":35},"end":{"line":99,"column":null}}},"3":{"name":"(anonymous_6)","decl":{"start":{"line":102,"column":27},"end":{"line":102,"column":28}},"loc":{"start":{"line":102,"column":51},"end":{"line":113,"column":null}}},"4":{"name":"(anonymous_7)","decl":{"start":{"line":116,"column":32},"end":{"line":116,"column":33}},"loc":{"start":{"line":116,"column":55},"end":{"line":127,"column":null}}},"5":{"name":"(anonymous_8)","decl":{"start":{"line":131,"column":48},"end":{"line":131,"column":49}},"loc":{"start":{"line":132,"column":6},"end":{"line":132,"column":null}}},"6":{"name":"(anonymous_9)","decl":{"start":{"line":139,"column":53},"end":{"line":139,"column":65}},"loc":{"start":{"line":139,"column":65},"end":{"line":139,"column":null}}},"7":{"name":"(anonymous_10)","decl":{"start":{"line":143,"column":53},"end":{"line":143,"column":null}},"loc":{"start":{"line":144,"column":8},"end":{"line":148,"column":null}}}},"branchMap":{"0":{"loc":{"start":{"line":12,"column":4},"end":{"line":17,"column":null}},"type":"if","locations":[{"start":{"line":12,"column":4},"end":{"line":17,"column":null}}]},"1":{"loc":{"start":{"line":12,"column":8},"end":{"line":12,"column":51}},"type":"binary-expr","locations":[{"start":{"line":12,"column":8},"end":{"line":12,"column":20}},{"start":{"line":12,"column":20},"end":{"line":12,"column":51}}]},"2":{"loc":{"start":{"line":20,"column":17},"end":{"line":20,"column":null}},"type":"binary-expr","locations":[{"start":{"line":20,"column":17},"end":{"line":20,"column":45}},{"start":{"line":20,"column":45},"end":{"line":20,"column":null}}]},"3":{"loc":{"start":{"line":21,"column":26},"end":{"line":21,"column":null}},"type":"binary-expr","locations":[{"start":{"line":21,"column":26},"end":{"line":21,"column":54}},{"start":{"line":21,"column":54},"end":{"line":21,"column":null}}]},"4":{"loc":{"start":{"line":22,"column":27},"end":{"line":22,"column":null}},"type":"binary-expr","locations":[{"start":{"line":22,"column":27},"end":{"line":22,"column":56}},{"start":{"line":22,"column":56},"end":{"line":22,"column":null}}]},"5":{"loc":{"start":{"line":23,"column":19},"end":{"line":23,"column":null}},"type":"binary-expr","locations":[{"start":{"line":23,"column":19},"end":{"line":23,"column":49}},{"start":{"line":23,"column":49},"end":{"line":23,"column":null}}]},"6":{"loc":{"start":{"line":76,"column":24},"end":{"line":76,"column":71}},"type":"binary-expr","locations":[{"start":{"line":76,"column":24},"end":{"line":76,"column":61}},{"start":{"line":76,"column":61},"end":{"line":76,"column":71}}]},"7":{"loc":{"start":{"line":76,"column":74},"end":{"line":76,"column":120}},"type":"binary-expr","locations":[{"start":{"line":76,"column":74},"end":{"line":76,"column":110}},{"start":{"line":76,"column":110},"end":{"line":76,"column":120}}]},"8":{"loc":{"start":{"line":76,"column":128},"end":{"line":76,"column":173}},"type":"binary-expr","locations":[{"start":{"line":76,"column":128},"end":{"line":76,"column":157}},{"start":{"line":76,"column":157},"end":{"line":76,"column":173}}]},"9":{"loc":{"start":{"line":79,"column":24},"end":{"line":79,"column":71}},"type":"binary-expr","locations":[{"start":{"line":79,"column":24},"end":{"line":79,"column":61}},{"start":{"line":79,"column":61},"end":{"line":79,"column":71}}]},"10":{"loc":{"start":{"line":79,"column":74},"end":{"line":79,"column":120}},"type":"binary-expr","locations":[{"start":{"line":79,"column":74},"end":{"line":79,"column":110}},{"start":{"line":79,"column":110},"end":{"line":79,"column":120}}]},"11":{"loc":{"start":{"line":80,"column":19},"end":{"line":80,"column":null}},"type":"binary-expr","locations":[{"start":{"line":80,"column":19},"end":{"line":80,"column":48}},{"start":{"line":80,"column":48},"end":{"line":80,"column":null}}]},"12":{"loc":{"start":{"line":82,"column":16},"end":{"line":84,"column":null}},"type":"cond-expr","locations":[{"start":{"line":82,"column":50},"end":{"line":82,"column":null}},{"start":{"line":83,"column":10},"end":{"line":84,"column":null}}]},"13":{"loc":{"start":{"line":83,"column":10},"end":{"line":84,"column":null}},"type":"cond-expr","locations":[{"start":{"line":83,"column":44},"end":{"line":83,"column":null}},{"start":{"line":84,"column":12},"end":{"line":84,"column":null}}]},"14":{"loc":{"start":{"line":84,"column":12},"end":{"line":84,"column":null}},"type":"cond-expr","locations":[{"start":{"line":84,"column":46},"end":{"line":84,"column":66}},{"start":{"line":84,"column":66},"end":{"line":84,"column":null}}]},"15":{"loc":{"start":{"line":106,"column":24},"end":{"line":106,"column":75}},"type":"binary-expr","locations":[{"start":{"line":106,"column":24},"end":{"line":106,"column":65}},{"start":{"line":106,"column":65},"end":{"line":106,"column":75}}]},"16":{"loc":{"start":{"line":106,"column":78},"end":{"line":106,"column":128}},"type":"binary-expr","locations":[{"start":{"line":106,"column":78},"end":{"line":106,"column":118}},{"start":{"line":106,"column":118},"end":{"line":106,"column":128}}]},"17":{"loc":{"start":{"line":109,"column":24},"end":{"line":109,"column":75}},"type":"binary-expr","locations":[{"start":{"line":109,"column":24},"end":{"line":109,"column":65}},{"start":{"line":109,"column":65},"end":{"line":109,"column":75}}]},"18":{"loc":{"start":{"line":109,"column":78},"end":{"line":109,"column":128}},"type":"binary-expr","locations":[{"start":{"line":109,"column":78},"end":{"line":109,"column":118}},{"start":{"line":109,"column":118},"end":{"line":109,"column":128}}]},"19":{"loc":{"start":{"line":120,"column":24},"end":{"line":120,"column":74}},"type":"binary-expr","locations":[{"start":{"line":120,"column":24},"end":{"line":120,"column":64}},{"start":{"line":120,"column":64},"end":{"line":120,"column":74}}]},"20":{"loc":{"start":{"line":120,"column":77},"end":{"line":120,"column":126}},"type":"binary-expr","locations":[{"start":{"line":120,"column":77},"end":{"line":120,"column":116}},{"start":{"line":120,"column":116},"end":{"line":120,"column":126}}]},"21":{"loc":{"start":{"line":123,"column":24},"end":{"line":123,"column":74}},"type":"binary-expr","locations":[{"start":{"line":123,"column":24},"end":{"line":123,"column":64}},{"start":{"line":123,"column":64},"end":{"line":123,"column":74}}]},"22":{"loc":{"start":{"line":123,"column":77},"end":{"line":123,"column":126}},"type":"binary-expr","locations":[{"start":{"line":123,"column":77},"end":{"line":123,"column":116}},{"start":{"line":123,"column":116},"end":{"line":123,"column":126}}]},"23":{"loc":{"start":{"line":138,"column":4},"end":{"line":140,"column":null}},"type":"if","locations":[{"start":{"line":138,"column":4},"end":{"line":140,"column":null}}]},"24":{"loc":{"start":{"line":142,"column":4},"end":{"line":150,"column":null}},"type":"if","locations":[{"start":{"line":142,"column":4},"end":{"line":150,"column":null}}]},"25":{"loc":{"start":{"line":144,"column":8},"end":{"line":148,"column":null}},"type":"binary-expr","locations":[{"start":{"line":144,"column":8},"end":{"line":144,"column":null}},{"start":{"line":145,"column":8},"end":{"line":145,"column":null}},{"start":{"line":146,"column":8},"end":{"line":146,"column":null}},{"start":{"line":147,"column":8},"end":{"line":147,"column":null}},{"start":{"line":148,"column":8},"end":{"line":148,"column":null}}]}},"s":{"0":32,"1":0,"2":8,"3":8,"4":8,"5":8,"6":8,"7":42,"8":42,"9":42,"10":2,"11":40,"12":40,"13":40,"14":40,"15":40,"16":40,"17":40,"18":38,"19":94,"20":6,"21":10,"22":10,"23":38,"24":110,"25":38,"26":38,"27":22,"28":64,"29":38,"30":16,"31":20,"32":38,"33":38,"34":38,"35":2,"36":2},"f":{"0":42,"1":94,"2":6,"3":10,"4":10,"5":110,"6":64,"7":20},"b":{"0":[2],"1":[42,40],"2":[40,16],"3":[40,30],"4":[40,30],"5":[40,24],"6":[94,4],"7":[94,4],"8":[94,4],"9":[94,4],"10":[94,4],"11":[94,4],"12":[12,82],"13":[78,4],"14":[2,2],"15":[10,2],"16":[10,2],"17":[10,2],"18":[10,2],"19":[10,0],"20":[10,0],"21":[10,0],"22":[10,0],"23":[22],"24":[16],"25":[20,12,6,6,6]}}
,"/home/alaeddine/Documents/nexus-project_v0/app/api/admin/analytics/route.ts": {"path":"/home/alaeddine/Documents/nexus-project_v0/app/api/admin/analytics/route.ts","statementMap":{"0":{"start":{"line":8,"column":22},"end":{"line":8,"column":25}},"1":{"start":{"line":1,"column":13},"end":{"line":1,"column":20}},"2":{"start":{"line":3,"column":28},"end":{"line":3,"column":null}},"3":{"start":{"line":4,"column":23},"end":{"line":4,"column":null}},"4":{"start":{"line":5,"column":33},"end":{"line":5,"column":null}},"5":{"start":{"line":6,"column":42},"end":{"line":6,"column":null}},"6":{"start":{"line":1,"column":23},"end":{"line":1,"column":null}},"7":{"start":{"line":9,"column":2},"end":{"line":215,"column":null}},"8":{"start":{"line":10,"column":20},"end":{"line":10,"column":null}},"9":{"start":{"line":12,"column":4},"end":{"line":17,"column":null}},"10":{"start":{"line":13,"column":6},"end":{"line":15,"column":null}},"11":{"start":{"line":19,"column":29},"end":{"line":19,"column":null}},"12":{"start":{"line":20,"column":19},"end":{"line":20,"column":58}},"13":{"start":{"line":21,"column":17},"end":{"line":21,"column":52}},"14":{"start":{"line":23,"column":16},"end":{"line":23,"column":null}},"15":{"start":{"line":26,"column":4},"end":{"line":39,"column":null}},"16":{"start":{"line":28,"column":8},"end":{"line":28,"column":null}},"17":{"start":{"line":29,"column":8},"end":{"line":29,"column":null}},"18":{"start":{"line":31,"column":24},"end":{"line":31,"column":null}},"19":{"start":{"line":32,"column":8},"end":{"line":32,"column":null}},"20":{"start":{"line":33,"column":8},"end":{"line":33,"column":null}},"21":{"start":{"line":35,"column":8},"end":{"line":35,"column":null}},"22":{"start":{"line":36,"column":8},"end":{"line":36,"column":null}},"23":{"start":{"line":38,"column":8},"end":{"line":38,"column":null}},"24":{"start":{"line":49,"column":8},"end":{"line":131,"column":null}},"25":{"start":{"line":134,"column":33},"end":{"line":138,"column":null}},"26":{"start":{"line":134,"column":65},"end":{"line":138,"column":null}},"27":{"start":{"line":141,"column":36},"end":{"line":145,"column":null}},"28":{"start":{"line":141,"column":71},"end":{"line":145,"column":null}},"29":{"start":{"line":148,"column":33},"end":{"line":152,"column":null}},"30":{"start":{"line":148,"column":65},"end":{"line":152,"column":null}},"31":{"start":{"line":155,"column":38},"end":{"line":159,"column":null}},"32":{"start":{"line":155,"column":75},"end":{"line":159,"column":null}},"33":{"start":{"line":162,"column":32},"end":{"line":167,"column":null}},"34":{"start":{"line":162,"column":74},"end":{"line":167,"column":null}},"35":{"start":{"line":170,"column":38},"end":{"line":183,"column":null}},"36":{"start":{"line":170,"column":79},"end":{"line":183,"column":null}},"37":{"start":{"line":186,"column":25},"end":{"line":186,"column":null}},"38":{"start":{"line":186,"column":81},"end":{"line":186,"column":98}},"39":{"start":{"line":187,"column":23},"end":{"line":187,"column":null}},"40":{"start":{"line":187,"column":82},"end":{"line":187,"column":98}},"41":{"start":{"line":188,"column":26},"end":{"line":188,"column":null}},"42":{"start":{"line":188,"column":82},"end":{"line":188,"column":98}},"43":{"start":{"line":189,"column":31},"end":{"line":189,"column":null}},"44":{"start":{"line":189,"column":92},"end":{"line":189,"column":108}},"45":{"start":{"line":191,"column":26},"end":{"line":205,"column":null}},"46":{"start":{"line":207,"column":4},"end":{"line":207,"column":null}},"47":{"start":{"line":210,"column":4},"end":{"line":210,"column":null}},"48":{"start":{"line":211,"column":4},"end":{"line":213,"column":null}}},"fnMap":{"0":{"name":"GET","decl":{"start":{"line":8,"column":22},"end":{"line":8,"column":25}},"loc":{"start":{"line":8,"column":46},"end":{"line":216,"column":null}}},"1":{"name":"(anonymous_4)","decl":{"start":{"line":134,"column":49},"end":{"line":134,"column":50}},"loc":{"start":{"line":134,"column":65},"end":{"line":138,"column":null}}},"2":{"name":"(anonymous_5)","decl":{"start":{"line":141,"column":55},"end":{"line":141,"column":56}},"loc":{"start":{"line":141,"column":71},"end":{"line":145,"column":null}}},"3":{"name":"(anonymous_6)","decl":{"start":{"line":148,"column":49},"end":{"line":148,"column":50}},"loc":{"start":{"line":148,"column":65},"end":{"line":152,"column":null}}},"4":{"name":"(anonymous_7)","decl":{"start":{"line":155,"column":59},"end":{"line":155,"column":60}},"loc":{"start":{"line":155,"column":75},"end":{"line":159,"column":null}}},"5":{"name":"(anonymous_8)","decl":{"start":{"line":162,"column":58},"end":{"line":162,"column":59}},"loc":{"start":{"line":162,"column":74},"end":{"line":167,"column":null}}},"6":{"name":"(anonymous_9)","decl":{"start":{"line":170,"column":59},"end":{"line":170,"column":60}},"loc":{"start":{"line":170,"column":79},"end":{"line":183,"column":null}}},"7":{"name":"(anonymous_10)","decl":{"start":{"line":186,"column":53},"end":{"line":186,"column":54}},"loc":{"start":{"line":186,"column":81},"end":{"line":186,"column":98}}},"8":{"name":"(anonymous_11)","decl":{"start":{"line":187,"column":54},"end":{"line":187,"column":55}},"loc":{"start":{"line":187,"column":82},"end":{"line":187,"column":98}}},"9":{"name":"(anonymous_12)","decl":{"start":{"line":188,"column":54},"end":{"line":188,"column":55}},"loc":{"start":{"line":188,"column":82},"end":{"line":188,"column":98}}},"10":{"name":"(anonymous_13)","decl":{"start":{"line":189,"column":64},"end":{"line":189,"column":65}},"loc":{"start":{"line":189,"column":92},"end":{"line":189,"column":108}}}},"branchMap":{"0":{"loc":{"start":{"line":12,"column":4},"end":{"line":17,"column":null}},"type":"if","locations":[{"start":{"line":12,"column":4},"end":{"line":17,"column":null}}]},"1":{"loc":{"start":{"line":12,"column":8},"end":{"line":12,"column":51}},"type":"binary-expr","locations":[{"start":{"line":12,"column":8},"end":{"line":12,"column":20}},{"start":{"line":12,"column":20},"end":{"line":12,"column":51}}]},"2":{"loc":{"start":{"line":20,"column":19},"end":{"line":20,"column":58}},"type":"binary-expr","locations":[{"start":{"line":20,"column":19},"end":{"line":20,"column":49}},{"start":{"line":20,"column":49},"end":{"line":20,"column":58}}]},"3":{"loc":{"start":{"line":21,"column":17},"end":{"line":21,"column":52}},"type":"binary-expr","locations":[{"start":{"line":21,"column":17},"end":{"line":21,"column":45}},{"start":{"line":21,"column":45},"end":{"line":21,"column":52}}]},"4":{"loc":{"start":{"line":26,"column":4},"end":{"line":39,"column":null}},"type":"switch","locations":[{"start":{"line":27,"column":6},"end":{"line":29,"column":null}},{"start":{"line":30,"column":6},"end":{"line":33,"column":null}},{"start":{"line":34,"column":6},"end":{"line":36,"column":null}},{"start":{"line":37,"column":6},"end":{"line":38,"column":null}}]},"5":{"loc":{"start":{"line":136,"column":14},"end":{"line":136,"column":null}},"type":"binary-expr","locations":[{"start":{"line":136,"column":14},"end":{"line":136,"column":30}},{"start":{"line":136,"column":34},"end":{"line":136,"column":null}}]},"6":{"loc":{"start":{"line":165,"column":14},"end":{"line":165,"column":null}},"type":"binary-expr","locations":[{"start":{"line":165,"column":14},"end":{"line":165,"column":30}},{"start":{"line":165,"column":34},"end":{"line":165,"column":null}}]},"7":{"loc":{"start":{"line":180,"column":14},"end":{"line":182,"column":null}},"type":"cond-expr","locations":[{"start":{"line":180,"column":48},"end":{"line":180,"column":null}},{"start":{"line":181,"column":8},"end":{"line":182,"column":null}}]},"8":{"loc":{"start":{"line":181,"column":8},"end":{"line":182,"column":null}},"type":"cond-expr","locations":[{"start":{"line":181,"column":42},"end":{"line":181,"column":null}},{"start":{"line":182,"column":10},"end":{"line":182,"column":null}}]},"9":{"loc":{"start":{"line":182,"column":10},"end":{"line":182,"column":null}},"type":"cond-expr","locations":[{"start":{"line":182,"column":44},"end":{"line":182,"column":64}},{"start":{"line":182,"column":64},"end":{"line":182,"column":null}}]}},"s":{"0":10,"1":0,"2":6,"3":6,"4":6,"5":6,"6":6,"7":14,"8":14,"9":14,"10":2,"11":12,"12":12,"13":12,"14":12,"15":12,"16":6,"17":6,"18":2,"19":2,"20":2,"21":2,"22":2,"23":2,"24":12,"25":10,"26":4,"27":10,"28":4,"29":10,"30":4,"31":10,"32":4,"33":10,"34":4,"35":10,"36":8,"37":10,"38":4,"39":10,"40":4,"41":10,"42":4,"43":10,"44":4,"45":10,"46":10,"47":2,"48":2},"f":{"0":14,"1":4,"2":4,"3":4,"4":4,"5":4,"6":8,"7":4,"8":4,"9":4,"10":4},"b":{"0":[2],"1":[14,12],"2":[12,2],"3":[12,2],"4":[6,2,2,2],"5":[4,2],"6":[4,0],"7":[2,6],"8":[2,4],"9":[2,2]}}
,"/home/alaeddine/Documents/nexus-project_v0/app/api/admin/dashboard/route.ts": {"path":"/home/alaeddine/Documents/nexus-project_v0/app/api/admin/dashboard/route.ts","statementMap":{"0":{"start":{"line":8,"column":22},"end":{"line":8,"column":25}},"1":{"start":{"line":1,"column":13},"end":{"line":1,"column":20}},"2":{"start":{"line":3,"column":28},"end":{"line":3,"column":null}},"3":{"start":{"line":4,"column":23},"end":{"line":4,"column":null}},"4":{"start":{"line":5,"column":33},"end":{"line":5,"column":null}},"5":{"start":{"line":6,"column":42},"end":{"line":6,"column":null}},"6":{"start":{"line":1,"column":23},"end":{"line":1,"column":null}},"7":{"start":{"line":9,"column":2},"end":{"line":90,"column":null}},"8":{"start":{"line":10,"column":20},"end":{"line":10,"column":null}},"9":{"start":{"line":11,"column":4},"end":{"line":13,"column":null}},"10":{"start":{"line":12,"column":6},"end":{"line":12,"column":null}},"11":{"start":{"line":16,"column":85},"end":{"line":22,"column":null}},"12":{"start":{"line":25,"column":16},"end":{"line":25,"column":null}},"13":{"start":{"line":26,"column":23},"end":{"line":26,"column":null}},"14":{"start":{"line":27,"column":4},"end":{"line":27,"column":null}},"15":{"start":{"line":29,"column":28},"end":{"line":32,"column":null}},"16":{"start":{"line":33,"column":33},"end":{"line":36,"column":null}},"17":{"start":{"line":37,"column":25},"end":{"line":37,"column":null}},"18":{"start":{"line":38,"column":30},"end":{"line":38,"column":null}},"19":{"start":{"line":41,"column":54},"end":{"line":44,"column":null}},"20":{"start":{"line":47,"column":30},"end":{"line":47,"column":null}},"21":{"start":{"line":48,"column":30},"end":{"line":48,"column":null}},"22":{"start":{"line":49,"column":33},"end":{"line":49,"column":null}},"23":{"start":{"line":51,"column":51},"end":{"line":54,"column":null}},"24":{"start":{"line":55,"column":33},"end":{"line":55,"column":null}},"25":{"start":{"line":56,"column":26},"end":{"line":56,"column":null}},"26":{"start":{"line":59,"column":25},"end":{"line":64,"column":null}},"27":{"start":{"line":67,"column":4},"end":{"line":85,"column":null}},"28":{"start":{"line":88,"column":4},"end":{"line":88,"column":null}},"29":{"start":{"line":89,"column":4},"end":{"line":89,"column":null}}},"fnMap":{"0":{"name":"GET","decl":{"start":{"line":8,"column":22},"end":{"line":8,"column":25}},"loc":{"start":{"line":8,"column":46},"end":{"line":91,"column":null}}}},"branchMap":{"0":{"loc":{"start":{"line":11,"column":4},"end":{"line":13,"column":null}},"type":"if","locations":[{"start":{"line":11,"column":4},"end":{"line":13,"column":null}}]},"1":{"loc":{"start":{"line":11,"column":8},"end":{"line":11,"column":51}},"type":"binary-expr","locations":[{"start":{"line":11,"column":8},"end":{"line":11,"column":20}},{"start":{"line":11,"column":20},"end":{"line":11,"column":51}}]},"2":{"loc":{"start":{"line":37,"column":32},"end":{"line":37,"column":null}},"type":"binary-expr","locations":[{"start":{"line":37,"column":32},"end":{"line":37,"column":59}},{"start":{"line":37,"column":63},"end":{"line":37,"column":null}}]},"3":{"loc":{"start":{"line":38,"column":37},"end":{"line":38,"column":null}},"type":"binary-expr","locations":[{"start":{"line":38,"column":37},"end":{"line":38,"column":69}},{"start":{"line":38,"column":73},"end":{"line":38,"column":null}}]},"4":{"loc":{"start":{"line":55,"column":33},"end":{"line":55,"column":null}},"type":"cond-expr","locations":[{"start":{"line":55,"column":57},"end":{"line":55,"column":127}},{"start":{"line":55,"column":127},"end":{"line":55,"column":null}}]},"5":{"loc":{"start":{"line":61,"column":16},"end":{"line":61,"column":null}},"type":"cond-expr","locations":[{"start":{"line":61,"column":40},"end":{"line":61,"column":51}},{"start":{"line":61,"column":51},"end":{"line":61,"column":null}}]},"6":{"loc":{"start":{"line":62,"column":16},"end":{"line":62,"column":null}},"type":"cond-expr","locations":[{"start":{"line":62,"column":40},"end":{"line":62,"column":51}},{"start":{"line":62,"column":51},"end":{"line":62,"column":null}}]},"7":{"loc":{"start":{"line":63,"column":21},"end":{"line":63,"column":null}},"type":"cond-expr","locations":[{"start":{"line":63,"column":47},"end":{"line":63,"column":58}},{"start":{"line":63,"column":58},"end":{"line":63,"column":null}}]}},"s":{"0":10,"1":0,"2":6,"3":6,"4":6,"5":6,"6":6,"7":10,"8":10,"9":10,"10":2,"11":8,"12":6,"13":6,"14":6,"15":6,"16":6,"17":6,"18":6,"19":6,"20":6,"21":6,"22":6,"23":6,"24":6,"25":6,"26":6,"27":6,"28":2,"29":2},"f":{"0":10},"b":{"0":[2],"1":[10,8],"2":[6,2],"3":[6,2],"4":[4,2],"5":[4,2],"6":[4,2],"7":[4,2]}}
,"/home/alaeddine/Documents/nexus-project_v0/app/api/admin/users/route.ts": {"path":"/home/alaeddine/Documents/nexus-project_v0/app/api/admin/users/route.ts","statementMap":{"0":{"start":{"line":295,"column":22},"end":{"line":295,"column":28}},"1":{"start":{"line":40,"column":22},"end":{"line":40,"column":25}},"2":{"start":{"line":121,"column":22},"end":{"line":121,"column":26}},"3":{"start":{"line":213,"column":22},"end":{"line":213,"column":25}},"4":{"start":{"line":1,"column":28},"end":{"line":1,"column":null}},"5":{"start":{"line":2,"column":23},"end":{"line":2,"column":null}},"6":{"start":{"line":3,"column":19},"end":{"line":3,"column":null}},"7":{"start":{"line":4,"column":33},"end":{"line":4,"column":null}},"8":{"start":{"line":5,"column":42},"end":{"line":5,"column":null}},"9":{"start":{"line":6,"column":18},"end":{"line":6,"column":null}},"10":{"start":{"line":8,"column":25},"end":{"line":22,"column":null}},"11":{"start":{"line":24,"column":25},"end":{"line":38,"column":null}},"12":{"start":{"line":41,"column":2},"end":{"line":118,"column":null}},"13":{"start":{"line":42,"column":20},"end":{"line":42,"column":null}},"14":{"start":{"line":44,"column":4},"end":{"line":49,"column":null}},"15":{"start":{"line":45,"column":6},"end":{"line":47,"column":null}},"16":{"start":{"line":51,"column":29},"end":{"line":51,"column":null}},"17":{"start":{"line":52,"column":17},"end":{"line":52,"column":null}},"18":{"start":{"line":53,"column":17},"end":{"line":53,"column":null}},"19":{"start":{"line":54,"column":18},"end":{"line":54,"column":null}},"20":{"start":{"line":55,"column":19},"end":{"line":55,"column":null}},"21":{"start":{"line":57,"column":17},"end":{"line":57,"column":null}},"22":{"start":{"line":60,"column":29},"end":{"line":60,"column":null}},"23":{"start":{"line":62,"column":4},"end":{"line":64,"column":null}},"24":{"start":{"line":63,"column":6},"end":{"line":63,"column":null}},"25":{"start":{"line":66,"column":4},"end":{"line":72,"column":null}},"26":{"start":{"line":67,"column":6},"end":{"line":71,"column":null}},"27":{"start":{"line":75,"column":32},"end":{"line":90,"column":null}},"28":{"start":{"line":92,"column":27},"end":{"line":100,"column":null}},"29":{"start":{"line":92,"column":53},"end":{"line":100,"column":null}},"30":{"start":{"line":102,"column":4},"end":{"line":110,"column":null}},"31":{"start":{"line":113,"column":4},"end":{"line":113,"column":null}},"32":{"start":{"line":114,"column":4},"end":{"line":116,"column":null}},"33":{"start":{"line":122,"column":2},"end":{"line":210,"column":null}},"34":{"start":{"line":123,"column":20},"end":{"line":123,"column":null}},"35":{"start":{"line":125,"column":4},"end":{"line":130,"column":null}},"36":{"start":{"line":126,"column":6},"end":{"line":128,"column":null}},"37":{"start":{"line":133,"column":24},"end":{"line":133,"column":null}},"38":{"start":{"line":134,"column":4},"end":{"line":136,"column":null}},"39":{"start":{"line":135,"column":6},"end":{"line":135,"column":null}},"40":{"start":{"line":138,"column":4},"end":{"line":140,"column":null}},"41":{"start":{"line":138,"column":10},"end":{"line":138,"column":39}},"42":{"start":{"line":139,"column":6},"end":{"line":139,"column":null}},"43":{"start":{"line":141,"column":19},"end":{"line":141,"column":null}},"44":{"start":{"line":142,"column":4},"end":{"line":144,"column":null}},"45":{"start":{"line":143,"column":6},"end":{"line":143,"column":null}},"46":{"start":{"line":145,"column":72},"end":{"line":145,"column":83}},"47":{"start":{"line":148,"column":25},"end":{"line":150,"column":null}},"48":{"start":{"line":152,"column":4},"end":{"line":157,"column":null}},"49":{"start":{"line":153,"column":6},"end":{"line":155,"column":null}},"50":{"start":{"line":160,"column":27},"end":{"line":160,"column":null}},"51":{"start":{"line":163,"column":17},"end":{"line":189,"column":null}},"52":{"start":{"line":191,"column":4},"end":{"line":202,"column":null}},"53":{"start":{"line":205,"column":4},"end":{"line":205,"column":null}},"54":{"start":{"line":206,"column":4},"end":{"line":208,"column":null}},"55":{"start":{"line":214,"column":2},"end":{"line":292,"column":null}},"56":{"start":{"line":215,"column":20},"end":{"line":215,"column":null}},"57":{"start":{"line":217,"column":4},"end":{"line":222,"column":null}},"58":{"start":{"line":218,"column":6},"end":{"line":220,"column":null}},"59":{"start":{"line":225,"column":25},"end":{"line":225,"column":null}},"60":{"start":{"line":226,"column":4},"end":{"line":228,"column":null}},"61":{"start":{"line":227,"column":6},"end":{"line":227,"column":null}},"62":{"start":{"line":230,"column":4},"end":{"line":232,"column":null}},"63":{"start":{"line":230,"column":10},"end":{"line":230,"column":39}},"64":{"start":{"line":231,"column":6},"end":{"line":231,"column":null}},"65":{"start":{"line":233,"column":19},"end":{"line":233,"column":null}},"66":{"start":{"line":234,"column":4},"end":{"line":236,"column":null}},"67":{"start":{"line":235,"column":6},"end":{"line":235,"column":null}},"68":{"start":{"line":237,"column":66},"end":{"line":237,"column":77}},"69":{"start":{"line":240,"column":24},"end":{"line":271,"column":null}},"70":{"start":{"line":273,"column":4},"end":{"line":284,"column":null}},"71":{"start":{"line":287,"column":4},"end":{"line":287,"column":null}},"72":{"start":{"line":288,"column":4},"end":{"line":290,"column":null}},"73":{"start":{"line":296,"column":2},"end":{"line":344,"column":null}},"74":{"start":{"line":297,"column":20},"end":{"line":297,"column":null}},"75":{"start":{"line":299,"column":4},"end":{"line":304,"column":null}},"76":{"start":{"line":300,"column":6},"end":{"line":302,"column":null}},"77":{"start":{"line":306,"column":29},"end":{"line":306,"column":null}},"78":{"start":{"line":307,"column":15},"end":{"line":307,"column":null}},"79":{"start":{"line":309,"column":4},"end":{"line":314,"column":null}},"80":{"start":{"line":310,"column":6},"end":{"line":312,"column":null}},"81":{"start":{"line":317,"column":17},"end":{"line":319,"column":null}},"82":{"start":{"line":321,"column":4},"end":{"line":326,"column":null}},"83":{"start":{"line":322,"column":6},"end":{"line":324,"column":null}},"84":{"start":{"line":329,"column":4},"end":{"line":331,"column":null}},"85":{"start":{"line":333,"column":4},"end":{"line":336,"column":null}},"86":{"start":{"line":339,"column":4},"end":{"line":339,"column":null}},"87":{"start":{"line":340,"column":4},"end":{"line":342,"column":null}}},"fnMap":{"0":{"name":"GET","decl":{"start":{"line":40,"column":22},"end":{"line":40,"column":25}},"loc":{"start":{"line":40,"column":46},"end":{"line":119,"column":null}}},"1":{"name":"(anonymous_7)","decl":{"start":{"line":92,"column":37},"end":{"line":92,"column":38}},"loc":{"start":{"line":92,"column":53},"end":{"line":100,"column":null}}},"2":{"name":"POST","decl":{"start":{"line":121,"column":22},"end":{"line":121,"column":26}},"loc":{"start":{"line":121,"column":47},"end":{"line":211,"column":null}}},"3":{"name":"PUT","decl":{"start":{"line":213,"column":22},"end":{"line":213,"column":25}},"loc":{"start":{"line":213,"column":46},"end":{"line":293,"column":null}}},"4":{"name":"DELETE","decl":{"start":{"line":295,"column":22},"end":{"line":295,"column":28}},"loc":{"start":{"line":295,"column":49},"end":{"line":345,"column":null}}}},"branchMap":{"0":{"loc":{"start":{"line":44,"column":4},"end":{"line":49,"column":null}},"type":"if","locations":[{"start":{"line":44,"column":4},"end":{"line":49,"column":null}}]},"1":{"loc":{"start":{"line":44,"column":8},"end":{"line":44,"column":51}},"type":"binary-expr","locations":[{"start":{"line":44,"column":8},"end":{"line":44,"column":20}},{"start":{"line":44,"column":20},"end":{"line":44,"column":51}}]},"2":{"loc":{"start":{"line":53,"column":26},"end":{"line":53,"column":null}},"type":"binary-expr","locations":[{"start":{"line":53,"column":26},"end":{"line":53,"column":54}},{"start":{"line":53,"column":54},"end":{"line":53,"column":null}}]},"3":{"loc":{"start":{"line":54,"column":27},"end":{"line":54,"column":null}},"type":"binary-expr","locations":[{"start":{"line":54,"column":27},"end":{"line":54,"column":56}},{"start":{"line":54,"column":56},"end":{"line":54,"column":null}}]},"4":{"loc":{"start":{"line":55,"column":19},"end":{"line":55,"column":null}},"type":"binary-expr","locations":[{"start":{"line":55,"column":19},"end":{"line":55,"column":49}},{"start":{"line":55,"column":49},"end":{"line":55,"column":null}}]},"5":{"loc":{"start":{"line":62,"column":4},"end":{"line":64,"column":null}},"type":"if","locations":[{"start":{"line":62,"column":4},"end":{"line":64,"column":null}}]},"6":{"loc":{"start":{"line":62,"column":8},"end":{"line":62,"column":32}},"type":"binary-expr","locations":[{"start":{"line":62,"column":8},"end":{"line":62,"column":16}},{"start":{"line":62,"column":16},"end":{"line":62,"column":32}}]},"7":{"loc":{"start":{"line":66,"column":4},"end":{"line":72,"column":null}},"type":"if","locations":[{"start":{"line":66,"column":4},"end":{"line":72,"column":null}}]},"8":{"loc":{"start":{"line":99,"column":15},"end":{"line":99,"column":null}},"type":"binary-expr","locations":[{"start":{"line":99,"column":15},"end":{"line":99,"column":27}},{"start":{"line":99,"column":31},"end":{"line":99,"column":48}},{"start":{"line":99,"column":52},"end":{"line":99,"column":70}},{"start":{"line":99,"column":74},"end":{"line":99,"column":null}}]},"9":{"loc":{"start":{"line":125,"column":4},"end":{"line":130,"column":null}},"type":"if","locations":[{"start":{"line":125,"column":4},"end":{"line":130,"column":null}}]},"10":{"loc":{"start":{"line":125,"column":8},"end":{"line":125,"column":51}},"type":"binary-expr","locations":[{"start":{"line":125,"column":8},"end":{"line":125,"column":20}},{"start":{"line":125,"column":20},"end":{"line":125,"column":51}}]},"11":{"loc":{"start":{"line":134,"column":4},"end":{"line":136,"column":null}},"type":"if","locations":[{"start":{"line":134,"column":4},"end":{"line":136,"column":null}}]},"12":{"loc":{"start":{"line":134,"column":8},"end":{"line":134,"column":80}},"type":"binary-expr","locations":[{"start":{"line":134,"column":8},"end":{"line":134,"column":23}},{"start":{"line":134,"column":23},"end":{"line":134,"column":80}}]},"13":{"loc":{"start":{"line":142,"column":4},"end":{"line":144,"column":null}},"type":"if","locations":[{"start":{"line":142,"column":4},"end":{"line":144,"column":null}}]},"14":{"loc":{"start":{"line":152,"column":4},"end":{"line":157,"column":null}},"type":"if","locations":[{"start":{"line":152,"column":4},"end":{"line":157,"column":null}}]},"15":{"loc":{"start":{"line":170,"column":12},"end":{"line":179,"column":14}},"type":"cond-expr","locations":[{"start":{"line":170,"column":46},"end":{"line":179,"column":12}},{"start":{"line":179,"column":12},"end":{"line":179,"column":14}}]},"16":{"loc":{"start":{"line":170,"column":12},"end":{"line":170,"column":46}},"type":"binary-expr","locations":[{"start":{"line":170,"column":12},"end":{"line":170,"column":32}},{"start":{"line":170,"column":32},"end":{"line":170,"column":46}}]},"17":{"loc":{"start":{"line":173,"column":25},"end":{"line":173,"column":76}},"type":"binary-expr","locations":[{"start":{"line":173,"column":25},"end":{"line":173,"column":46}},{"start":{"line":173,"column":50},"end":{"line":173,"column":76}}]},"18":{"loc":{"start":{"line":174,"column":39},"end":{"line":174,"column":65}},"type":"binary-expr","locations":[{"start":{"line":174,"column":39},"end":{"line":174,"column":59}},{"start":{"line":174,"column":63},"end":{"line":174,"column":65}}]},"19":{"loc":{"start":{"line":175,"column":27},"end":{"line":175,"column":null}},"type":"binary-expr","locations":[{"start":{"line":175,"column":27},"end":{"line":175,"column":50}},{"start":{"line":175,"column":54},"end":{"line":175,"column":null}}]},"20":{"loc":{"start":{"line":176,"column":21},"end":{"line":176,"column":null}},"type":"binary-expr","locations":[{"start":{"line":176,"column":21},"end":{"line":176,"column":38}},{"start":{"line":176,"column":42},"end":{"line":176,"column":null}}]},"21":{"loc":{"start":{"line":180,"column":12},"end":{"line":182,"column":14}},"type":"cond-expr","locations":[{"start":{"line":180,"column":51},"end":{"line":182,"column":12}},{"start":{"line":182,"column":12},"end":{"line":182,"column":14}}]},"22":{"loc":{"start":{"line":180,"column":12},"end":{"line":180,"column":51}},"type":"binary-expr","locations":[{"start":{"line":180,"column":12},"end":{"line":180,"column":37}},{"start":{"line":180,"column":37},"end":{"line":180,"column":51}}]},"23":{"loc":{"start":{"line":217,"column":4},"end":{"line":222,"column":null}},"type":"if","locations":[{"start":{"line":217,"column":4},"end":{"line":222,"column":null}}]},"24":{"loc":{"start":{"line":217,"column":8},"end":{"line":217,"column":51}},"type":"binary-expr","locations":[{"start":{"line":217,"column":8},"end":{"line":217,"column":20}},{"start":{"line":217,"column":20},"end":{"line":217,"column":51}}]},"25":{"loc":{"start":{"line":226,"column":4},"end":{"line":228,"column":null}},"type":"if","locations":[{"start":{"line":226,"column":4},"end":{"line":228,"column":null}}]},"26":{"loc":{"start":{"line":226,"column":8},"end":{"line":226,"column":82}},"type":"binary-expr","locations":[{"start":{"line":226,"column":8},"end":{"line":226,"column":24}},{"start":{"line":226,"column":24},"end":{"line":226,"column":82}}]},"27":{"loc":{"start":{"line":234,"column":4},"end":{"line":236,"column":null}},"type":"if","locations":[{"start":{"line":234,"column":4},"end":{"line":236,"column":null}}]},"28":{"loc":{"start":{"line":247,"column":12},"end":{"line":264,"column":14}},"type":"cond-expr","locations":[{"start":{"line":247,"column":46},"end":{"line":264,"column":12}},{"start":{"line":264,"column":12},"end":{"line":264,"column":14}}]},"29":{"loc":{"start":{"line":247,"column":12},"end":{"line":247,"column":46}},"type":"binary-expr","locations":[{"start":{"line":247,"column":12},"end":{"line":247,"column":32}},{"start":{"line":247,"column":32},"end":{"line":247,"column":46}}]},"30":{"loc":{"start":{"line":251,"column":27},"end":{"line":251,"column":78}},"type":"binary-expr","locations":[{"start":{"line":251,"column":27},"end":{"line":251,"column":48}},{"start":{"line":251,"column":52},"end":{"line":251,"column":78}}]},"31":{"loc":{"start":{"line":252,"column":41},"end":{"line":252,"column":67}},"type":"binary-expr","locations":[{"start":{"line":252,"column":41},"end":{"line":252,"column":61}},{"start":{"line":252,"column":65},"end":{"line":252,"column":67}}]},"32":{"loc":{"start":{"line":253,"column":29},"end":{"line":253,"column":null}},"type":"binary-expr","locations":[{"start":{"line":253,"column":29},"end":{"line":253,"column":52}},{"start":{"line":253,"column":56},"end":{"line":253,"column":null}}]},"33":{"loc":{"start":{"line":254,"column":23},"end":{"line":254,"column":null}},"type":"binary-expr","locations":[{"start":{"line":254,"column":23},"end":{"line":254,"column":40}},{"start":{"line":254,"column":44},"end":{"line":254,"column":null}}]},"34":{"loc":{"start":{"line":258,"column":41},"end":{"line":258,"column":67}},"type":"binary-expr","locations":[{"start":{"line":258,"column":41},"end":{"line":258,"column":61}},{"start":{"line":258,"column":65},"end":{"line":258,"column":67}}]},"35":{"loc":{"start":{"line":299,"column":4},"end":{"line":304,"column":null}},"type":"if","locations":[{"start":{"line":299,"column":4},"end":{"line":304,"column":null}}]},"36":{"loc":{"start":{"line":299,"column":8},"end":{"line":299,"column":51}},"type":"binary-expr","locations":[{"start":{"line":299,"column":8},"end":{"line":299,"column":20}},{"start":{"line":299,"column":20},"end":{"line":299,"column":51}}]},"37":{"loc":{"start":{"line":309,"column":4},"end":{"line":314,"column":null}},"type":"if","locations":[{"start":{"line":309,"column":4},"end":{"line":314,"column":null}}]},"38":{"loc":{"start":{"line":321,"column":4},"end":{"line":326,"column":null}},"type":"if","locations":[{"start":{"line":321,"column":4},"end":{"line":326,"column":null}}]}},"s":{"0":14,"1":14,"2":24,"3":18,"4":24,"5":24,"6":24,"7":24,"8":24,"9":24,"10":24,"11":24,"12":14,"13":14,"14":14,"15":4,"16":10,"17":10,"18":10,"19":10,"20":10,"21":10,"22":10,"23":10,"24":4,"25":10,"26":4,"27":10,"28":8,"29":4,"30":8,"31":2,"32":2,"33":24,"34":24,"35":24,"36":2,"37":22,"38":22,"39":2,"40":20,"41":20,"42":2,"43":18,"44":18,"45":4,"46":14,"47":14,"48":14,"49":2,"50":12,"51":12,"52":10,"53":2,"54":2,"55":18,"56":18,"57":18,"58":2,"59":16,"60":16,"61":2,"62":14,"63":14,"64":4,"65":10,"66":10,"67":2,"68":8,"69":8,"70":6,"71":2,"72":2,"73":14,"74":14,"75":14,"76":2,"77":12,"78":12,"79":12,"80":4,"81":8,"82":8,"83":4,"84":4,"85":2,"86":2,"87":2},"f":{"0":14,"1":4,"2":24,"3":18,"4":14},"b":{"0":[4],"1":[14,10],"2":[10,4],"3":[10,4],"4":[10,6],"5":[4],"6":[10,6],"7":[4],"8":[4,4,2,2],"9":[2],"10":[24,22],"11":[2],"12":[22,13],"13":[4],"14":[2],"15":[6,6],"16":[12,8],"17":[6,2],"18":[6,2],"19":[6,2],"20":[6,2],"21":[2,10],"22":[12,2],"23":[2],"24":[18,16],"25":[2],"26":[16,11],"27":[2],"28":[4,4],"29":[8,4],"30":[4,0],"31":[4,0],"32":[4,0],"33":[4,0],"34":[4,0],"35":[2],"36":[14,12],"37":[4],"38":[4]}}
,"/home/alaeddine/Documents/nexus-project_v0/app/api/aria/chat/route.ts": {"path":"/home/alaeddine/Documents/nexus-project_v0/app/api/aria/chat/route.ts","statementMap":{"0":{"start":{"line":19,"column":22},"end":{"line":19,"column":26}},"1":{"start":{"line":10,"column":13},"end":{"line":10,"column":20}},"2":{"start":{"line":2,"column":33},"end":{"line":2,"column":null}},"3":{"start":{"line":3,"column":28},"end":{"line":3,"column":null}},"4":{"start":{"line":4,"column":23},"end":{"line":4,"column":null}},"5":{"start":{"line":5,"column":24},"end":{"line":5,"column":null}},"6":{"start":{"line":6,"column":33},"end":{"line":6,"column":null}},"7":{"start":{"line":7,"column":42},"end":{"line":7,"column":null}},"8":{"start":{"line":8,"column":18},"end":{"line":8,"column":null}},"9":{"start":{"line":10,"column":23},"end":{"line":10,"column":null}},"10":{"start":{"line":12,"column":26},"end":{"line":17,"column":null}},"11":{"start":{"line":15,"column":21},"end":{"line":15,"column":null}},"12":{"start":{"line":20,"column":2},"end":{"line":95,"column":null}},"13":{"start":{"line":22,"column":15},"end":{"line":22,"column":null}},"14":{"start":{"line":23,"column":26},"end":{"line":23,"column":null}},"15":{"start":{"line":23,"column":32},"end":{"line":23,"column":null}},"16":{"start":{"line":24,"column":18},"end":{"line":24,"column":null}},"17":{"start":{"line":25,"column":4},"end":{"line":27,"column":null}},"18":{"start":{"line":26,"column":6},"end":{"line":26,"column":null}},"19":{"start":{"line":29,"column":20},"end":{"line":29,"column":null}},"20":{"start":{"line":30,"column":4},"end":{"line":32,"column":null}},"21":{"start":{"line":31,"column":6},"end":{"line":31,"column":null}},"22":{"start":{"line":36,"column":4},"end":{"line":40,"column":null}},"23":{"start":{"line":37,"column":6},"end":{"line":37,"column":null}},"24":{"start":{"line":39,"column":6},"end":{"line":39,"column":null}},"25":{"start":{"line":42,"column":23},"end":{"line":42,"column":null}},"26":{"start":{"line":44,"column":4},"end":{"line":46,"column":null}},"27":{"start":{"line":45,"column":6},"end":{"line":45,"column":null}},"28":{"start":{"line":48,"column":33},"end":{"line":48,"column":48}},"29":{"start":{"line":49,"column":36},"end":{"line":49,"column":48}},"30":{"start":{"line":52,"column":18},"end":{"line":52,"column":56}},"31":{"start":{"line":53,"column":20},"end":{"line":53,"column":null}},"32":{"start":{"line":54,"column":19},"end":{"line":54,"column":null}},"33":{"start":{"line":56,"column":4},"end":{"line":64,"column":null}},"34":{"start":{"line":57,"column":6},"end":{"line":63,"column":null}},"35":{"start":{"line":68,"column":4},"end":{"line":72,"column":null}},"36":{"start":{"line":69,"column":6},"end":{"line":69,"column":null}},"37":{"start":{"line":71,"column":6},"end":{"line":71,"column":null}},"38":{"start":{"line":73,"column":4},"end":{"line":73,"column":null}},"39":{"start":{"line":76,"column":25},"end":{"line":76,"column":null}},"40":{"start":{"line":79,"column":38},"end":{"line":79,"column":null}},"41":{"start":{"line":82,"column":4},"end":{"line":85,"column":null}},"42":{"start":{"line":88,"column":4},"end":{"line":93,"column":null}},"43":{"start":{"line":89,"column":25},"end":{"line":89,"column":null}},"44":{"start":{"line":89,"column":31},"end":{"line":89,"column":null}},"45":{"start":{"line":90,"column":6},"end":{"line":90,"column":null}},"46":{"start":{"line":92,"column":6},"end":{"line":92,"column":null}},"47":{"start":{"line":94,"column":4},"end":{"line":94,"column":null}}},"fnMap":{"0":{"name":"(anonymous_6)","decl":{"start":{"line":15,"column":14},"end":{"line":15,"column":21}},"loc":{"start":{"line":15,"column":21},"end":{"line":15,"column":null}}},"1":{"name":"POST","decl":{"start":{"line":19,"column":22},"end":{"line":19,"column":26}},"loc":{"start":{"line":19,"column":43},"end":{"line":96,"column":null}}},"2":{"name":"(anonymous_8)","decl":{"start":{"line":23,"column":32},"end":{"line":23,"column":39}},"loc":{"start":{"line":23,"column":32},"end":{"line":23,"column":null}}},"3":{"name":"(anonymous_9)","decl":{"start":{"line":89,"column":31},"end":{"line":89,"column":38}},"loc":{"start":{"line":89,"column":31},"end":{"line":89,"column":null}}}},"branchMap":{"0":{"loc":{"start":{"line":22,"column":15},"end":{"line":22,"column":null}},"type":"binary-expr","locations":[{"start":{"line":22,"column":15},"end":{"line":22,"column":76}},{"start":{"line":22,"column":76},"end":{"line":22,"column":null}}]},"1":{"loc":{"start":{"line":25,"column":4},"end":{"line":27,"column":null}},"type":"if","locations":[{"start":{"line":25,"column":4},"end":{"line":27,"column":null}}]},"2":{"loc":{"start":{"line":30,"column":4},"end":{"line":32,"column":null}},"type":"if","locations":[{"start":{"line":30,"column":4},"end":{"line":32,"column":null}}]},"3":{"loc":{"start":{"line":30,"column":8},"end":{"line":30,"column":79}},"type":"binary-expr","locations":[{"start":{"line":30,"column":8},"end":{"line":30,"column":30}},{"start":{"line":30,"column":30},"end":{"line":30,"column":53}},{"start":{"line":30,"column":57},"end":{"line":30,"column":79}}]},"4":{"loc":{"start":{"line":44,"column":4},"end":{"line":46,"column":null}},"type":"if","locations":[{"start":{"line":44,"column":4},"end":{"line":46,"column":null}}]},"5":{"loc":{"start":{"line":56,"column":4},"end":{"line":64,"column":null}},"type":"if","locations":[{"start":{"line":56,"column":4},"end":{"line":64,"column":null}}]},"6":{"loc":{"start":{"line":56,"column":8},"end":{"line":56,"column":74}},"type":"binary-expr","locations":[{"start":{"line":56,"column":8},"end":{"line":56,"column":17}},{"start":{"line":56,"column":17},"end":{"line":56,"column":41}},{"start":{"line":56,"column":41},"end":{"line":56,"column":74}}]},"7":{"loc":{"start":{"line":56,"column":42},"end":{"line":56,"column":71}},"type":"binary-expr","locations":[{"start":{"line":56,"column":42},"end":{"line":56,"column":61}},{"start":{"line":56,"column":65},"end":{"line":56,"column":71}}]},"8":{"loc":{"start":{"line":68,"column":4},"end":{"line":72,"column":null}},"type":"if","locations":[{"start":{"line":68,"column":4},"end":{"line":72,"column":null}},{"start":{"line":70,"column":11},"end":{"line":72,"column":null}}]},"9":{"loc":{"start":{"line":68,"column":8},"end":{"line":68,"column":40}},"type":"binary-expr","locations":[{"start":{"line":68,"column":8},"end":{"line":68,"column":18}},{"start":{"line":68,"column":18},"end":{"line":68,"column":40}}]},"10":{"loc":{"start":{"line":71,"column":36},"end":{"line":71,"column":64}},"type":"binary-expr","locations":[{"start":{"line":71,"column":36},"end":{"line":71,"column":55}},{"start":{"line":71,"column":59},"end":{"line":71,"column":64}}]}},"s":{"0":30,"1":0,"2":16,"3":16,"4":16,"5":16,"6":16,"7":16,"8":16,"9":16,"10":16,"11":2,"12":46,"13":46,"14":46,"15":46,"16":46,"17":46,"18":4,"19":42,"20":42,"21":4,"22":38,"23":38,"24":0,"25":38,"26":38,"27":2,"28":36,"29":36,"30":36,"31":36,"32":36,"33":36,"34":6,"35":30,"36":10,"37":20,"38":30,"39":30,"40":30,"41":28,"42":2,"43":2,"44":2,"45":2,"46":0,"47":2},"f":{"0":2,"1":46,"2":46,"3":2},"b":{"0":[46,44],"1":[4],"2":[4],"3":[42,40,38],"4":[2],"5":[6],"6":[36,28,26],"7":[26,0],"8":[10,20],"9":[30,22],"10":[20,0]}}
,"/home/alaeddine/Documents/nexus-project_v0/app/api/bilan-gratuit/route.ts": {"path":"/home/alaeddine/Documents/nexus-project_v0/app/api/bilan-gratuit/route.ts","statementMap":{"0":{"start":{"line":7,"column":22},"end":{"line":7,"column":27}},"1":{"start":{"line":1,"column":23},"end":{"line":1,"column":null}},"2":{"start":{"line":2,"column":35},"end":{"line":2,"column":null}},"3":{"start":{"line":3,"column":25},"end":{"line":3,"column":null}},"4":{"start":{"line":4,"column":19},"end":{"line":4,"column":null}},"5":{"start":{"line":5,"column":42},"end":{"line":5,"column":null}},"6":{"start":{"line":8,"column":2},"end":{"line":119,"column":null}},"7":{"start":{"line":11,"column":4},"end":{"line":15,"column":null}},"8":{"start":{"line":12,"column":6},"end":{"line":12,"column":null}},"9":{"start":{"line":14,"column":6},"end":{"line":14,"column":null}},"10":{"start":{"line":18,"column":26},"end":{"line":18,"column":null}},"11":{"start":{"line":21,"column":25},"end":{"line":23,"column":null}},"12":{"start":{"line":25,"column":4},"end":{"line":30,"column":null}},"13":{"start":{"line":26,"column":6},"end":{"line":28,"column":null}},"14":{"start":{"line":33,"column":27},"end":{"line":33,"column":null}},"15":{"start":{"line":36,"column":31},"end":{"line":36,"column":161}},"16":{"start":{"line":39,"column":19},"end":{"line":86,"column":null}},"17":{"start":{"line":41,"column":25},"end":{"line":50,"column":null}},"18":{"start":{"line":53,"column":28},"end":{"line":57,"column":null}},"19":{"start":{"line":60,"column":26},"end":{"line":68,"column":null}},"20":{"start":{"line":71,"column":22},"end":{"line":79,"column":null}},"21":{"start":{"line":85,"column":6},"end":{"line":85,"column":null}},"22":{"start":{"line":91,"column":4},"end":{"line":95,"column":null}},"23":{"start":{"line":98,"column":4},"end":{"line":98,"column":null}},"24":{"start":{"line":100,"column":4},"end":{"line":106,"column":null}},"25":{"start":{"line":101,"column":6},"end":{"line":105,"column":null}},"26":{"start":{"line":108,"column":4},"end":{"line":113,"column":null}},"27":{"start":{"line":109,"column":6},"end":{"line":112,"column":null}},"28":{"start":{"line":115,"column":4},"end":{"line":118,"column":null}}},"fnMap":{"0":{"name":"POST","decl":{"start":{"line":7,"column":22},"end":{"line":7,"column":27}},"loc":{"start":{"line":7,"column":43},"end":{"line":120,"column":null}}},"1":{"name":"(anonymous_3)","decl":{"start":{"line":39,"column":45},"end":{"line":39,"column":52}},"loc":{"start":{"line":39,"column":52},"end":{"line":86,"column":null}}}},"branchMap":{"0":{"loc":{"start":{"line":25,"column":4},"end":{"line":30,"column":null}},"type":"if","locations":[{"start":{"line":25,"column":4},"end":{"line":30,"column":null}}]},"1":{"loc":{"start":{"line":77,"column":21},"end":{"line":77,"column":null}},"type":"cond-expr","locations":[{"start":{"line":77,"column":54},"end":{"line":77,"column":97}},{"start":{"line":77,"column":97},"end":{"line":77,"column":null}}]},"2":{"loc":{"start":{"line":100,"column":4},"end":{"line":106,"column":null}},"type":"if","locations":[{"start":{"line":100,"column":4},"end":{"line":106,"column":null}}]},"3":{"loc":{"start":{"line":100,"column":8},"end":{"line":100,"column":61}},"type":"binary-expr","locations":[{"start":{"line":100,"column":8},"end":{"line":100,"column":34}},{"start":{"line":100,"column":34},"end":{"line":100,"column":61}}]},"4":{"loc":{"start":{"line":108,"column":4},"end":{"line":113,"column":null}},"type":"if","locations":[{"start":{"line":108,"column":4},"end":{"line":113,"column":null}}]},"5":{"loc":{"start":{"line":108,"column":8},"end":{"line":108,"column":86}},"type":"binary-expr","locations":[{"start":{"line":108,"column":8},"end":{"line":108,"column":34}},{"start":{"line":108,"column":34},"end":{"line":108,"column":86}}]}},"s":{"0":18,"1":2,"2":2,"3":2,"4":2,"5":2,"6":18,"7":18,"8":18,"9":0,"10":18,"11":12,"12":12,"13":2,"14":10,"15":10,"16":10,"17":4,"18":4,"19":4,"20":4,"21":4,"22":6,"23":10,"24":10,"25":6,"26":4,"27":2,"28":2},"f":{"0":18,"1":4},"b":{"0":[2],"1":[2,2],"2":[6],"3":[10,10],"4":[2],"5":[4,4]}}
,"/home/alaeddine/Documents/nexus-project_v0/app/api/webhooks/konnect/route.ts": {"path":"/home/alaeddine/Documents/nexus-project_v0/app/api/webhooks/konnect/route.ts","statementMap":{"0":{"start":{"line":12,"column":22},"end":{"line":12,"column":27}},"1":{"start":{"line":1,"column":23},"end":{"line":1,"column":null}},"2":{"start":{"line":2,"column":42},"end":{"line":2,"column":null}},"3":{"start":{"line":3,"column":19},"end":{"line":3,"column":null}},"4":{"start":{"line":6,"column":13},"end":{"line":6,"column":null}},"5":{"start":{"line":7,"column":13},"end":{"line":7,"column":null}},"6":{"start":{"line":8,"column":2},"end":{"line":8,"column":null}},"7":{"start":{"line":8,"column":31},"end":{"line":8,"column":null}},"8":{"start":{"line":9,"column":2},"end":{"line":9,"column":null}},"9":{"start":{"line":13,"column":2},"end":{"line":187,"column":null}},"10":{"start":{"line":15,"column":20},"end":{"line":15,"column":null}},"11":{"start":{"line":18,"column":28},"end":{"line":18,"column":null}},"12":{"start":{"line":19,"column":19},"end":{"line":19,"column":53}},"13":{"start":{"line":21,"column":4},"end":{"line":23,"column":null}},"14":{"start":{"line":22,"column":6},"end":{"line":22,"column":null}},"15":{"start":{"line":25,"column":21},"end":{"line":28,"column":null}},"16":{"start":{"line":30,"column":4},"end":{"line":32,"column":null}},"17":{"start":{"line":31,"column":6},"end":{"line":31,"column":null}},"18":{"start":{"line":34,"column":17},"end":{"line":34,"column":null}},"19":{"start":{"line":37,"column":53},"end":{"line":37,"column":null}},"20":{"start":{"line":39,"column":4},"end":{"line":44,"column":null}},"21":{"start":{"line":40,"column":6},"end":{"line":42,"column":null}},"22":{"start":{"line":47,"column":20},"end":{"line":60,"column":null}},"23":{"start":{"line":62,"column":4},"end":{"line":67,"column":null}},"24":{"start":{"line":63,"column":6},"end":{"line":65,"column":null}},"25":{"start":{"line":69,"column":4},"end":{"line":171,"column":null}},"26":{"start":{"line":71,"column":6},"end":{"line":81,"column":null}},"27":{"start":{"line":84,"column":23},"end":{"line":84,"column":39}},"28":{"start":{"line":86,"column":6},"end":{"line":158,"column":null}},"29":{"start":{"line":88,"column":24},"end":{"line":90,"column":null}},"30":{"start":{"line":92,"column":8},"end":{"line":154,"column":null}},"31":{"start":{"line":93,"column":26},"end":{"line":93,"column":null}},"32":{"start":{"line":95,"column":10},"end":{"line":101,"column":null}},"33":{"start":{"line":104,"column":26},"end":{"line":114,"column":null}},"34":{"start":{"line":117,"column":10},"end":{"line":130,"column":null}},"35":{"start":{"line":118,"column":12},"end":{"line":129,"column":null}},"36":{"start":{"line":133,"column":31},"end":{"line":138,"column":null}},"37":{"start":{"line":140,"column":10},"end":{"line":153,"column":null}},"38":{"start":{"line":141,"column":30},"end":{"line":141,"column":null}},"39":{"start":{"line":142,"column":12},"end":{"line":142,"column":58}},"40":{"start":{"line":144,"column":12},"end":{"line":152,"column":null}},"41":{"start":{"line":155,"column":13},"end":{"line":158,"column":null}},"42":{"start":{"line":162,"column":6},"end":{"line":162,"column":null}},"43":{"start":{"line":163,"column":11},"end":{"line":171,"column":null}},"44":{"start":{"line":165,"column":6},"end":{"line":168,"column":null}},"45":{"start":{"line":170,"column":6},"end":{"line":170,"column":null}},"46":{"start":{"line":173,"column":4},"end":{"line":173,"column":null}},"47":{"start":{"line":176,"column":4},"end":{"line":181,"column":null}},"48":{"start":{"line":177,"column":25},"end":{"line":177,"column":null}},"49":{"start":{"line":177,"column":31},"end":{"line":177,"column":null}},"50":{"start":{"line":178,"column":6},"end":{"line":178,"column":null}},"51":{"start":{"line":180,"column":6},"end":{"line":180,"column":null}},"52":{"start":{"line":183,"column":4},"end":{"line":185,"column":null}}},"fnMap":{"0":{"name":"safeEqual","decl":{"start":{"line":5,"column":9},"end":{"line":5,"column":19}},"loc":{"start":{"line":5,"column":39},"end":{"line":10,"column":null}}},"1":{"name":"POST","decl":{"start":{"line":12,"column":22},"end":{"line":12,"column":27}},"loc":{"start":{"line":12,"column":47},"end":{"line":188,"column":null}}},"2":{"name":"(anonymous_7)","decl":{"start":{"line":177,"column":31},"end":{"line":177,"column":38}},"loc":{"start":{"line":177,"column":31},"end":{"line":177,"column":null}}}},"branchMap":{"0":{"loc":{"start":{"line":8,"column":2},"end":{"line":8,"column":null}},"type":"if","locations":[{"start":{"line":8,"column":2},"end":{"line":8,"column":null}}]},"1":{"loc":{"start":{"line":18,"column":28},"end":{"line":18,"column":null}},"type":"binary-expr","locations":[{"start":{"line":18,"column":28},"end":{"line":18,"column":74}},{"start":{"line":18,"column":74},"end":{"line":18,"column":null}}]},"2":{"loc":{"start":{"line":21,"column":4},"end":{"line":23,"column":null}},"type":"if","locations":[{"start":{"line":21,"column":4},"end":{"line":23,"column":null}}]},"3":{"loc":{"start":{"line":21,"column":8},"end":{"line":21,"column":37}},"type":"binary-expr","locations":[{"start":{"line":21,"column":8},"end":{"line":21,"column":19}},{"start":{"line":21,"column":19},"end":{"line":21,"column":37}}]},"4":{"loc":{"start":{"line":30,"column":4},"end":{"line":32,"column":null}},"type":"if","locations":[{"start":{"line":30,"column":4},"end":{"line":32,"column":null}}]},"5":{"loc":{"start":{"line":39,"column":4},"end":{"line":44,"column":null}},"type":"if","locations":[{"start":{"line":39,"column":4},"end":{"line":44,"column":null}}]},"6":{"loc":{"start":{"line":39,"column":8},"end":{"line":39,"column":32}},"type":"binary-expr","locations":[{"start":{"line":39,"column":8},"end":{"line":39,"column":23}},{"start":{"line":39,"column":23},"end":{"line":39,"column":32}}]},"7":{"loc":{"start":{"line":62,"column":4},"end":{"line":67,"column":null}},"type":"if","locations":[{"start":{"line":62,"column":4},"end":{"line":67,"column":null}}]},"8":{"loc":{"start":{"line":69,"column":4},"end":{"line":171,"column":null}},"type":"if","locations":[{"start":{"line":69,"column":4},"end":{"line":171,"column":null}},{"start":{"line":163,"column":11},"end":{"line":171,"column":null}}]},"9":{"loc":{"start":{"line":76,"column":16},"end":{"line":76,"column":61}},"type":"binary-expr","locations":[{"start":{"line":76,"column":16},"end":{"line":76,"column":32}},{"start":{"line":76,"column":59},"end":{"line":76,"column":61}}]},"10":{"loc":{"start":{"line":77,"column":34},"end":{"line":77,"column":null}},"type":"binary-expr","locations":[{"start":{"line":77,"column":34},"end":{"line":77,"column":53}},{"start":{"line":77,"column":57},"end":{"line":77,"column":null}}]},"11":{"loc":{"start":{"line":86,"column":6},"end":{"line":158,"column":null}},"type":"if","locations":[{"start":{"line":86,"column":6},"end":{"line":158,"column":null}},{"start":{"line":155,"column":13},"end":{"line":158,"column":null}}]},"12":{"loc":{"start":{"line":92,"column":8},"end":{"line":154,"column":null}},"type":"if","locations":[{"start":{"line":92,"column":8},"end":{"line":154,"column":null}}]},"13":{"loc":{"start":{"line":93,"column":33},"end":{"line":93,"column":58}},"type":"binary-expr","locations":[{"start":{"line":93,"column":33},"end":{"line":93,"column":54}},{"start":{"line":93,"column":54},"end":{"line":93,"column":58}}]},"14":{"loc":{"start":{"line":117,"column":10},"end":{"line":130,"column":null}},"type":"if","locations":[{"start":{"line":117,"column":10},"end":{"line":130,"column":null}}]},"15":{"loc":{"start":{"line":121,"column":26},"end":{"line":121,"column":null}},"type":"binary-expr","locations":[{"start":{"line":121,"column":26},"end":{"line":121,"column":37}},{"start":{"line":121,"column":37},"end":{"line":121,"column":null}}]},"16":{"loc":{"start":{"line":122,"column":30},"end":{"line":122,"column":null}},"type":"cond-expr","locations":[{"start":{"line":122,"column":67},"end":{"line":122,"column":96}},{"start":{"line":122,"column":96},"end":{"line":122,"column":null}}]},"17":{"loc":{"start":{"line":140,"column":10},"end":{"line":153,"column":null}},"type":"if","locations":[{"start":{"line":140,"column":10},"end":{"line":153,"column":null}}]},"18":{"loc":{"start":{"line":140,"column":14},"end":{"line":140,"column":64}},"type":"binary-expr","locations":[{"start":{"line":140,"column":14},"end":{"line":140,"column":30}},{"start":{"line":140,"column":30},"end":{"line":140,"column":64}}]},"19":{"loc":{"start":{"line":155,"column":13},"end":{"line":158,"column":null}},"type":"if","locations":[{"start":{"line":155,"column":13},"end":{"line":158,"column":null}}]},"20":{"loc":{"start":{"line":163,"column":11},"end":{"line":171,"column":null}},"type":"if","locations":[{"start":{"line":163,"column":11},"end":{"line":171,"column":null}}]}},"s":{"0":26,"1":16,"2":16,"3":16,"4":22,"5":22,"6":22,"7":6,"8":16,"9":28,"10":28,"11":26,"12":26,"13":26,"14":4,"15":22,"16":22,"17":6,"18":16,"19":16,"20":16,"21":2,"22":14,"23":14,"24":2,"25":12,"26":8,"27":8,"28":8,"29":6,"30":6,"31":6,"32":6,"33":6,"34":6,"35":2,"36":6,"37":6,"38":2,"39":2,"40":2,"41":2,"42":8,"43":4,"44":2,"45":2,"46":2,"47":2,"48":2,"49":2,"50":2,"51":0,"52":2},"f":{"0":22,"1":28,"2":2},"b":{"0":[6],"1":[26,4],"2":[4],"3":[26,24],"4":[6],"5":[2],"6":[16,14],"7":[2],"8":[8,4],"9":[8,0],"10":[8,8],"11":[6,2],"12":[6],"13":[6,0],"14":[2],"15":[2,0],"16":[2,0],"17":[2],"18":[6,4],"19":[2],"20":[2]}}
,"/home/alaeddine/Documents/nexus-project_v0/lib/credits.ts": {"path":"/home/alaeddine/Documents/nexus-project_v0/lib/credits.ts","statementMap":{"0":{"start":{"line":72,"column":22},"end":{"line":72,"column":44}},"1":{"start":{"line":11,"column":16},"end":{"line":11,"column":35}},"2":{"start":{"line":111,"column":16},"end":{"line":111,"column":32}},"3":{"start":{"line":26,"column":22},"end":{"line":26,"column":40}},"4":{"start":{"line":44,"column":22},"end":{"line":44,"column":34}},"5":{"start":{"line":89,"column":22},"end":{"line":89,"column":38}},"6":{"start":{"line":58,"column":22},"end":{"line":58,"column":35}},"7":{"start":{"line":25,"column":23},"end":{"line":25,"column":null}},"8":{"start":{"line":4,"column":21},"end":{"line":8,"column":null}},"9":{"start":{"line":12,"column":2},"end":{"line":21,"column":null}},"10":{"start":{"line":14,"column":6},"end":{"line":14,"column":null}},"11":{"start":{"line":16,"column":6},"end":{"line":16,"column":null}},"12":{"start":{"line":18,"column":6},"end":{"line":18,"column":null}},"13":{"start":{"line":20,"column":6},"end":{"line":20,"column":null}},"14":{"start":{"line":28,"column":23},"end":{"line":36,"column":null}},"15":{"start":{"line":38,"column":23},"end":{"line":38,"column":null}},"16":{"start":{"line":38,"column":65},"end":{"line":38,"column":89}},"17":{"start":{"line":40,"column":2},"end":{"line":40,"column":null}},"18":{"start":{"line":46,"column":2},"end":{"line":54,"column":null}},"19":{"start":{"line":60,"column":2},"end":{"line":68,"column":null}},"20":{"start":{"line":74,"column":20},"end":{"line":74,"column":null}},"21":{"start":{"line":75,"column":2},"end":{"line":75,"column":48}},"22":{"start":{"line":77,"column":2},"end":{"line":85,"column":null}},"23":{"start":{"line":91,"column":30},"end":{"line":96,"column":null}},"24":{"start":{"line":98,"column":2},"end":{"line":107,"column":null}},"25":{"start":{"line":99,"column":4},"end":{"line":106,"column":null}},"26":{"start":{"line":112,"column":14},"end":{"line":112,"column":null}},"27":{"start":{"line":113,"column":22},"end":{"line":113,"column":null}},"28":{"start":{"line":114,"column":22},"end":{"line":114,"column":null}},"29":{"start":{"line":115,"column":26},"end":{"line":115,"column":null}},"30":{"start":{"line":117,"column":2},"end":{"line":123,"column":null}},"31":{"start":{"line":119,"column":4},"end":{"line":119,"column":null}},"32":{"start":{"line":122,"column":4},"end":{"line":122,"column":null}}},"fnMap":{"0":{"name":"calculateCreditCost","decl":{"start":{"line":11,"column":16},"end":{"line":11,"column":35}},"loc":{"start":{"line":11,"column":60},"end":{"line":22,"column":null}}},"1":{"name":"checkCreditBalance","decl":{"start":{"line":26,"column":22},"end":{"line":26,"column":40}},"loc":{"start":{"line":26,"column":83},"end":{"line":41,"column":null}}},"2":{"name":"(anonymous_10)","decl":{"start":{"line":38,"column":43},"end":{"line":38,"column":44}},"loc":{"start":{"line":38,"column":65},"end":{"line":38,"column":89}}},"3":{"name":"debitCredits","decl":{"start":{"line":44,"column":22},"end":{"line":44,"column":34}},"loc":{"start":{"line":44,"column":108},"end":{"line":55,"column":null}}},"4":{"name":"refundCredits","decl":{"start":{"line":58,"column":22},"end":{"line":58,"column":35}},"loc":{"start":{"line":58,"column":109},"end":{"line":69,"column":null}}},"5":{"name":"allocateMonthlyCredits","decl":{"start":{"line":72,"column":22},"end":{"line":72,"column":44}},"loc":{"start":{"line":72,"column":79},"end":{"line":86,"column":null}}},"6":{"name":"expireOldCredits","decl":{"start":{"line":89,"column":22},"end":{"line":89,"column":38}},"loc":{"start":{"line":89,"column":22},"end":{"line":108,"column":null}}},"7":{"name":"canCancelBooking","decl":{"start":{"line":111,"column":16},"end":{"line":111,"column":32}},"loc":{"start":{"line":111,"column":76},"end":{"line":124,"column":null}}}},"branchMap":{"0":{"loc":{"start":{"line":12,"column":2},"end":{"line":21,"column":null}},"type":"switch","locations":[{"start":{"line":13,"column":4},"end":{"line":14,"column":null}},{"start":{"line":15,"column":4},"end":{"line":16,"column":null}},{"start":{"line":17,"column":4},"end":{"line":18,"column":null}},{"start":{"line":19,"column":4},"end":{"line":20,"column":null}}]},"1":{"loc":{"start":{"line":117,"column":2},"end":{"line":123,"column":null}},"type":"if","locations":[{"start":{"line":117,"column":2},"end":{"line":123,"column":null}},{"start":{"line":120,"column":9},"end":{"line":123,"column":null}}]}},"s":{"0":2,"1":10,"2":16,"3":10,"4":4,"5":4,"6":4,"7":6,"8":6,"9":10,"10":2,"11":2,"12":2,"13":4,"14":10,"15":10,"16":22,"17":10,"18":4,"19":4,"20":2,"21":2,"22":2,"23":4,"24":4,"25":4,"26":16,"27":16,"28":16,"29":16,"30":16,"31":8,"32":8},"f":{"0":10,"1":10,"2":22,"3":4,"4":4,"5":2,"6":4,"7":16},"b":{"0":[2,2,2,4],"1":[8,8]}}
,"/home/alaeddine/Documents/nexus-project_v0/lib/logger.ts": {"path":"/home/alaeddine/Documents/nexus-project_v0/lib/logger.ts","statementMap":{"0":{"start":{"line":30,"column":13},"end":{"line":30,"column":22}},"1":{"start":{"line":8,"column":4},"end":{"line":12,"column":null}},"2":{"start":{"line":9,"column":6},"end":{"line":9,"column":null}},"3":{"start":{"line":11,"column":6},"end":{"line":11,"column":null}},"4":{"start":{"line":15,"column":4},"end":{"line":19,"column":null}},"5":{"start":{"line":16,"column":6},"end":{"line":16,"column":null}},"6":{"start":{"line":18,"column":6},"end":{"line":18,"column":null}},"7":{"start":{"line":22,"column":4},"end":{"line":26,"column":null}},"8":{"start":{"line":23,"column":6},"end":{"line":23,"column":null}},"9":{"start":{"line":25,"column":6},"end":{"line":25,"column":null}},"10":{"start":{"line":30,"column":22},"end":{"line":30,"column":null}}},"fnMap":{"0":{"name":"(anonymous_1)","decl":{"start":{"line":7,"column":2},"end":{"line":7,"column":7}},"loc":{"start":{"line":7,"column":46},"end":{"line":13,"column":null}}},"1":{"name":"(anonymous_2)","decl":{"start":{"line":14,"column":2},"end":{"line":14,"column":7}},"loc":{"start":{"line":14,"column":46},"end":{"line":20,"column":null}}},"2":{"name":"(anonymous_3)","decl":{"start":{"line":21,"column":2},"end":{"line":21,"column":8}},"loc":{"start":{"line":21,"column":47},"end":{"line":27,"column":null}}}},"branchMap":{"0":{"loc":{"start":{"line":8,"column":4},"end":{"line":12,"column":null}},"type":"if","locations":[{"start":{"line":8,"column":4},"end":{"line":12,"column":null}},{"start":{"line":10,"column":11},"end":{"line":12,"column":null}}]},"1":{"loc":{"start":{"line":11,"column":28},"end":{"line":11,"column":38}},"type":"binary-expr","locations":[{"start":{"line":11,"column":28},"end":{"line":11,"column":35}},{"start":{"line":11,"column":35},"end":{"line":11,"column":38}}]},"2":{"loc":{"start":{"line":15,"column":4},"end":{"line":19,"column":null}},"type":"if","locations":[{"start":{"line":15,"column":4},"end":{"line":19,"column":null}},{"start":{"line":17,"column":11},"end":{"line":19,"column":null}}]},"3":{"loc":{"start":{"line":18,"column":29},"end":{"line":18,"column":39}},"type":"binary-expr","locations":[{"start":{"line":18,"column":29},"end":{"line":18,"column":36}},{"start":{"line":18,"column":36},"end":{"line":18,"column":39}}]},"4":{"loc":{"start":{"line":22,"column":4},"end":{"line":26,"column":null}},"type":"if","locations":[{"start":{"line":22,"column":4},"end":{"line":26,"column":null}},{"start":{"line":24,"column":11},"end":{"line":26,"column":null}}]},"5":{"loc":{"start":{"line":25,"column":31},"end":{"line":25,"column":41}},"type":"binary-expr","locations":[{"start":{"line":25,"column":31},"end":{"line":25,"column":38}},{"start":{"line":25,"column":38},"end":{"line":25,"column":41}}]}},"s":{"0":22,"1":6,"2":2,"3":4,"4":6,"5":2,"6":4,"7":10,"8":2,"9":8,"10":8},"f":{"0":6,"1":6,"2":10},"b":{"0":[2,4],"1":[4,2],"2":[2,4],"3":[4,2],"4":[2,8],"5":[8,2]}}
,"/home/alaeddine/Documents/nexus-project_v0/lib/prisma.ts": {"path":"/home/alaeddine/Documents/nexus-project_v0/lib/prisma.ts","statementMap":{"0":{"start":{"line":7,"column":13},"end":{"line":7,"column":22}},"1":{"start":{"line":1,"column":29},"end":{"line":1,"column":null}},"2":{"start":{"line":3,"column":24},"end":{"line":3,"column":null}},"3":{"start":{"line":7,"column":22},"end":{"line":7,"column":null}},"4":{"start":{"line":9,"column":0},"end":{"line":9,"column":null}},"5":{"start":{"line":9,"column":43},"end":{"line":9,"column":null}}},"fnMap":{},"branchMap":{"0":{"loc":{"start":{"line":7,"column":22},"end":{"line":7,"column":null}},"type":"binary-expr","locations":[{"start":{"line":7,"column":22},"end":{"line":7,"column":44}},{"start":{"line":7,"column":48},"end":{"line":7,"column":null}}]},"1":{"loc":{"start":{"line":9,"column":0},"end":{"line":9,"column":null}},"type":"if","locations":[{"start":{"line":9,"column":0},"end":{"line":9,"column":null}}]}},"s":{"0":1085,"1":40,"2":40,"3":40,"4":40,"5":40},"f":{},"b":{"0":[40,35],"1":[40]}}
,"/home/alaeddine/Documents/nexus-project_v0/lib/rate-limit.ts": {"path":"/home/alaeddine/Documents/nexus-project_v0/lib/rate-limit.ts","statementMap":{"0":{"start":{"line":8,"column":16},"end":{"line":8,"column":26}},"1":{"start":{"line":6,"column":16},"end":{"line":6,"column":null}},"2":{"start":{"line":9,"column":2},"end":{"line":21,"column":null}},"3":{"start":{"line":10,"column":16},"end":{"line":10,"column":null}},"4":{"start":{"line":11,"column":18},"end":{"line":11,"column":null}},"5":{"start":{"line":12,"column":4},"end":{"line":15,"column":null}},"6":{"start":{"line":13,"column":6},"end":{"line":13,"column":null}},"7":{"start":{"line":14,"column":6},"end":{"line":14,"column":null}},"8":{"start":{"line":16,"column":4},"end":{"line":18,"column":null}},"9":{"start":{"line":17,"column":6},"end":{"line":17,"column":null}},"10":{"start":{"line":19,"column":4},"end":{"line":19,"column":null}},"11":{"start":{"line":20,"column":4},"end":{"line":20,"column":null}}},"fnMap":{"0":{"name":"rateLimit","decl":{"start":{"line":8,"column":16},"end":{"line":8,"column":26}},"loc":{"start":{"line":8,"column":78},"end":{"line":22,"column":null}}},"1":{"name":"(anonymous_2)","decl":{"start":{"line":9,"column":9},"end":{"line":9,"column":10}},"loc":{"start":{"line":9,"column":10},"end":{"line":21,"column":null}}}},"branchMap":{"0":{"loc":{"start":{"line":12,"column":4},"end":{"line":15,"column":null}},"type":"if","locations":[{"start":{"line":12,"column":4},"end":{"line":15,"column":null}}]},"1":{"loc":{"start":{"line":12,"column":8},"end":{"line":12,"column":37}},"type":"binary-expr","locations":[{"start":{"line":12,"column":8},"end":{"line":12,"column":18}},{"start":{"line":12,"column":18},"end":{"line":12,"column":37}}]},"2":{"loc":{"start":{"line":16,"column":4},"end":{"line":18,"column":null}},"type":"if","locations":[{"start":{"line":16,"column":4},"end":{"line":18,"column":null}}]}},"s":{"0":32,"1":4,"2":32,"3":38,"4":38,"5":38,"6":4,"7":4,"8":34,"9":2,"10":32,"11":32},"f":{"0":32,"1":38},"b":{"0":[4],"1":[38,34],"2":[2]}}
,"/home/alaeddine/Documents/nexus-project_v0/lib/validations.ts": {"path":"/home/alaeddine/Documents/nexus-project_v0/lib/validations.ts","statementMap":{"0":{"start":{"line":83,"column":13},"end":{"line":83,"column":31}},"1":{"start":{"line":76,"column":13},"end":{"line":76,"column":30}},"2":{"start":{"line":18,"column":13},"end":{"line":18,"column":31}},"3":{"start":{"line":57,"column":13},"end":{"line":57,"column":33}},"4":{"start":{"line":51,"column":13},"end":{"line":51,"column":25}},"5":{"start":{"line":1,"column":18},"end":{"line":1,"column":null}},"6":{"start":{"line":4,"column":16},"end":{"line":15,"column":null}},"7":{"start":{"line":18,"column":34},"end":{"line":46,"column":null}},"8":{"start":{"line":44,"column":41},"end":{"line":44,"column":55}},"9":{"start":{"line":51,"column":28},"end":{"line":54,"column":null}},"10":{"start":{"line":57,"column":36},"end":{"line":73,"column":null}},"11":{"start":{"line":66,"column":23},"end":{"line":66,"column":null}},"12":{"start":{"line":67,"column":14},"end":{"line":67,"column":null}},"13":{"start":{"line":68,"column":26},"end":{"line":68,"column":72}},"14":{"start":{"line":69,"column":2},"end":{"line":69,"column":null}},"15":{"start":{"line":76,"column":33},"end":{"line":80,"column":null}},"16":{"start":{"line":83,"column":34},"end":{"line":86,"column":null}}},"fnMap":{"0":{"name":"(anonymous_6)","decl":{"start":{"line":44,"column":34},"end":{"line":44,"column":41}},"loc":{"start":{"line":44,"column":41},"end":{"line":44,"column":55}}},"1":{"name":"(anonymous_7)","decl":{"start":{"line":65,"column":10},"end":{"line":65,"column":11}},"loc":{"start":{"line":65,"column":11},"end":{"line":70,"column":3}}}},"branchMap":{},"s":{"0":4,"1":6,"2":34,"3":8,"4":6,"5":4,"6":4,"7":4,"8":34,"9":4,"10":4,"11":8,"12":8,"13":8,"14":8,"15":4,"16":4},"f":{"0":34,"1":8},"b":{}}
,"/home/alaeddine/Documents/nexus-project_v0/lib/aria/orchestrator.ts": {"path":"/home/alaeddine/Documents/nexus-project_v0/lib/aria/orchestrator.ts","statementMap":{"0":{"start":{"line":21,"column":13},"end":{"line":21,"column":null}},"1":{"start":{"line":2,"column":23},"end":{"line":2,"column":null}},"2":{"start":{"line":4,"column":64},"end":{"line":4,"column":null}},"3":{"start":{"line":24,"column":10},"end":{"line":24,"column":null}},"4":{"start":{"line":27,"column":4},"end":{"line":27,"column":null}},"5":{"start":{"line":28,"column":4},"end":{"line":28,"column":null}},"6":{"start":{"line":36,"column":20},"end":{"line":42,"column":null}},"7":{"start":{"line":44,"column":20},"end":{"line":47,"column":null}},"8":{"start":{"line":51,"column":29},"end":{"line":51,"column":31}},"9":{"start":{"line":52,"column":25},"end":{"line":52,"column":27}},"10":{"start":{"line":53,"column":27},"end":{"line":53,"column":29}},"11":{"start":{"line":54,"column":31},"end":{"line":54,"column":33}},"12":{"start":{"line":55,"column":36},"end":{"line":55,"column":38}},"13":{"start":{"line":56,"column":26},"end":{"line":56,"column":28}},"14":{"start":{"line":57,"column":4},"end":{"line":57,"column":null}},"15":{"start":{"line":57,"column":10},"end":{"line":57,"column":109}},"16":{"start":{"line":58,"column":4},"end":{"line":58,"column":null}},"17":{"start":{"line":58,"column":10},"end":{"line":58,"column":102}},"18":{"start":{"line":59,"column":4},"end":{"line":59,"column":null}},"19":{"start":{"line":59,"column":10},"end":{"line":59,"column":105}},"20":{"start":{"line":60,"column":4},"end":{"line":60,"column":null}},"21":{"start":{"line":60,"column":10},"end":{"line":60,"column":113}},"22":{"start":{"line":61,"column":4},"end":{"line":61,"column":null}},"23":{"start":{"line":61,"column":10},"end":{"line":61,"column":123}},"24":{"start":{"line":62,"column":4},"end":{"line":62,"column":null}},"25":{"start":{"line":62,"column":10},"end":{"line":62,"column":135}},"26":{"start":{"line":64,"column":4},"end":{"line":73,"column":null}},"27":{"start":{"line":77,"column":21},"end":{"line":79,"column":null}},"28":{"start":{"line":80,"column":4},"end":{"line":80,"column":null}},"29":{"start":{"line":80,"column":18},"end":{"line":80,"column":null}},"30":{"start":{"line":81,"column":20},"end":{"line":83,"column":null}},"31":{"start":{"line":84,"column":4},"end":{"line":84,"column":null}},"32":{"start":{"line":92,"column":4},"end":{"line":92,"column":null}},"33":{"start":{"line":94,"column":4},"end":{"line":96,"column":null}},"34":{"start":{"line":95,"column":6},"end":{"line":95,"column":null}},"35":{"start":{"line":99,"column":27},"end":{"line":99,"column":null}},"36":{"start":{"line":102,"column":25},"end":{"line":102,"column":null}},"37":{"start":{"line":103,"column":24},"end":{"line":103,"column":null}},"38":{"start":{"line":107,"column":20},"end":{"line":107,"column":51}},"39":{"start":{"line":108,"column":29},"end":{"line":120,"column":null}},"40":{"start":{"line":122,"column":35},"end":{"line":135,"column":null}},"41":{"start":{"line":138,"column":25},"end":{"line":138,"column":72}},"42":{"start":{"line":139,"column":23},"end":{"line":139,"column":null}},"43":{"start":{"line":139,"column":54},"end":{"line":139,"column":null}},"44":{"start":{"line":140,"column":28},"end":{"line":140,"column":null}},"45":{"start":{"line":141,"column":29},"end":{"line":141,"column":null}},"46":{"start":{"line":142,"column":26},"end":{"line":147,"column":null}},"47":{"start":{"line":144,"column":60},"end":{"line":144,"column":72}},"48":{"start":{"line":148,"column":5},"end":{"line":148,"column":null}},"49":{"start":{"line":150,"column":24},"end":{"line":154,"column":null}},"50":{"start":{"line":156,"column":42},"end":{"line":156,"column":null}},"51":{"start":{"line":159,"column":4},"end":{"line":209,"column":null}},"52":{"start":{"line":160,"column":26},"end":{"line":160,"column":126}},"53":{"start":{"line":162,"column":28},"end":{"line":165,"column":null}},"54":{"start":{"line":164,"column":8},"end":{"line":164,"column":null}},"55":{"start":{"line":166,"column":27},"end":{"line":170,"column":null}},"56":{"start":{"line":167,"column":23},"end":{"line":167,"column":null}},"57":{"start":{"line":168,"column":8},"end":{"line":168,"column":null}},"58":{"start":{"line":168,"column":20},"end":{"line":168,"column":null}},"59":{"start":{"line":169,"column":8},"end":{"line":169,"column":null}},"60":{"start":{"line":171,"column":30},"end":{"line":177,"column":null}},"61":{"start":{"line":173,"column":21},"end":{"line":175,"column":null}},"62":{"start":{"line":176,"column":8},"end":{"line":176,"column":null}},"63":{"start":{"line":179,"column":25},"end":{"line":190,"column":null}},"64":{"start":{"line":180,"column":8},"end":{"line":189,"
[...]
null}},"81":{"start":{"line":218,"column":24},"end":{"line":218,"column":81}},"82":{"start":{"line":219,"column":27},"end":{"line":219,"column":null}},"83":{"start":{"line":220,"column":6},"end":{"line":245,"column":null}},"84":{"start":{"line":221,"column":24},"end":{"line":229,"column":null}},"85":{"start":{"line":231,"column":21},"end":{"line":231,"column":null}},"86":{"start":{"line":232,"column":8},"end":{"line":244,"column":null}},"87":{"start":{"line":233,"column":10},"end":{"line":243,"column":null}},"88":{"start":{"line":234,"column":12},"end":{"line":236,"column":null}},"89":{"start":{"line":237,"column":17},"end":{"line":243,"column":null}},"90":{"start":{"line":238,"column":12},"end":{"line":242,"column":null}},"91":{"start":{"line":249,"column":4},"end":{"line":254,"column":null}},"92":{"start":{"line":256,"column":4},"end":{"line":256,"column":null}}},"fnMap":{"0":{"name":"(anonymous_1)","decl":{"start":{"line":26,"column":2},"end":{"line":26,"column":14}},"loc":{"start":{"line":26,"column":51},"end":{"line":29,"column":null}}},"1":{"name":"(anonymous_2)","decl":{"start":{"line":35,"column":2},"end":{"line":35,"column":16}},"loc":{"start":{"line":35,"column":58},"end":{"line":74,"column":null}}},"2":{"name":"(anonymous_3)","decl":{"start":{"line":76,"column":2},"end":{"line":76,"column":16}},"loc":{"start":{"line":76,"column":77},"end":{"line":85,"column":null}}},"3":{"name":"(anonymous_4)","decl":{"start":{"line":90,"column":2},"end":{"line":90,"column":15}},"loc":{"start":{"line":90,"column":114},"end":{"line":257,"column":null}}},"4":{"name":"(anonymous_5)","decl":{"start":{"line":139,"column":42},"end":{"line":139,"column":43}},"loc":{"start":{"line":139,"column":54},"end":{"line":139,"column":null}}},"5":{"name":"(anonymous_6)","decl":{"start":{"line":144,"column":48},"end":{"line":144,"column":49}},"loc":{"start":{"line":144,"column":60},"end":{"line":144,"column":72}}},"6":{"name":"(anonymous_7)","decl":{"start":{"line":162,"column":28},"end":{"line":162,"column":29}},"loc":{"start":{"line":162,"column":29},"end":{"line":165,"column":null}}},"7":{"name":"(anonymous_8)","decl":{"start":{"line":166,"column":27},"end":{"line":166,"column":28}},"loc":{"start":{"line":166,"column":28},"end":{"line":170,"column":null}}},"8":{"name":"(anonymous_9)","decl":{"start":{"line":171,"column":30},"end":{"line":171,"column":31}},"loc":{"start":{"line":171,"column":31},"end":{"line":177,"column":null}}},"9":{"name":"(anonymous_10)","decl":{"start":{"line":179,"column":25},"end":{"line":179,"column":32}},"loc":{"start":{"line":179,"column":32},"end":{"line":190,"column":null}}},"10":{"name":"(anonymous_11)","decl":{"start":{"line":236,"column":21},"end":{"line":236,"column":67}},"loc":{"start":{"line":236,"column":21},"end":{"line":236,"column":null}}},"11":{"name":"(anonymous_12)","decl":{"start":{"line":242,"column":21},"end":{"line":242,"column":67}},"loc":{"start":{"line":242,"column":21},"end":{"line":242,"column":null}}}},"branchMap":{"0":{"loc":{"start":{"line":80,"column":4},"end":{"line":80,"column":null}},"type":"if","locations":[{"start":{"line":80,"column":4},"end":{"line":80,"column":null}}]},"1":{"loc":{"start":{"line":94,"column":4},"end":{"line":96,"column":null}},"type":"if","locations":[{"start":{"line":94,"column":4},"end":{"line":96,"column":null}}]},"2":{"loc":{"start":{"line":94,"column":8},"end":{"line":94,"column":68}},"type":"binary-expr","locations":[{"start":{"line":94,"column":8},"end":{"line":94,"column":32}},{"start":{"line":94,"column":36},"end":{"line":94,"column":68}}]},"3":{"loc":{"start":{"line":102,"column":25},"end":{"line":102,"column":null}},"type":"binary-expr","locations":[{"start":{"line":102,"column":25},"end":{"line":102,"column":64}},{"start":{"line":102,"column":64},"end":{"line":102,"column":null}}]},"4":{"loc":{"start":{"line":103,"column":24},"end":{"line":103,"column":null}},"type":"cond-expr","locations":[{"start":{"line":103,"column":39},"end":{"line":103,"column":58}},{"start":{"line":103,"column":58},"end":{"line":103,"column":null}}]},"5":{"loc":{"start":{"line":108,"column":29},"end":{"line":120,"column":null}},"type":"cond-expr","locations":[{"start":{"line":108,"column":39},"end":{"line":120,"column":8}},{"start":{"line":120,"column":8},"end":{"line":120,"column":null}}]},"6":{"loc":{"start":{"line":112,"column":13},"end":{"line":112,"column":null}},"type":"binary-expr","locations":[{"start":{"line":112,"column":13},"end":{"line":112,"column":35}},{"start":{"line":112,"column":39},"end":{"line":112,"column":null}}]},"7":{"loc":{"start":{"line":113,"column":14},"end":{"line":113,"column":null}},"type":"binary-expr","locations":[{"start":{"line":113,"column":14},"end":{"line":113,"column":37}},{"start":{"line":113,"column":41},"end":{"line":113,"column":null}}]},"8":{"loc":{"start":{"line":114,"column":14},"end":{"line":114,"column":null}},"type":"binary-expr","locations":[{"start":{"line":114,"column":14},"end":{"line":114,"column":37}},{"start":{"line":114,"column":41},"end":{"line":114,"column":null}}]},"9":{"loc":{"start":{"line":115,"column":14},"end":{"line":119,"column":null}},"type":"cond-expr","locations":[{"start":{"line":115,"column":31},"end":{"line":119,"column":10}},{"start":{"line":119,"column":10},"end":{"line":119,"column":null}}]},"10":{"loc":{"start":{"line":138,"column":25},"end":{"line":138,"column":72}},"type":"binary-expr","locations":[{"start":{"line":138,"column":25},"end":{"line":138,"column":70}},{"start":{"line":138,"column":70},"end":{"line":138,"column":72}}]},"11":{"loc":{"start":{"line":139,"column":54},"end":{"line":139,"column":null}},"type":"binary-expr","locations":[{"start":{"line":139,"column":54},"end":{"line":139,"column":77}},{"start":{"line":139,"column":77},"end":{"line":139,"column":109}},{"start":{"line":139,"column":109},"end":{"line":139,"column":null}}]},"12":{"loc":{"start":{"line":141,"column":29},"end":{"line":141,"column":null}},"type":"cond-expr","locations":[{"start":{"line":141,"column":47},"end":{"line":141,"column":70}},{"start":{"line":141,"column":70},"end":{"line":141,"column":null}}]},"13":{"loc":{"start":{"line":159,"column":4},"end":{"line":209,"column":null}},"type":"if","locations":[{"start":{"line":159,"column":4},"end":{"line":209,"column":null}}]},"14":{"loc":{"start":{"line":159,"column":8},"end":{"line":159,"column":49}},"type":"binary-expr","locations":[{"start":{"line":159,"column":8},"end":{"line":159,"column":24}},{"start":{"line":159,"column":24},"end":{"line":159,"column":49}}]},"15":{"loc":{"start":{"line":164,"column":16},"end":{"line":164,"column":22}},"type":"binary-expr","locations":[{"start":{"line":164,"column":16},"end":{"line":164,"column":21}},{"start":{"line":164,"column":21},"end":{"line":164,"column":22}}]},"16":{"loc":{"start":{"line":168,"column":8},"end":{"line":168,"column":null}},"type":"if","locations":[{"start":{"line":168,"column":8},"end":{"line":168,"column":null}}]},"17":{"loc":{"start":{"line":173,"column":22},"end":{"line":173,"column":31}},"type":"binary-expr","locations":[{"start":{"line":173,"column":22},"end":{"line":173,"column":30}},{"start":{"line":173,"column":30},"end":{"line":173,"column":31}}]},"18":{"loc":{"start":{"line":200,"column":48},"end":{"line":200,"column":null}},"type":"binary-expr","locations":[{"start":{"line":200,"column":48},"end":{"line":200,"column":68}},{"start":{"line":200,"column":72},"end":{"line":200,"column":null}}]},"19":{"loc":{"start":{"line":213,"column":19},"end":{"line":213,"column":null}},"type":"binary-expr","locations":[{"start":{"line":213,"column":19},"end":{"line":213,"column":39}},{"start":{"line":213,"column":43},"end":{"line":213,"column":null}}]},"20":{"loc":{"start":{"line":218,"column":24},"end":{"line":218,"column":81}},"type":"binary-expr","locations":[{"start":{"line":218,"column":24},"end":{"line":218,"column":59}},{"start":{"line":218,"column":59},"end":{"line":218,"column":81}}]},"21":{"loc":{"start":{"line":219,"column":27},"end":{"line":219,"column":null}},"type":"cond-expr","locations":[{"start":{"line":219,"column":40},"end":{"line":219,"column":59}},{"start":{"line":219,"column":59},"end":{"line":219,"column":null}}]},"22":{"loc":{"start":{"line":219,"column":59},"end":{"line":219,"column":null}},"type":"binary-expr","locations":[{"start":{"line":219,"column":59},"end":{"line":219,"column":79}},{"start":{"line":219,"column":79},"end":{"line":219,"column":94}},{"start":{"line":219,"column":94},"end":{"line":219,"column":106}},{"start":{"line":219,"column":106},"end":{"line":219,"column":119}}]},"23":{"loc":{"start":{"line":220,"column":6},"end":{"line":245,"column":null}},"type":"if","locations":[{"start":{"line":220,"column":6},"end":{"line":245,"column":null}}]},"24":{"loc":{"start":{"line":226,"column":20},"end":{"line":226,"column":null}},"type":"binary-expr","locations":[{"start":{"line":226,"column":20},"end":{"line":226,"column":72}},{"start":{"line":226,"column":72},"end":{"line":226,"column":null}}]},"25":{"loc":{"start":{"line":231,"column":21},"end":{"line":231,"column":null}},"type":"binary-expr","locations":[{"start":{"line":231,"column":21},"end":{"line":231,"column":48}},{"start":{"line":231,"column":52},"end":{"line":231,"column":null}}]},"26":{"loc":{"start":{"line":233,"column":10},"end":{"line":243,"column":null}},"type":"if","locations":[{"start":{"line":233,"column":10},"end":{"line":243,"column":null}},{"start":{"line":237,"column":17},"end":{"line":243,"column":null}}]},"27":{"loc":{"start":{"line":237,"column":17},"end":{"line":243,"column":null}},"type":"if","locations":[{"start":{"line":237,"column":17},"end":{"line":243,"column":null}}]}},"s":{"0":74,"1":24,"2":24,"3":68,"4":68,"5":68,"6":66,"7":66,"8":66,"9":66,"10":66,"11":66,"12":66,"13":66,"14":66,"15":66,"16":66,"17":66,"18":66,"19":66,"20":66,"21":66,"22":66,"23":66,"24":66,"25":66,"26":66,"27":64,"28":64,"29":12,"30":52,"31":52,"32":66,"33":66,"34":2,"35":64,"36":64,"37":64,"38":64,"39":64,"40":64,"41":64,"42":64,"43":34,"44":64,"45":64,"46":64,"47":18,"48":64,"49":64,"50":64,"51":64,"52":14,"53":14,"54":14,"55":14,"56":14,"57":14,"58":2,"59":12,"60":14,"61":6,"62":6,"63":14,"64":20,"65":14,"66":14,"67":14,"68":8,"69":6,"70":6,"71":6,"72":4,"73":2,"74":2,"75":64,"76":64,"77":64,"78":64,"79":64,"80":64,"81":64,"82":64,"83":64,"84":16,"85":16,"86":16,"87":16,"88":8,"89":8,"90":8,"91":64,"92":64},"f":{"0":68,"1":66,"2":64,"3":66,"4":34,"5":18,"6":14,"7":14,"8":6,"9":20,"10":2,"11":0},"b":{"0":[12],"1":[2],"2":[66,66],"3":[64,48],"4":[16,48],"5":[64,0],"6":[64,64],"7":[64,64],"8":[64,64],"9":[32,32],"10":[64,0],"11":[34,26,20],"12":[4,60],"13":[14],"14":[64,16],"15":[14,0],"16":[2],"17":[6,0],"18":[6,0],"19":[64,0],"20":[64,0],"21":[64,0],"22":[0,0,0,0],"23":[16],"24":[16,16],"25":[16,0],"26":[8,8],"27":[8]}}
,"/home/alaeddine/Documents/nexus-project_v0/lib/aria/services.ts": {"path":"/home/alaeddine/Documents/nexus-project_v0/lib/aria/services.ts","statementMap":{"0":{"start":{"line":68,"column":13},"end":{"line":68,"column":24}},"1":{"start":{"line":94,"column":13},"end":{"line":94,"column":34}},"2":{"start":{"line":106,"column":13},"end":{"line":106,"column":24}},"3":{"start":{"line":7,"column":24},"end":{"line":7,"column":null}},"4":{"start":{"line":8,"column":24},"end":{"line":8,"column":null}},"5":{"start":{"line":9,"column":24},"end":{"line":9,"column":null}},"6":{"start":{"line":12,"column":2},"end":{"line":52,"column":null}},"7":{"start":{"line":13,"column":21},"end":{"line":17,"column":null}},"8":{"start":{"line":19,"column":4},"end":{"line":25,"column":null}},"9":{"start":{"line":20,"column":22},"end":{"line":22,"column":null}},"10":{"start":{"line":21,"column":53},"end":{"line":21,"column":null}},"11":{"start":{"line":23,"column":6},"end":{"line":23,"column":null}},"12":{"start":{"line":24,"column":6},"end":{"line":24,"column":null}},"13":{"start":{"line":28,"column":4},"end":{"line":32,"column":null}},"14":{"start":{"line":29,"column":6},"end":{"line":31,"column":null}},"15":{"start":{"line":30,"column":8},"end":{"line":30,"column":null}},"16":{"start":{"line":34,"column":4},"end":{"line":45,"column":null}},"17":{"start":{"line":35,"column":6},"end":{"line":44,"column":null}},"18":{"start":{"line":36,"column":21},"end":{"line":36,"column":null}},"19":{"start":{"line":37,"column":8},"end":{"line":37,"column":null}},"20":{"start":{"line":37,"column":19},"end":{"line":37,"column":null}},"21":{"start":{"line":38,"column":8},"end":{"line":43,"column":null}},"22":{"start":{"line":39,"column":10},"end":{"line":39,"column":null}},"23":{"start":{"line":41,"column":10},"end":{"line":41,"column":null}},"24":{"start":{"line":42,"column":10},"end":{"line":42,"column":null}},"25":{"start":{"line":48,"column":4},"end":{"line":48,"column":null}},"26":{"start":{"line":50,"column":4},"end":{"line":50,"column":null}},"27":{"start":{"line":51,"column":4},"end":{"line":51,"column":null}},"28":{"start":{"line":68,"column":27},"end":{"line":72,"column":null}},"29":{"start":{"line":70,"column":4},"end":{"line":70,"column":null}},"30":{"start":{"line":94,"column":37},"end":{"line":98,"column":null}},"31":{"start":{"line":96,"column":4},"end":{"line":96,"column":null}},"32":{"start":{"line":106,"column":27},"end":{"line":110,"column":null}},"33":{"start":{"line":108,"column":4},"end":{"line":108,"column":null}}},"fnMap":{"0":{"name":"postRequest","decl":{"start":{"line":11,"column":15},"end":{"line":11,"column":30}},"loc":{"start":{"line":11,"column":52},"end":{"line":53,"column":null}}},"1":{"name":"(anonymous_5)","decl":{"start":{"line":21,"column":47},"end":{"line":21,"column":53}},"loc":{"start":{"line":21,"column":53},"end":{"line":21,"column":null}}},"2":{"name":"(anonymous_6)","decl":{"start":{"line":69,"column":21},"end":{"line":69,"column":22}},"loc":{"start":{"line":69,"column":22},"end":{"line":71,"column":null}}},"3":{"name":"(anonymous_7)","decl":{"start":{"line":95,"column":16},"end":{"line":95,"column":17}},"loc":{"start":{"line":95,"column":17},"end":{"line":97,"column":null}}},"4":{"name":"(anonymous_8)","decl":{"start":{"line":107,"column":10},"end":{"line":107,"column":11}},"loc":{"start":{"line":107,"column":11},"end":{"line":109,"column":null}}}},"branchMap":{"0":{"loc":{"start":{"line":7,"column":24},"end":{"line":7,"column":null}},"type":"binary-expr","locations":[{"start":{"line":7,"column":24},"end":{"line":7,"column":51}},{"start":{"line":7,"column":55},"end":{"line":7,"column":null}}]},"1":{"loc":{"start":{"line":8,"column":24},"end":{"line":8,"column":null}},"type":"binary-expr","locations":[{"start":{"line":8,"column":24},"end":{"line":8,"column":61}},{"start":{"line":8,"column":65},"end":{"line":8,"column":null}}]},"2":{"loc":{"start":{"line":9,"column":24},"end":{"line":9,"column":null}},"type":"binary-expr","locations":[{"start":{"line":9,"column":24},"end":{"line":9,"column":51}},{"start":{"line":9,"column":55},"end":{"line":9,"column":null}}]},"3":{"loc":{"start":{"line":19,"column":4},"end":{"line":25,"column":null}},"type":"if","locations":[{"start":{"line":19,"column":4},"end":{"line":25,"column":null}}]},"4":{"loc":{"start":{"line":20,"column":22},"end":{"line":22,"column":null}},"type":"cond-expr","locations":[{"start":{"line":21,"column":10},"end":{"line":21,"column":null}},{"start":{"line":22,"column":10},"end":{"line":22,"column":null}}]},"5":{"loc":{"start":{"line":28,"column":4},"end":{"line":32,"column":null}},"type":"if","locations":[{"start":{"line":28,"column":4},"end":{"line":32,"column":null}}]},"6":{"loc":{"start":{"line":34,"column":4},"end":{"line":45,"column":null}},"type":"if","locations":[{"start":{"line":34,"column":4},"end":{"line":45,"column":null}}]},"7":{"loc":{"start":{"line":37,"column":8},"end":{"line":37,"column":null}},"type":"if","locations":[{"start":{"line":37,"column":8},"end":{"line":37,"column":null}}]}},"s":{"0":58,"1":36,"2":28,"3":28,"4":28,"5":28,"6":34,"7":34,"8":27,"9":4,"10":0,"11":4,"12":4,"13":23,"14":17,"15":17,"16":6,"17":4,"18":4,"19":4,"20":2,"21":2,"22":2,"23":2,"24":2,"25":2,"26":8,"27":8,"28":28,"29":8,"30":28,"31":6,"32":28,"33":20},"f":{"0":34,"1":0,"2":8,"3":6,"4":20},"b":{"0":[28,2],"1":[28,2],"2":[28,2],"3":[4],"4":[2,2],"5":[17],"6":[4],"7":[2]}}
,"/home/alaeddine/Documents/nexus-project_v0/types/enums.ts": {"path":"/home/alaeddine/Documents/nexus-project_v0/types/enums.ts","statementMap":{"0":{"start":{"line":5,"column":12},"end":{"line":5,"column":null}},"1":{"start":{"line":13,"column":12},"end":{"line":13,"column":null}},"2":{"start":{"line":20,"column":12},"end":{"line":20,"column":null}},"3":{"start":{"line":26,"column":12},"end":{"line":26,"column":null}},"4":{"start":{"line":39,"column":12},"end":{"line":39,"column":null}},"5":{"start":{"line":46,"column":12},"end":{"line":46,"column":null}},"6":{"start":{"line":52,"column":12},"end":{"line":52,"column":null}}},"fnMap":{"0":{"name":"(anonymous_8)","decl":{"start":{"line":5,"column":12},"end":{"line":5,"column":null}},"loc":{"start":{"line":5,"column":12},"end":{"line":5,"column":null}}},"1":{"name":"(anonymous_9)","decl":{"start":{"line":13,"column":12},"end":{"line":13,"column":null}},"loc":{"start":{"line":13,"column":12},"end":{"line":13,"column":null}}},"2":{"name":"(anonymous_10)","decl":{"start":{"line":20,"column":12},"end":{"line":20,"column":null}},"loc":{"start":{"line":20,"column":12},"end":{"line":20,"column":null}}},"3":{"name":"(anonymous_11)","decl":{"start":{"line":26,"column":12},"end":{"line":26,"column":null}},"loc":{"start":{"line":26,"column":12},"end":{"line":26,"column":null}}},"4":{"name":"(anonymous_12)","decl":{"start":{"line":39,"column":12},"end":{"line":39,"column":null}},"loc":{"start":{"line":39,"column":12},"end":{"line":39,"column":null}}},"5":{"name":"(anonymous_13)","decl":{"start":{"line":46,"column":12},"end":{"line":46,"column":null}},"loc":{"start":{"line":46,"column":12},"end":{"line":46,"column":null}}},"6":{"name":"(anonymous_14)","decl":{"start":{"line":52,"column":12},"end":{"line":52,"column":null}},"loc":{"start":{"line":52,"column":12},"end":{"line":52,"column":null}}}},"branchMap":{"0":{"loc":{"start":{"line":5,"column":12},"end":{"line":5,"column":null}},"type":"binary-expr","locations":[{"start":{"line":5,"column":12},"end":{"line":5,"column":null}},{"start":{"line":5,"column":12},"end":{"line":5,"column":null}}]},"1":{"loc":{"start":{"line":13,"column":12},"end":{"line":13,"column":null}},"type":"binary-expr","locations":[{"start":{"line":13,"column":12},"end":{"line":13,"column":null}},{"start":{"line":13,"column":12},"end":{"line":13,"column":null}}]},"2":{"loc":{"start":{"line":20,"column":12},"end":{"line":20,"column":null}},"type":"binary-expr","locations":[{"start":{"line":20,"column":12},"end":{"line":20,"column":null}},{"start":{"line":20,"column":12},"end":{"line":20,"column":null}}]},"3":{"loc":{"start":{"line":26,"column":12},"end":{"line":26,"column":null}},"type":"binary-expr","locations":[{"start":{"line":26,"column":12},"end":{"line":26,"column":null}},{"start":{"line":26,"column":12},"end":{"line":26,"column":null}}]},"4":{"loc":{"start":{"line":39,"column":12},"end":{"line":39,"column":null}},"type":"binary-expr","locations":[{"start":{"line":39,"column":12},"end":{"line":39,"column":null}},{"start":{"line":39,"column":12},"end":{"line":39,"column":null}}]},"5":{"loc":{"start":{"line":46,"column":12},"end":{"line":46,"column":null}},"type":"binary-expr","locations":[{"start":{"line":46,"column":12},"end":{"line":46,"column":null}},{"start":{"line":46,"column":12},"end":{"line":46,"column":null}}]},"6":{"loc":{"start":{"line":52,"column":12},"end":{"line":52,"column":null}},"type":"binary-expr","locations":[{"start":{"line":52,"column":12},"end":{"line":52,"column":null}},{"start":{"line":52,"column":12},"end":{"line":52,"column":null}}]}},"s":{"0":2,"1":2,"2":2,"3":2,"4":2,"5":2,"6":2},"f":{"0":2,"1":2,"2":2,"3":2,"4":2,"5":2,"6":2},"b":{"0":[2,2],"1":[2,2],"2":[2,2],"3":[2,2],"4":[2,2],"5":[2,2],"6":[2,2]}}
}
