TN:
SF:app/api/admin/activities/route.ts
FN:8,GET
FN:72,(anonymous_4)
FN:88,(anonymous_5)
FN:102,(anonymous_6)
FN:116,(anonymous_7)
FN:131,(anonymous_8)
FN:139,(anonymous_9)
FN:143,(anonymous_10)
FNF:8
FNH:8
FNDA:42,GET
FNDA:94,(anonymous_4)
FNDA:6,(anonymous_5)
FNDA:10,(anonymous_6)
FNDA:10,(anonymous_7)
FNDA:82,(anonymous_8)
FNDA:64,(anonymous_9)
FNDA:20,(anonymous_10)
DA:1,8
DA:3,8
DA:4,8
DA:5,8
DA:6,8
DA:8,32
DA:9,42
DA:10,42
DA:12,42
DA:13,2
DA:19,40
DA:20,40
DA:21,40
DA:22,40
DA:23,40
DA:25,40
DA:33,40
DA:70,38
DA:72,94
DA:88,6
DA:102,10
DA:116,10
DA:131,38
DA:132,82
DA:136,38
DA:138,38
DA:139,64
DA:142,38
DA:143,16
DA:144,20
DA:153,38
DA:154,38
DA:156,38
DA:167,2
DA:168,2
LF:35
LH:35
BRDA:12,0,0,2
BRDA:12,1,0,42
BRDA:12,1,1,40
BRDA:20,2,0,40
BRDA:20,2,1,16
BRDA:21,3,0,40
BRDA:21,3,1,30
BRDA:22,4,0,40
BRDA:22,4,1,30
BRDA:23,5,0,40
BRDA:23,5,1,24
BRDA:76,6,0,94
BRDA:76,6,1,4
BRDA:76,7,0,94
BRDA:76,7,1,4
BRDA:76,8,0,94
BRDA:76,8,1,4
BRDA:79,9,0,94
BRDA:79,9,1,4
BRDA:79,10,0,94
BRDA:79,10,1,4
BRDA:80,11,0,94
BRDA:80,11,1,4
BRDA:82,12,0,12
BRDA:82,12,1,82
BRDA:83,13,0,78
BRDA:83,13,1,4
BRDA:84,14,0,2
BRDA:84,14,1,2
BRDA:106,15,0,10
BRDA:106,15,1,2
BRDA:106,16,0,10
BRDA:106,16,1,2
BRDA:109,17,0,10
BRDA:109,17,1,2
BRDA:109,18,0,10
BRDA:109,18,1,2
BRDA:120,19,0,10
BRDA:120,19,1,0
BRDA:120,20,0,10
BRDA:120,20,1,0
BRDA:123,21,0,10
BRDA:123,21,1,0
BRDA:123,22,0,10
BRDA:123,22,1,0
BRDA:138,23,0,22
BRDA:142,24,0,16
BRDA:144,25,0,20
BRDA:144,25,1,12
BRDA:144,25,2,6
BRDA:144,25,3,6
BRDA:144,25,4,6
BRF:52
BRH:48
end_of_record
TN:
SF:app/api/admin/analytics/route.ts
FN:8,GET
FN:134,(anonymous_4)
FN:141,(anonymous_5)
FN:148,(anonymous_6)
FN:155,(anonymous_7)
FN:162,(anonymous_8)
FN:170,(anonymous_9)
FN:186,(anonymous_10)
FN:187,(anonymous_11)
FN:188,(anonymous_12)
FN:189,(anonymous_13)
FNF:11
FNH:11
FNDA:14,GET
FNDA:4,(anonymous_4)
FNDA:4,(anonymous_5)
FNDA:4,(anonymous_6)
FNDA:4,(anonymous_7)
FNDA:4,(anonymous_8)
FNDA:8,(anonymous_9)
FNDA:4,(anonymous_10)
FNDA:4,(anonymous_11)
FNDA:4,(anonymous_12)
FNDA:4,(anonymous_13)
DA:1,6
DA:3,6
DA:4,6
DA:5,6
DA:6,6
DA:8,10
DA:9,14
DA:10,14
DA:12,14
DA:13,2
DA:19,12
DA:20,12
DA:21,12
DA:23,12
DA:26,12
DA:28,6
DA:29,6
DA:31,2
DA:32,2
DA:33,2
DA:35,2
DA:36,2
DA:38,2
DA:49,12
DA:134,10
DA:141,10
DA:148,10
DA:155,10
DA:162,10
DA:170,10
DA:186,10
DA:187,10
DA:188,10
DA:189,10
DA:191,10
DA:207,10
DA:210,2
DA:211,2
LF:38
LH:38
BRDA:12,0,0,2
BRDA:12,1,0,14
BRDA:12,1,1,12
BRDA:20,2,0,12
BRDA:20,2,1,2
BRDA:21,3,0,12
BRDA:21,3,1,2
BRDA:26,4,0,6
BRDA:26,4,1,2
BRDA:26,4,2,2
BRDA:26,4,3,2
BRDA:136,5,0,4
BRDA:136,5,1,2
BRDA:165,6,0,4
BRDA:165,6,1,0
BRDA:180,7,0,2
BRDA:180,7,1,6
BRDA:181,8,0,2
BRDA:181,8,1,4
BRDA:182,9,0,2
BRDA:182,9,1,2
BRF:21
BRH:20
end_of_record
TN:
SF:app/api/admin/dashboard/route.ts
FN:8,GET
FNF:1
FNH:1
FNDA:10,GET
DA:1,6
DA:3,6
DA:4,6
DA:5,6
DA:6,6
DA:8,10
DA:9,10
DA:10,10
DA:11,10
DA:12,2
DA:16,8
DA:25,6
DA:26,6
DA:27,6
DA:29,6
DA:33,6
DA:37,6
DA:38,6
DA:41,6
DA:47,6
DA:48,6
DA:49,6
DA:51,6
DA:55,6
DA:56,6
DA:59,6
DA:67,6
DA:88,2
DA:89,2
LF:29
LH:29
BRDA:11,0,0,2
BRDA:11,1,0,10
BRDA:11,1,1,8
BRDA:37,2,0,6
BRDA:37,2,1,2
BRDA:38,3,0,6
BRDA:38,3,1,2
BRDA:55,4,0,4
BRDA:55,4,1,2
BRDA:61,5,0,4
BRDA:61,5,1,2
BRDA:62,6,0,4
BRDA:62,6,1,2
BRDA:63,7,0,4
BRDA:63,7,1,2
BRF:15
BRH:15
end_of_record
TN:
SF:app/api/admin/users/route.ts
FN:40,GET
FN:92,(anonymous_7)
FN:121,POST
FN:205,PUT
FN:279,DELETE
FNF:5
FNH:5
FNDA:10,GET
FNDA:4,(anonymous_7)
FNDA:14,POST
FNDA:12,PUT
FNDA:14,DELETE
DA:1,12
DA:2,12
DA:3,12
DA:4,12
DA:5,12
DA:6,12
DA:8,12
DA:24,12
DA:40,10
DA:41,10
DA:42,10
DA:44,10
DA:45,4
DA:51,6
DA:52,6
DA:53,6
DA:54,6
DA:55,6
DA:57,6
DA:60,6
DA:62,6
DA:63,2
DA:66,6
DA:67,2
DA:75,6
DA:92,4
DA:102,4
DA:113,2
DA:114,2
DA:121,14
DA:122,14
DA:123,14
DA:125,14
DA:126,2
DA:132,12
DA:133,12
DA:134,12
DA:135,4
DA:137,8
DA:140,8
DA:144,8
DA:145,2
DA:152,6
DA:155,6
DA:183,4
DA:197,2
DA:198,2
DA:205,12
DA:206,12
DA:207,12
DA:209,12
DA:210,2
DA:216,10
DA:217,10
DA:218,10
DA:219,2
DA:221,8
DA:224,8
DA:257,6
DA:271,2
DA:272,2
DA:279,14
DA:280,14
DA:281,14
DA:283,14
DA:284,2
DA:290,12
DA:291,12
DA:293,12
DA:294,4
DA:301,8
DA:305,8
DA:306,4
DA:313,4
DA:317,2
DA:323,2
DA:324,2
LF:77
LH:77
BRDA:44,0,0,4
BRDA:44,1,0,10
BRDA:44,1,1,6
BRDA:53,2,0,6
BRDA:53,2,1,2
BRDA:54,3,0,6
BRDA:54,3,1,2
BRDA:55,4,0,6
BRDA:55,4,1,4
BRDA:62,5,0,2
BRDA:62,6,0,6
BRDA:62,6,1,2
BRDA:66,7,0,2
BRDA:99,8,0,4
BRDA:99,8,1,4
BRDA:99,8,2,2
BRDA:99,8,3,2
BRDA:125,9,0,2
BRDA:125,10,0,14
BRDA:125,10,1,12
BRDA:134,11,0,4
BRDA:144,12,0,2
BRDA:162,13,0,4
BRDA:162,13,1,2
BRDA:162,14,0,6
BRDA:162,14,1,4
BRDA:165,15,0,4
BRDA:165,15,1,0
BRDA:166,16,0,4
BRDA:166,16,1,0
BRDA:167,17,0,4
BRDA:167,17,1,0
BRDA:168,18,0,4
BRDA:168,18,1,0
BRDA:172,19,0,0
BRDA:172,19,1,6
BRDA:172,20,0,6
BRDA:172,20,1,0
BRDA:209,21,0,2
BRDA:209,22,0,12
BRDA:209,22,1,10
BRDA:218,23,0,2
BRDA:231,24,0,4
BRDA:231,24,1,4
BRDA:231,25,0,8
BRDA:231,25,1,4
BRDA:235,26,0,4
BRDA:235,26,1,0
BRDA:236,27,0,4
BRDA:236,27,1,0
BRDA:237,28,0,4
BRDA:237,28,1,0
BRDA:238,29,0,4
BRDA:238,29,1,0
BRDA:242,30,0,4
BRDA:242,30,1,0
BRDA:283,31,0,2
BRDA:283,32,0,14
BRDA:283,32,1,12
BRDA:293,33,0,4
BRDA:305,34,0,4
BRF:61
BRH:50
end_of_record
TN:
SF:app/api/aria/chat/route.ts
FN:15,(anonymous_6)
FN:19,POST
FN:23,(anonymous_8)
FNF:3
FNH:3
FNDA:2,(anonymous_6)
FNDA:36,POST
FNDA:36,(anonymous_8)
DA:2,6
DA:3,6
DA:4,6
DA:5,6
DA:6,6
DA:7,6
DA:8,6
DA:10,6
DA:12,6
DA:15,2
DA:19,20
DA:20,36
DA:22,36
DA:23,36
DA:24,36
DA:25,36
DA:26,2
DA:29,34
DA:30,34
DA:31,2
DA:34,32
DA:35,32
DA:37,32
DA:38,2
DA:41,30
DA:42,30
DA:45,30
DA:46,30
DA:47,30
DA:49,30
DA:50,4
DA:61,26
DA:62,8
DA:64,18
DA:66,26
DA:69,26
DA:72,26
DA:75,24
DA:81,2
DA:82,2
LF:40
LH:40
BRDA:22,0,0,36
BRDA:22,0,1,36
BRDA:25,1,0,2
BRDA:30,2,0,2
BRDA:30,3,0,34
BRDA:30,3,1,32
BRDA:30,3,2,32
BRDA:37,4,0,2
BRDA:49,5,0,4
BRDA:49,6,0,30
BRDA:49,6,1,22
BRDA:49,6,2,22
BRDA:49,7,0,22
BRDA:49,7,1,0
BRDA:61,8,0,8
BRDA:61,8,1,18
BRDA:61,9,0,26
BRDA:61,9,1,18
BRDA:64,10,0,18
BRDA:64,10,1,0
BRF:20
BRH:18
end_of_record
TN:
SF:app/api/bilan-gratuit/route.ts
FN:7,POST
FN:33,(anonymous_3)
FNF:2
FNH:2
FNDA:14,POST
FNDA:2,(anonymous_3)
DA:1,2
DA:2,2
DA:3,2
DA:4,2
DA:5,2
DA:7,14
DA:8,14
DA:9,14
DA:12,14
DA:15,8
DA:19,8
DA:20,2
DA:27,6
DA:30,6
DA:33,6
DA:35,2
DA:47,2
DA:54,2
DA:65,2
DA:79,2
DA:85,4
DA:92,8
DA:94,8
DA:95,6
DA:102,2
DA:103,0
DA:109,2
LF:27
LH:26
BRDA:19,0,0,2
BRDA:71,1,0,2
BRDA:71,1,1,0
BRDA:94,2,0,6
BRDA:94,3,0,8
BRDA:94,3,1,8
BRDA:102,4,0,0
BRDA:102,5,0,2
BRDA:102,5,1,2
BRF:9
BRH:7
end_of_record
TN:
SF:app/api/webhooks/konnect/route.ts
FN:5,safeEqual
FN:12,POST
FNF:2
FNH:2
FNDA:16,safeEqual
FNDA:22,POST
DA:1,10
DA:2,10
DA:3,10
DA:6,16
DA:7,16
DA:8,16
DA:9,12
DA:12,20
DA:13,22
DA:15,22
DA:18,20
DA:19,20
DA:21,20
DA:22,4
DA:25,16
DA:30,16
DA:31,4
DA:34,12
DA:37,12
DA:39,12
DA:40,0
DA:47,12
DA:62,12
DA:63,2
DA:69,10
DA:71,6
DA:84,6
DA:86,6
DA:88,4
DA:92,4
DA:94,4
DA:103,4
DA:116,4
DA:123,4
DA:124,2
DA:125,2
DA:127,2
DA:138,2
DA:145,6
DA:146,4
DA:148,2
DA:153,2
DA:156,2
DA:159,2
DA:161,2
LF:45
LH:44
BRDA:8,0,0,4
BRDA:18,1,0,20
BRDA:18,1,1,4
BRDA:21,2,0,4
BRDA:21,3,0,20
BRDA:21,3,1,18
BRDA:30,4,0,4
BRDA:39,5,0,0
BRDA:39,6,0,12
BRDA:39,6,1,12
BRDA:62,7,0,2
BRDA:69,8,0,6
BRDA:69,8,1,4
BRDA:76,9,0,6
BRDA:76,9,1,0
BRDA:77,10,0,6
BRDA:77,10,1,6
BRDA:86,11,0,4
BRDA:86,11,1,2
BRDA:92,12,0,4
BRDA:123,13,0,2
BRDA:123,14,0,4
BRDA:123,14,1,4
BRDA:138,15,0,2
BRDA:146,16,0,2
BRF:25
BRH:23
end_of_record
TN:
SF:lib/credits.ts
FN:11,calculateCreditCost
FN:26,checkCreditBalance
FN:38,(anonymous_10)
FN:44,debitCredits
FN:58,refundCredits
FN:72,allocateMonthlyCredits
FN:89,expireOldCredits
FN:111,canCancelBooking
FNF:8
FNH:8
FNDA:10,calculateCreditCost
FNDA:10,checkCreditBalance
FNDA:22,(anonymous_10)
FNDA:4,debitCredits
FNDA:4,refundCredits
FNDA:2,allocateMonthlyCredits
FNDA:4,expireOldCredits
FNDA:16,canCancelBooking
DA:4,6
DA:11,10
DA:12,10
DA:14,2
DA:16,2
DA:18,2
DA:20,4
DA:25,6
DA:26,10
DA:28,10
DA:38,22
DA:40,10
DA:44,4
DA:46,4
DA:58,4
DA:60,4
DA:72,2
DA:74,2
DA:75,2
DA:77,2
DA:89,4
DA:91,4
DA:98,4
DA:99,4
DA:111,16
DA:112,16
DA:113,16
DA:114,16
DA:115,16
DA:117,16
DA:119,8
DA:122,8
LF:32
LH:32
BRDA:12,0,0,2
BRDA:12,0,1,2
BRDA:12,0,2,2
BRDA:12,0,3,4
BRDA:117,1,0,8
BRDA:117,1,1,8
BRF:6
BRH:6
end_of_record
TN:
SF:lib/prisma.ts
FNF:0
FNH:0
DA:1,28
DA:3,28
DA:7,892
DA:9,28
LF:4
LH:4
BRDA:7,0,0,28
BRDA:7,0,1,27
BRDA:9,1,0,28
BRF:3
BRH:3
end_of_record
TN:
SF:lib/rate-limit.ts
FN:8,rateLimit
FN:9,(anonymous_2)
FNF:2
FNH:2
FNDA:32,rateLimit
FNDA:38,(anonymous_2)
DA:6,4
DA:8,32
DA:9,32
DA:10,38
DA:11,38
DA:12,38
DA:13,4
DA:14,4
DA:16,34
DA:17,2
DA:19,32
DA:20,32
LF:12
LH:12
BRDA:12,0,0,4
BRDA:12,1,0,38
BRDA:12,1,1,34
BRDA:16,2,0,2
BRF:4
BRH:4
end_of_record
TN:
SF:lib/validations.ts
FN:44,(anonymous_6)
FN:65,(anonymous_7)
FNF:2
FNH:2
FNDA:30,(anonymous_6)
FNDA:8,(anonymous_7)
DA:1,4
DA:4,4
DA:18,30
DA:44,30
DA:51,6
DA:57,8
DA:66,8
DA:67,8
DA:68,8
DA:69,8
DA:76,6
DA:83,4
LF:12
LH:12
BRF:0
BRH:0
end_of_record
TN:
SF:lib/aria/orchestrator.ts
FN:26,(anonymous_1)
FN:35,(anonymous_2)
FN:76,(anonymous_3)
FN:90,(anonymous_4)
FN:139,(anonymous_5)
FN:144,(anonymous_6)
FN:162,(anonymous_7)
FN:166,(anonymous_8)
FN:171,(anonymous_9)
FN:179,(anonymous_10)
FN:235,(anonymous_11)
FNF:11
FNH:10
FNDA:46,(anonymous_1)
FNDA:44,(anonymous_2)
FNDA:42,(anonymous_3)
FNDA:44,(anonymous_4)
FNDA:20,(anonymous_5)
FNDA:14,(anonymous_6)
FNDA:6,(anonymous_7)
FNDA:6,(anonymous_8)
FNDA:2,(anonymous_9)
FNDA:8,(anonymous_10)
FNDA:0,(anonymous_11)
DA:2,14
DA:4,14
DA:21,52
DA:24,46
DA:27,46
DA:28,46
DA:36,44
DA:44,44
DA:51,44
DA:52,44
DA:53,44
DA:54,44
DA:55,44
DA:56,44
DA:57,44
DA:58,44
DA:59,44
DA:60,44
DA:61,44
DA:62,44
DA:64,44
DA:77,42
DA:80,42
DA:81,42
DA:84,42
DA:92,44
DA:94,44
DA:95,2
DA:99,42
DA:102,42
DA:103,42
DA:107,42
DA:108,42
DA:122,42
DA:138,42
DA:139,42
DA:140,42
DA:141,42
DA:142,42
DA:144,14
DA:148,42
DA:150,42
DA:156,42
DA:159,42
DA:160,6
DA:162,6
DA:164,6
DA:166,6
DA:167,6
DA:168,6
DA:169,6
DA:171,6
DA:173,2
DA:176,2
DA:179,6
DA:180,8
DA:192,6
DA:194,6
DA:195,6
DA:196,4
DA:198,2
DA:200,2
DA:201,2
DA:202,0
DA:205,2
DA:206,2
DA:212,42
DA:213,42
DA:214,42
DA:215,42
DA:216,42
DA:217,42
DA:218,42
DA:219,42
DA:220,42
DA:221,8
DA:231,8
DA:240,42
DA:247,42
LF:79
LH:78
BRDA:80,0,0,0
BRDA:94,1,0,2
BRDA:94,2,0,44
BRDA:94,2,1,44
BRDA:102,3,0,42
BRDA:102,3,1,36
BRDA:103,4,0,6
BRDA:103,4,1,36
BRDA:108,5,0,42
BRDA:108,5,1,0
BRDA:112,6,0,42
BRDA:112,6,1,42
BRDA:113,7,0,42
BRDA:113,7,1,42
BRDA:114,8,0,42
BRDA:114,8,1,42
BRDA:115,9,0,26
BRDA:115,9,1,16
BRDA:138,10,0,42
BRDA:138,10,1,0
BRDA:139,11,0,20
BRDA:139,11,1,14
BRDA:139,11,2,14
BRDA:141,12,0,2
BRDA:141,12,1,40
BRDA:159,13,0,6
BRDA:159,14,0,42
BRDA:159,14,1,6
BRDA:164,15,0,6
BRDA:164,15,1,0
BRDA:168,16,0,0
BRDA:173,17,0,2
BRDA:173,17,1,0
BRDA:200,18,0,2
BRDA:200,18,1,0
BRDA:213,19,0,42
BRDA:213,19,1,0
BRDA:218,20,0,42
BRDA:218,20,1,0
BRDA:219,21,0,42
BRDA:219,21,1,0
BRDA:219,22,0,0
BRDA:219,22,1,0
BRDA:219,22,2,0
BRDA:219,22,3,0
BRDA:220,23,0,8
BRDA:226,24,0,8
BRDA:226,24,1,8
BRF:48
BRH:34
end_of_record
TN:
SF:lib/aria/services.ts
FN:11,postRequest
FN:45,(anonymous_5)
FN:71,(anonymous_6)
FN:83,(anonymous_7)
FNF:4
FNH:4
FNDA:18,postRequest
FNDA:6,(anonymous_5)
FNDA:6,(anonymous_6)
FNDA:6,(anonymous_7)
DA:7,12
DA:8,12
DA:9,12
DA:12,18
DA:13,18
DA:19,16
DA:20,2
DA:21,2
DA:22,2
DA:24,14
DA:26,4
DA:27,4
DA:44,12
DA:46,6
DA:70,12
DA:72,6
DA:82,12
DA:84,6
LF:18
LH:18
BRDA:7,0,0,12
BRDA:7,0,1,10
BRDA:8,1,0,12
BRDA:8,1,1,10
BRDA:9,2,0,12
BRDA:9,2,1,10
BRDA:19,3,0,2
BRF:7
BRH:7
end_of_record
TN:
SF:types/enums.ts
FN:5,(anonymous_8)
FN:13,(anonymous_9)
FN:20,(anonymous_10)
FN:26,(anonymous_11)
FN:39,(anonymous_12)
FN:46,(anonymous_13)
FN:52,(anonymous_14)
FNF:7
FNH:7
FNDA:2,(anonymous_8)
FNDA:2,(anonymous_9)
FNDA:2,(anonymous_10)
FNDA:2,(anonymous_11)
FNDA:2,(anonymous_12)
FNDA:2,(anonymous_13)
FNDA:2,(anonymous_14)
DA:5,2
DA:13,2
DA:20,2
DA:26,2
DA:39,2
DA:46,2
DA:52,2
LF:7
LH:7
BRDA:5,0,0,2
BRDA:5,0,1,2
BRDA:13,1,0,2
BRDA:13,1,1,2
BRDA:20,2,0,2
BRDA:20,2,1,2
BRDA:26,3,0,2
BRDA:26,3,1,2
BRDA:39,4,0,2
BRDA:39,4,1,2
BRDA:46,5,0,2
BRDA:46,5,1,2
BRDA:52,6,0,2
BRDA:52,6,1,2
BRF:14
BRH:14
end_of_record
