TN:
SF:app/api/admin/activities/route.ts
FN:8,GET
FN:72,(anonymous_4)
FN:88,(anonymous_5)
FN:102,(anonymous_6)
FN:116,(anonymous_7)
FN:131,(anonymous_8)
FN:139,(anonymous_9)
FN:143,(anonymous_10)
FNF:8
FNH:8
FNDA:42,GET
FNDA:94,(anonymous_4)
FNDA:6,(anonymous_5)
FNDA:10,(anonymous_6)
FNDA:10,(anonymous_7)
FNDA:110,(anonymous_8)
FNDA:64,(anonymous_9)
FNDA:20,(anonymous_10)
DA:1,8
DA:3,8
DA:4,8
DA:5,8
DA:6,8
DA:8,32
DA:9,42
DA:10,42
DA:12,42
DA:13,2
DA:19,40
DA:20,40
DA:21,40
DA:22,40
DA:23,40
DA:25,40
DA:33,40
DA:70,38
DA:72,94
DA:88,6
DA:102,10
DA:116,10
DA:131,38
DA:132,110
DA:136,38
DA:138,38
DA:139,64
DA:142,38
DA:143,16
DA:144,20
DA:153,38
DA:154,38
DA:156,38
DA:167,2
DA:168,2
LF:35
LH:35
BRDA:12,0,0,2
BRDA:12,1,0,42
BRDA:12,1,1,40
BRDA:20,2,0,40
BRDA:20,2,1,16
BRDA:21,3,0,40
BRDA:21,3,1,30
BRDA:22,4,0,40
BRDA:22,4,1,30
BRDA:23,5,0,40
BRDA:23,5,1,24
BRDA:76,6,0,94
BRDA:76,6,1,4
BRDA:76,7,0,94
BRDA:76,7,1,4
BRDA:76,8,0,94
BRDA:76,8,1,4
BRDA:79,9,0,94
BRDA:79,9,1,4
BRDA:79,10,0,94
BRDA:79,10,1,4
BRDA:80,11,0,94
BRDA:80,11,1,4
BRDA:82,12,0,12
BRDA:82,12,1,82
BRDA:83,13,0,78
BRDA:83,13,1,4
BRDA:84,14,0,2
BRDA:84,14,1,2
BRDA:106,15,0,10
BRDA:106,15,1,2
BRDA:106,16,0,10
BRDA:106,16,1,2
BRDA:109,17,0,10
BRDA:109,17,1,2
BRDA:109,18,0,10
BRDA:109,18,1,2
BRDA:120,19,0,10
BRDA:120,19,1,0
BRDA:120,20,0,10
BRDA:120,20,1,0
BRDA:123,21,0,10
BRDA:123,21,1,0
BRDA:123,22,0,10
BRDA:123,22,1,0
BRDA:138,23,0,22
BRDA:142,24,0,16
BRDA:144,25,0,20
BRDA:144,25,1,12
BRDA:144,25,2,6
BRDA:144,25,3,6
BRDA:144,25,4,6
BRF:52
BRH:48
end_of_record
TN:
SF:app/api/admin/analytics/route.ts
FN:8,GET
FN:134,(anonymous_4)
FN:141,(anonymous_5)
FN:148,(anonymous_6)
FN:155,(anonymous_7)
FN:162,(anonymous_8)
FN:170,(anonymous_9)
FN:186,(anonymous_10)
FN:187,(anonymous_11)
FN:188,(anonymous_12)
FN:189,(anonymous_13)
FNF:11
FNH:11
FNDA:14,GET
FNDA:4,(anonymous_4)
FNDA:4,(anonymous_5)
FNDA:4,(anonymous_6)
FNDA:4,(anonymous_7)
FNDA:4,(anonymous_8)
FNDA:8,(anonymous_9)
FNDA:4,(anonymous_10)
FNDA:4,(anonymous_11)
FNDA:4,(anonymous_12)
FNDA:4,(anonymous_13)
DA:1,6
DA:3,6
DA:4,6
DA:5,6
DA:6,6
DA:8,10
DA:9,14
DA:10,14
DA:12,14
DA:13,2
DA:19,12
DA:20,12
DA:21,12
DA:23,12
DA:26,12
DA:28,6
DA:29,6
DA:31,2
DA:32,2
DA:33,2
DA:35,2
DA:36,2
DA:38,2
DA:49,12
DA:134,10
DA:141,10
DA:148,10
DA:155,10
DA:162,10
DA:170,10
DA:186,10
DA:187,10
DA:188,10
DA:189,10
DA:191,10
DA:207,10
DA:210,2
DA:211,2
LF:38
LH:38
BRDA:12,0,0,2
BRDA:12,1,0,14
BRDA:12,1,1,12
BRDA:20,2,0,12
BRDA:20,2,1,2
BRDA:21,3,0,12
BRDA:21,3,1,2
BRDA:26,4,0,6
BRDA:26,4,1,2
BRDA:26,4,2,2
BRDA:26,4,3,2
BRDA:136,5,0,4
BRDA:136,5,1,2
BRDA:165,6,0,4
BRDA:165,6,1,0
BRDA:180,7,0,2
BRDA:180,7,1,6
BRDA:181,8,0,2
BRDA:181,8,1,4
BRDA:182,9,0,2
BRDA:182,9,1,2
BRF:21
BRH:20
end_of_record
TN:
SF:app/api/admin/dashboard/route.ts
FN:8,GET
FNF:1
FNH:1
FNDA:10,GET
DA:1,6
DA:3,6
DA:4,6
DA:5,6
DA:6,6
DA:8,10
DA:9,10
DA:10,10
DA:11,10
DA:12,2
DA:16,8
DA:25,6
DA:26,6
DA:27,6
DA:29,6
DA:33,6
DA:37,6
DA:38,6
DA:41,6
DA:47,6
DA:48,6
DA:49,6
DA:51,6
DA:55,6
DA:56,6
DA:59,6
DA:67,6
DA:88,2
DA:89,2
LF:29
LH:29
BRDA:11,0,0,2
BRDA:11,1,0,10
BRDA:11,1,1,8
BRDA:37,2,0,6
BRDA:37,2,1,2
BRDA:38,3,0,6
BRDA:38,3,1,2
BRDA:55,4,0,4
BRDA:55,4,1,2
BRDA:61,5,0,4
BRDA:61,5,1,2
BRDA:62,6,0,4
BRDA:62,6,1,2
BRDA:63,7,0,4
BRDA:63,7,1,2
BRF:15
BRH:15
end_of_record
TN:
SF:app/api/admin/users/route.ts
FN:40,GET
FN:92,(anonymous_7)
FN:121,POST
FN:213,PUT
FN:295,DELETE
FNF:5
FNH:5
FNDA:14,GET
FNDA:4,(anonymous_7)
FNDA:24,POST
FNDA:18,PUT
FNDA:14,DELETE
DA:1,24
DA:2,24
DA:3,24
DA:4,24
DA:5,24
DA:6,24
DA:8,24
DA:24,24
DA:40,14
DA:41,14
DA:42,14
DA:44,14
DA:45,4
DA:51,10
DA:52,10
DA:53,10
DA:54,10
DA:55,10
DA:57,10
DA:60,10
DA:62,10
DA:63,4
DA:66,10
DA:67,4
DA:75,10
DA:92,8
DA:102,8
DA:113,2
DA:114,2
DA:121,24
DA:122,24
DA:123,24
DA:125,24
DA:126,2
DA:133,22
DA:134,22
DA:135,2
DA:138,20
DA:139,2
DA:141,18
DA:142,18
DA:143,4
DA:145,14
DA:148,14
DA:152,14
DA:153,2
DA:160,12
DA:163,12
DA:191,10
DA:205,2
DA:206,2
DA:213,18
DA:214,18
DA:215,18
DA:217,18
DA:218,2
DA:225,16
DA:226,16
DA:227,2
DA:230,14
DA:231,4
DA:233,10
DA:234,10
DA:235,2
DA:237,8
DA:240,8
DA:273,6
DA:287,2
DA:288,2
DA:295,14
DA:296,14
DA:297,14
DA:299,14
DA:300,2
DA:306,12
DA:307,12
DA:309,12
DA:310,4
DA:317,8
DA:321,8
DA:322,4
DA:329,4
DA:333,2
DA:339,2
DA:340,2
LF:85
LH:85
BRDA:44,0,0,4
BRDA:44,1,0,14
BRDA:44,1,1,10
BRDA:53,2,0,10
BRDA:53,2,1,4
BRDA:54,3,0,10
BRDA:54,3,1,4
BRDA:55,4,0,10
BRDA:55,4,1,6
BRDA:62,5,0,4
BRDA:62,6,0,10
BRDA:62,6,1,6
BRDA:66,7,0,4
BRDA:99,8,0,4
BRDA:99,8,1,4
BRDA:99,8,2,2
BRDA:99,8,3,2
BRDA:125,9,0,2
BRDA:125,10,0,24
BRDA:125,10,1,22
BRDA:134,11,0,2
BRDA:134,12,0,22
BRDA:134,12,1,13
BRDA:142,13,0,4
BRDA:152,14,0,2
BRDA:170,15,0,6
BRDA:170,15,1,6
BRDA:170,16,0,12
BRDA:170,16,1,8
BRDA:173,17,0,6
BRDA:173,17,1,2
BRDA:174,18,0,6
BRDA:174,18,1,2
BRDA:175,19,0,6
BRDA:175,19,1,2
BRDA:176,20,0,6
BRDA:176,20,1,2
BRDA:180,21,0,2
BRDA:180,21,1,10
BRDA:180,22,0,12
BRDA:180,22,1,2
BRDA:217,23,0,2
BRDA:217,24,0,18
BRDA:217,24,1,16
BRDA:226,25,0,2
BRDA:226,26,0,16
BRDA:226,26,1,11
BRDA:234,27,0,2
BRDA:247,28,0,4
BRDA:247,28,1,4
BRDA:247,29,0,8
BRDA:247,29,1,4
BRDA:251,30,0,4
BRDA:251,30,1,0
BRDA:252,31,0,4
BRDA:252,31,1,0
BRDA:253,32,0,4
BRDA:253,32,1,0
BRDA:254,33,0,4
BRDA:254,33,1,0
BRDA:258,34,0,4
BRDA:258,34,1,0
BRDA:299,35,0,2
BRDA:299,36,0,14
BRDA:299,36,1,12
BRDA:309,37,0,4
BRDA:321,38,0,4
BRF:67
BRH:62
end_of_record
TN:
SF:app/api/aria/chat/route.ts
FN:15,(anonymous_6)
FN:19,POST
FN:23,(anonymous_8)
FN:89,(anonymous_9)
FNF:4
FNH:4
FNDA:2,(anonymous_6)
FNDA:46,POST
FNDA:46,(anonymous_8)
FNDA:2,(anonymous_9)
DA:2,16
DA:3,16
DA:4,16
DA:5,16
DA:6,16
DA:7,16
DA:8,16
DA:10,16
DA:12,16
DA:15,2
DA:19,30
DA:20,46
DA:22,46
DA:23,46
DA:24,46
DA:25,46
DA:26,4
DA:29,42
DA:30,42
DA:31,4
DA:36,38
DA:37,38
DA:39,0
DA:42,38
DA:44,38
DA:45,2
DA:48,36
DA:49,36
DA:52,36
DA:53,36
DA:54,36
DA:56,36
DA:57,6
DA:68,30
DA:69,10
DA:71,20
DA:73,30
DA:76,30
DA:79,30
DA:82,28
DA:88,2
DA:89,2
DA:90,2
DA:92,0
DA:94,2
LF:45
LH:43
BRDA:22,0,0,46
BRDA:22,0,1,44
BRDA:25,1,0,4
BRDA:30,2,0,4
BRDA:30,3,0,42
BRDA:30,3,1,40
BRDA:30,3,2,38
BRDA:44,4,0,2
BRDA:56,5,0,6
BRDA:56,6,0,36
BRDA:56,6,1,28
BRDA:56,6,2,26
BRDA:56,7,0,26
BRDA:56,7,1,0
BRDA:68,8,0,10
BRDA:68,8,1,20
BRDA:68,9,0,30
BRDA:68,9,1,22
BRDA:71,10,0,20
BRDA:71,10,1,0
BRF:20
BRH:18
end_of_record
TN:
SF:app/api/bilan-gratuit/route.ts
FN:7,POST
FN:39,(anonymous_3)
FNF:2
FNH:2
FNDA:18,POST
FNDA:4,(anonymous_3)
DA:1,2
DA:2,2
DA:3,2
DA:4,2
DA:5,2
DA:7,18
DA:8,18
DA:11,18
DA:12,18
DA:14,0
DA:18,18
DA:21,12
DA:25,12
DA:26,2
DA:33,10
DA:36,10
DA:39,10
DA:41,4
DA:53,4
DA:60,4
DA:71,4
DA:85,4
DA:91,6
DA:98,10
DA:100,10
DA:101,6
DA:108,4
DA:109,2
DA:115,2
LF:29
LH:28
BRDA:25,0,0,2
BRDA:77,1,0,2
BRDA:77,1,1,2
BRDA:100,2,0,6
BRDA:100,3,0,10
BRDA:100,3,1,10
BRDA:108,4,0,2
BRDA:108,5,0,4
BRDA:108,5,1,4
BRF:9
BRH:9
end_of_record
TN:
SF:app/api/webhooks/konnect/route.ts
FN:5,safeEqual
FN:12,POST
FN:177,(anonymous_7)
FNF:3
FNH:3
FNDA:22,safeEqual
FNDA:28,POST
FNDA:2,(anonymous_7)
DA:1,16
DA:2,16
DA:3,16
DA:6,22
DA:7,22
DA:8,22
DA:9,16
DA:12,26
DA:13,28
DA:15,28
DA:18,26
DA:19,26
DA:21,26
DA:22,4
DA:25,22
DA:30,22
DA:31,6
DA:34,16
DA:37,16
DA:39,16
DA:40,2
DA:47,14
DA:62,14
DA:63,2
DA:69,12
DA:71,8
DA:84,8
DA:86,8
DA:88,6
DA:92,6
DA:93,6
DA:95,6
DA:104,6
DA:117,6
DA:118,2
DA:133,6
DA:140,6
DA:141,2
DA:142,2
DA:144,2
DA:155,2
DA:162,8
DA:163,4
DA:165,2
DA:170,2
DA:173,2
DA:176,2
DA:177,2
DA:178,2
DA:180,0
DA:183,2
LF:51
LH:50
BRDA:8,0,0,6
BRDA:18,1,0,26
BRDA:18,1,1,4
BRDA:21,2,0,4
BRDA:21,3,0,26
BRDA:21,3,1,24
BRDA:30,4,0,6
BRDA:39,5,0,2
BRDA:39,6,0,16
BRDA:39,6,1,14
BRDA:62,7,0,2
BRDA:69,8,0,8
BRDA:69,8,1,4
BRDA:76,9,0,8
BRDA:76,9,1,0
BRDA:77,10,0,8
BRDA:77,10,1,8
BRDA:86,11,0,6
BRDA:86,11,1,2
BRDA:92,12,0,6
BRDA:93,13,0,6
BRDA:93,13,1,0
BRDA:117,14,0,2
BRDA:121,15,0,2
BRDA:121,15,1,0
BRDA:122,16,0,2
BRDA:122,16,1,0
BRDA:140,17,0,2
BRDA:140,18,0,6
BRDA:140,18,1,4
BRDA:155,19,0,2
BRDA:163,20,0,2
BRF:32
BRH:28
end_of_record
TN:
SF:lib/credits.ts
FN:11,calculateCreditCost
FN:26,checkCreditBalance
FN:38,(anonymous_10)
FN:44,debitCredits
FN:58,refundCredits
FN:72,allocateMonthlyCredits
FN:89,expireOldCredits
FN:111,canCancelBooking
FNF:8
FNH:8
FNDA:10,calculateCreditCost
FNDA:10,checkCreditBalance
FNDA:22,(anonymous_10)
FNDA:4,debitCredits
FNDA:4,refundCredits
FNDA:2,allocateMonthlyCredits
FNDA:4,expireOldCredits
FNDA:16,canCancelBooking
DA:4,6
DA:11,10
DA:12,10
DA:14,2
DA:16,2
DA:18,2
DA:20,4
DA:25,6
DA:26,10
DA:28,10
DA:38,22
DA:40,10
DA:44,4
DA:46,4
DA:58,4
DA:60,4
DA:72,2
DA:74,2
DA:75,2
DA:77,2
DA:89,4
DA:91,4
DA:98,4
DA:99,4
DA:111,16
DA:112,16
DA:113,16
DA:114,16
DA:115,16
DA:117,16
DA:119,8
DA:122,8
LF:32
LH:32
BRDA:12,0,0,2
BRDA:12,0,1,2
BRDA:12,0,2,2
BRDA:12,0,3,4
BRDA:117,1,0,8
BRDA:117,1,1,8
BRF:6
BRH:6
end_of_record
TN:
SF:lib/logger.ts
FN:7,(anonymous_1)
FN:14,(anonymous_2)
FN:21,(anonymous_3)
FNF:3
FNH:3
FNDA:6,(anonymous_1)
FNDA:6,(anonymous_2)
FNDA:10,(anonymous_3)
DA:8,6
DA:9,2
DA:11,4
DA:15,6
DA:16,2
DA:18,4
DA:22,10
DA:23,2
DA:25,8
DA:30,22
LF:10
LH:10
BRDA:8,0,0,2
BRDA:8,0,1,4
BRDA:11,1,0,4
BRDA:11,1,1,2
BRDA:15,2,0,2
BRDA:15,2,1,4
BRDA:18,3,0,4
BRDA:18,3,1,2
BRDA:22,4,0,2
BRDA:22,4,1,8
BRDA:25,5,0,8
BRDA:25,5,1,2
BRF:12
BRH:12
end_of_record
TN:
SF:lib/prisma.ts
FNF:0
FNH:0
DA:1,40
DA:3,40
DA:7,1085
DA:9,40
LF:4
LH:4
BRDA:7,0,0,40
BRDA:7,0,1,35
BRDA:9,1,0,40
BRF:3
BRH:3
end_of_record
TN:
SF:lib/rate-limit.ts
FN:8,rateLimit
FN:9,(anonymous_2)
FNF:2
FNH:2
FNDA:32,rateLimit
FNDA:38,(anonymous_2)
DA:6,4
DA:8,32
DA:9,32
DA:10,38
DA:11,38
DA:12,38
DA:13,4
DA:14,4
DA:16,34
DA:17,2
DA:19,32
DA:20,32
LF:12
LH:12
BRDA:12,0,0,4
BRDA:12,1,0,38
BRDA:12,1,1,34
BRDA:16,2,0,2
BRF:4
BRH:4
end_of_record
TN:
SF:lib/validations.ts
FN:44,(anonymous_6)
FN:65,(anonymous_7)
FNF:2
FNH:2
FNDA:34,(anonymous_6)
FNDA:8,(anonymous_7)
DA:1,4
DA:4,4
DA:18,34
DA:44,34
DA:51,6
DA:57,8
DA:66,8
DA:67,8
DA:68,8
DA:69,8
DA:76,6
DA:83,4
LF:12
LH:12
BRF:0
BRH:0
end_of_record
TN:
SF:lib/aria/orchestrator.ts
FN:26,(anonymous_1)
FN:35,(anonymous_2)
FN:76,(anonymous_3)
FN:90,(anonymous_4)
FN:139,(anonymous_5)
FN:144,(anonymous_6)
FN:162,(anonymous_7)
FN:166,(anonymous_8)
FN:171,(anonymous_9)
FN:179,(anonymous_10)
FN:236,(anonymous_11)
FN:242,(anonymous_12)
FNF:12
FNH:11
FNDA:68,(anonymous_1)
FNDA:66,(anonymous_2)
FNDA:64,(anonymous_3)
FNDA:66,(anonymous_4)
FNDA:34,(anonymous_5)
FNDA:18,(anonymous_6)
FNDA:14,(anonymous_7)
FNDA:14,(anonymous_8)
FNDA:6,(anonymous_9)
FNDA:20,(anonymous_10)
FNDA:2,(anonymous_11)
FNDA:0,(anonymous_12)
DA:2,24
DA:4,24
DA:21,74
DA:24,68
DA:27,68
DA:28,68
DA:36,66
DA:44,66
DA:51,66
DA:52,66
DA:53,66
DA:54,66
DA:55,66
DA:56,66
DA:57,66
DA:58,66
DA:59,66
DA:60,66
DA:61,66
DA:62,66
DA:64,66
DA:77,64
DA:80,64
DA:81,52
DA:84,52
DA:92,66
DA:94,66
DA:95,2
DA:99,64
DA:102,64
DA:103,64
DA:107,64
DA:108,64
DA:122,64
DA:138,64
DA:139,64
DA:140,64
DA:141,64
DA:142,64
DA:144,18
DA:148,64
DA:150,64
DA:156,64
DA:159,64
DA:160,14
DA:162,14
DA:164,14
DA:166,14
DA:167,14
DA:168,14
DA:169,12
DA:171,14
DA:173,6
DA:176,6
DA:179,14
DA:180,20
DA:192,14
DA:194,14
DA:195,14
DA:196,8
DA:198,6
DA:200,6
DA:201,6
DA:202,4
DA:205,2
DA:206,2
DA:212,64
DA:213,64
DA:214,64
DA:215,64
DA:216,64
DA:217,64
DA:218,64
DA:219,64
DA:220,64
DA:221,16
DA:231,16
DA:232,16
DA:233,16
DA:234,8
DA:237,8
DA:238,8
DA:249,64
DA:256,64
LF:84
LH:84
BRDA:80,0,0,12
BRDA:94,1,0,2
BRDA:94,2,0,66
BRDA:94,2,1,66
BRDA:102,3,0,64
BRDA:102,3,1,48
BRDA:103,4,0,16
BRDA:103,4,1,48
BRDA:108,5,0,64
BRDA:108,5,1,0
BRDA:112,6,0,64
BRDA:112,6,1,64
BRDA:113,7,0,64
BRDA:113,7,1,64
BRDA:114,8,0,64
BRDA:114,8,1,64
BRDA:115,9,0,32
BRDA:115,9,1,32
BRDA:138,10,0,64
BRDA:138,10,1,0
BRDA:139,11,0,34
BRDA:139,11,1,26
BRDA:139,11,2,20
BRDA:141,12,0,4
BRDA:141,12,1,60
BRDA:159,13,0,14
BRDA:159,14,0,64
BRDA:159,14,1,16
BRDA:164,15,0,14
BRDA:164,15,1,0
BRDA:168,16,0,2
BRDA:173,17,0,6
BRDA:173,17,1,0
BRDA:200,18,0,6
BRDA:200,18,1,0
BRDA:213,19,0,64
BRDA:213,19,1,0
BRDA:218,20,0,64
BRDA:218,20,1,0
BRDA:219,21,0,64
BRDA:219,21,1,0
BRDA:219,22,0,0
BRDA:219,22,1,0
BRDA:219,22,2,0
BRDA:219,22,3,0
BRDA:220,23,0,16
BRDA:226,24,0,16
BRDA:226,24,1,16
BRDA:231,25,0,16
BRDA:231,25,1,0
BRDA:233,26,0,8
BRDA:233,26,1,8
BRDA:237,27,0,8
BRF:53
BRH:40
end_of_record
TN:
SF:lib/aria/services.ts
FN:11,postRequest
FN:21,(anonymous_5)
FN:69,(anonymous_6)
FN:95,(anonymous_7)
FN:107,(anonymous_8)
FNF:5
FNH:4
FNDA:34,postRequest
FNDA:0,(anonymous_5)
FNDA:8,(anonymous_6)
FNDA:6,(anonymous_7)
FNDA:20,(anonymous_8)
DA:7,28
DA:8,28
DA:9,28
DA:12,34
DA:13,34
DA:19,27
DA:20,4
DA:21,0
DA:23,4
DA:24,4
DA:28,23
DA:29,17
DA:30,17
DA:34,6
DA:35,4
DA:36,4
DA:37,4
DA:38,2
DA:39,2
DA:41,2
DA:42,2
DA:48,2
DA:50,8
DA:51,8
DA:68,58
DA:70,8
DA:94,36
DA:96,6
DA:106,28
DA:108,20
LF:30
LH:29
BRDA:7,0,0,28
BRDA:7,0,1,2
BRDA:8,1,0,28
BRDA:8,1,1,2
BRDA:9,2,0,28
BRDA:9,2,1,2
BRDA:19,3,0,4
BRDA:20,4,0,2
BRDA:20,4,1,2
BRDA:28,5,0,17
BRDA:34,6,0,4
BRDA:37,7,0,2
BRF:12
BRH:12
end_of_record
TN:
SF:types/enums.ts
FN:5,(anonymous_8)
FN:13,(anonymous_9)
FN:20,(anonymous_10)
FN:26,(anonymous_11)
FN:39,(anonymous_12)
FN:46,(anonymous_13)
FN:52,(anonymous_14)
FNF:7
FNH:7
FNDA:2,(anonymous_8)
FNDA:2,(anonymous_9)
FNDA:2,(anonymous_10)
FNDA:2,(anonymous_11)
FNDA:2,(anonymous_12)
FNDA:2,(anonymous_13)
FNDA:2,(anonymous_14)
DA:5,2
DA:13,2
DA:20,2
DA:26,2
DA:39,2
DA:46,2
DA:52,2
LF:7
LH:7
BRDA:5,0,0,2
BRDA:5,0,1,2
BRDA:13,1,0,2
BRDA:13,1,1,2
BRDA:20,2,0,2
BRDA:20,2,1,2
BRDA:26,3,0,2
BRDA:26,3,1,2
BRDA:39,4,0,2
BRDA:39,4,1,2
BRDA:46,5,0,2
BRDA:46,5,1,2
BRDA:52,6,0,2
BRDA:52,6,1,2
BRF:14
BRH:14
end_of_record
